C251 COMPILER V5.60.0,  AI8051U_PWM                                                        31/10/25  08:14:11  PAGE 1   


C251 COMPILER V5.60.0, COMPILATION OF MODULE AI8051U_PWM
OBJECT MODULE PLACED IN .\Objects\AI8051U_PWM.obj
COMPILER INVOKED BY: D:\Keil_v5\C251\BIN\C251.EXE ..\LIB\AI8051U_PWM.c INTR2 BROWSE INCDIR(..\LIB) DEBUG PRINT(.\Listing
                    -s\AI8051U_PWM.lst) OBJECT(.\Objects\AI8051U_PWM.obj) 

stmt  level    source

    1          /*---------------------------------------------------------------------*/
    2          /* --- Web: www.STCAI.com ---------------------------------------------*/
    3          /*---------------------------------------------------------------------*/
    4          
    5          #include "AI8051U_PWM.h"
    6          #include "stdlib.h"
    7          
    8          u8 PWM_Pin_Configuration(u8 PWMx, PWMx_InitDefine *PWMx_InitStructure)
    9          {
   10   1              int Px_ = atoi(PWMx_InitStructure->PWM_IO_Pin_Select + 1);      //取引脚端口号
   11   1              int P_x = atoi(PWMx_InitStructure->PWM_IO_Pin_Select + 3);      //取引脚位号
   12   1              /*根据引脚处理对应的寄存器*/
   13   1              if(PWMx <= 4 && Px_ <= 2)
   14   1              {
   15   2                      if(P_x == 0 || P_x == 1)
   16   2                      {
   17   3                              if(Px_ == 1)
   18   3                              {
   19   4                                      PWMA_PS &= ~0x03;       //00
   20   4                              }
   21   3                              else if(Px_ == 0)
   22   3                              {
   23   4                                      PWMA_PS &= ~0x02;       //01
   24   4                                      PWMA_PS |= 0x01;
   25   4                              }
   26   3                              else if(Px_ == 2)
   27   3                              {
   28   4                                      PWMA_PS |= 0x02;        //10
   29   4                                      PWMA_PS &= ~0x01;
   30   4                              }
   31   3                      }
   32   2                      else if(P_x == 2 || P_x == 3)
   33   2                      {
   34   3                              if(Px_ == 1)
   35   3                              {
   36   4                                      PWMA_PS &= ~0x0C;       //00
   37   4                              }
   38   3                              else if(Px_ == 0)
   39   3                              {
   40   4                                      PWMA_PS &= ~0x08;       //01
   41   4                                      PWMA_PS |= 0x04;
   42   4                              }
   43   3                              else if(Px_ == 2)
   44   3                              {
   45   4                                      PWMA_PS |= 0x08;        //10
   46   4                                      PWMA_PS &= ~0x04;
   47   4                              }
   48   3                      }
   49   2                      else if(P_x == 4 || P_x == 5)
   50   2                      {
   51   3                              if(Px_ == 1)
   52   3                              {
   53   4                                      PWMA_PS &= ~0x30;       //00
   54   4                              }
   55   3                              else if(Px_ == 0)
   56   3                              {
   57   4                                      PWMA_PS &= ~0x20;       //01
   58   4                                      PWMA_PS |= 0x10;
C251 COMPILER V5.60.0,  AI8051U_PWM                                                        31/10/25  08:14:11  PAGE 2   

   59   4                              }
   60   3                              else if(Px_ == 2)
   61   3                              {
   62   4                                      PWMA_PS |= 0x20;        //10
   63   4                                      PWMA_PS &= ~0x10;
   64   4                              }
   65   3                              
   66   3                      }
   67   2                      else if(P_x == 6 || P_x == 7)
   68   2                      {
   69   3                              if(Px_ == 1)
   70   3                              {
   71   4                                      PWMA_PS &= ~0xC0;       //00
   72   4                              }
   73   3                              else if(Px_ == 0)
   74   3                              {
   75   4                                      PWMA_PS &= ~0x80;       //01
   76   4                                      PWMA_PS |= 0x40;
   77   4                              }
   78   3                              else if(Px_ == 2)
   79   3                              {
   80   4                                      PWMA_PS |= 0x80;        //10
   81   4                                      PWMA_PS &= ~0x40;
   82   4                              }       
   83   3                      }
   84   2              }
   85   1              else if(PWMx >= 5 && PWMx <= 8)
   86   1              {
   87   2                      /* PWMA_5、 PWMA_6 */
   88   2                      if(Px_ == 3 && P_x == 3)        //P3.3
   89   2                      {
   90   3                              PWMA_PS2 &= ~0x03;      //00
   91   3                      }
   92   2                      else if(Px_ == 4 && P_x == 4)   //P4.4
   93   2                      {
   94   3                              PWMA_PS2 &= ~0x01;
   95   3                              PWMA_PS2 |= 0x02;       //01
   96   3                      }
   97   2                      else if(Px_ == 5 && P_x == 6)   //P5.6
   98   2                      {
   99   3                              PWMA_PS2 |= 0x02;
  100   3                              PWMA_PS2 &= ~0x01;      //10
  101   3                      }
  102   2                      else if(Px_ == 3 && P_x == 4)   //P3.4
  103   2                      {
  104   3                              PWMA_PS2 &= ~0x0C;      //00
  105   3                      }
  106   2                      else if(Px_ == 4 && P_x == 7)   //P4.7
  107   2                      {
  108   3                              PWMA_PS2 &= ~0x08;
  109   3                              PWMA_PS2 |= 0x04;       //01
  110   3                      }
  111   2                      else if(Px_ == 5 && P_x == 7)   //P5.7
  112   2                      {
  113   3                              PWMA_PS2 |= 0x08;
  114   3                              PWMA_PS2 &= ~0x04;      //10
  115   3                      }
  116   2                      
  117   2                      /* PWMB */
  118   2                      //PWM5
  119   2                      else if(Px_ == 0 && P_x == 1)   //P0.1
  120   2                      {
  121   3                              PWMB_PS &= ~0x03;       //00
  122   3                      }
  123   2                      else if(Px_ == 1 && P_x == 1)   //P1.1
  124   2                      {
C251 COMPILER V5.60.0,  AI8051U_PWM                                                        31/10/25  08:14:11  PAGE 3   

  125   3                              PWMB_PS &= ~0x01;
  126   3                              PWMB_PS |= 0x02;        //01
  127   3                      }
  128   2                      else if(Px_ == 2 && P_x == 1)   //P2.1
  129   2                      {
  130   3                              PWMB_PS &= ~0x01;
  131   3                              PWMB_PS |= 0x02;        //10
  132   3                      }
  133   2                      else if(Px_ == 5 && P_x == 0)   //P5.0
  134   2                      {
  135   3                              PWMB_PS |= 0x03;        //11
  136   3                      }
  137   2                      //PWM6
  138   2                      else if(Px_ == 0 && P_x == 5)   //P0.5
  139   2                      {
  140   3                              PWMB_PS &= ~0x0C;       //00
  141   3                      }
  142   2                      else if(Px_ == 1 && P_x == 5)   //P1.5
  143   2                      {
  144   3                              PWMB_PS &= ~0x08;
  145   3                              PWMB_PS |= 0x04;        //01
  146   3                      }
  147   2                      else if(Px_ == 2 && P_x == 5)   //P2.5
  148   2                      {
  149   3                              PWMB_PS &= ~0x04;
  150   3                              PWMB_PS |= 0x08;        //10
  151   3                      }
  152   2                      else if(Px_ == 5 && P_x == 2)   //P5.2
  153   2                      {
  154   3                              PWMB_PS |= 0x0C;        //11
  155   3                      }
  156   2                      
  157   2                      //PWM7
  158   2                      else if(Px_ == 0 && P_x == 1)   //P0.1
  159   2                      {
  160   3                              PWMB_PS &= ~0x30;       //00
  161   3                      }
  162   2                      else if(Px_ == 1 && P_x == 1)   //P1.1
  163   2                      {
  164   3                              PWMB_PS &= ~0x20;
  165   3                              PWMB_PS |= 0x10;        //01
  166   3                      }
  167   2                      else if(Px_ == 2 && P_x == 1)   //P2.1
  168   2                      {
  169   3                              PWMB_PS &= ~0x10;
  170   3                              PWMB_PS |= 0x20;        //10
  171   3                      }
  172   2                      else if(Px_ == 5 && P_x == 0)   //P5.0
  173   2                      {
  174   3                              PWMB_PS |= 0x30;        //11
  175   3                      }
  176   2                      //PWM8
  177   2                      else if(Px_ == 0 && P_x == 7)   //P0.7
  178   2                      {
  179   3                              PWMB_PS &= ~0xC0;       //00
  180   3                      }
  181   2                      else if(Px_ == 1 && P_x == 7)   //P1.7
  182   2                      {
  183   3                              PWMB_PS &= ~0x80;
  184   3                              PWMB_PS |= 0x40;        //01
  185   3                      }
  186   2                      else if(Px_ == 2 && P_x == 7)   //P2.7
  187   2                      {
  188   3                              PWMB_PS &= ~0x40;
  189   3                              PWMB_PS |= 0x80;        //10
  190   3                      }
C251 COMPILER V5.60.0,  AI8051U_PWM                                                        31/10/25  08:14:11  PAGE 4   

  191   2                      else if(Px_ == 5 && P_x == 3)   //P5.3
  192   2                      {
  193   3                              PWMB_PS |= 0xC0;        //11
  194   3                      }
  195   2              }
  196   1              else
  197   1                      return FAIL;
  198   1              return SUCCESS;
  199   1      }
  200          
  201          u8 PWM_Configuration_2(u8 PWMx, PWMx_InitDefine *PWMx_InitStructure)
  202          {
  203   1              if(PWMx == PWM1)
  204   1              {
  205   2                      PWMA_CC1E_Disable();            //先关闭主通道的 输入捕获/比较输出
  206   2                      PWMA_CC1NE_Disable();           //先关闭互补通道的 比较输出
  207   2                      /* CCnS仅在通道关闭时才是可写的 */
  208   2                      
  209   2                      //1.如果PWM通道选择为输出通道模式
  210   2                      if(PWMx_InitStructure->PWM_Output_Channel_Select != 0x00)
  211   2                      {
  212   3                              PWMA_CC1S_Direction(PWMx_InitStructure->PWM_IO_Channel_Select); //设置 输出/ (输入)捕获方向
  213   3                              PWMA_OC1ModeSet(PWMx_InitStructure->PWM_OC_Mode);                               //设置比较/捕获模式
  214   3                              
  215   3                              /*1.1 主通道*/
  216   3                              if(PWMx_InitStructure->PWM_Output_Channel_Select & ENO1P)
  217   3                              {
  218   4                                      PWMA_CC1E_Enable();             //开启输入捕获/比较输出
  219   4                                      PWMA_ENO |= ENO1P;              //使能对应的PWM输出通道
  220   4                              }
  221   3                              else
  222   3                              {
  223   4                                      PWMA_CC1E_Disable();    //关闭输入捕获/比较输出
  224   4                                      PWMA_ENO &= ~ENO1P;             //失能对应的PWM输出通道
  225   4                              }
  226   3                              /*互补通道*/
  227   3                              if(PWMx_InitStructure->PWM_Output_Channel_Select & ENO1N)
  228   3                              {
  229   4                                      PWMA_CC1NE_Enable();            //开启输入捕获/比较输出
  230   4                                      PWMA_ENO |= ENO1N;
  231   4                              }
  232   3                              else
  233   3                              {
  234   4                                      PWMA_CC1NE_Disable();           //关闭输入捕获/比较输出
  235   4                                      PWMA_ENO &= ~ENO1N;
  236   4                              }
  237   3                              
  238   3                              /*1.2 根据结构体中PWM_Pin_Select选择的脚位自动配置寄存器 */
  239   3                              if(PWM_Pin_Configuration(PWMx, PWMx_InitStructure) == FALSE)
  240   3                              {
  241   4                                      printf("PWM_Pin_Configuration failed!\n");
  242   4                                      return FAIL;
  243   4                              }
  244   3                              /*1.3 设置输出比较*/
  245   3                              PWMA_OC1ModeSet(PWMx_InitStructure->PWM_OC_Mode);                               //输出比较模式
  246   3                              PWMA_OC1_ReloadEnable(PWMx_InitStructure->PWM_OC_PreLoad_EN);   //输出比较预装载使能位
  247   3                              
  248   3                              /*1.4 设置占空比初始值*/
  249   3                              PWMA_Duty1(PWMx_InitStructure->PWM_Duty);
  250   3                              
  251   3                              /*1.5 其他*/
  252   3                              PWMA_CCMR1 = (PWMA_CCMR1 & 0x80) | PWMx_InitStructure->PWM_EXTI_Clear_OC_Ref_EN;
  253   3                              PWMA_CCMR1 = (PWMA_CCMR1 & 0x04) | PWMx_InitStructure->PWM_Fast_EN;
  254   3                              return SUCCESS;
  255   3                      }
  256   2                      //2.如果PWM通道选择为输入捕获模式
C251 COMPILER V5.60.0,  AI8051U_PWM                                                        31/10/25  08:14:11  PAGE 5   

  257   2                      else if(PWMx_InitStructure->PWM_Output_Channel_Select == 0x00)
  258   2                      {
  259   3                              PWMA_CC1S_Direction(PWMx_InitStructure->PWM_IO_Channel_Select);
  260   3                              PWMA_CC1E_Enable();             //使能输入捕获
  261   3                              if(PWMx_InitStructure->PWM_Capture_Edge_or_Valid_Level == 0)
  262   3                                      PWMA_CC1P_CaptureRise();        //捕获上升沿
  263   3                              else
  264   3                                      PWMA_CC1P_CaptureFall();        //捕获下降沿
  265   3                              
  266   3                              PWMA_CC1E_Enable();             //开启输入捕获/比较输出
  267   3                              return SUCCESS;
  268   3                      }
  269   2                      else
  270   2                              return FAIL;
  271   2              }
  272   1              
  273   1              else if(PWMx == PWMA)
  274   1              {
  275   2                      //1.控制寄存器 PMWx_CR1
  276   2                      PWMA_CR1 = (PWMA_CR1 & ~0x80) | PWMx_InitStructure->PWM_ARR_PreLoad_EN; //设置ARR预装载使能位
  277   2                      PWMA_CR1 = (PWMA_CR1 & ~0x60) | PWMx_InitStructure->PWM_Align;                  //设置PWM对齐模式
  278   2                      PWMA_CR1 = (PWMA_CR1 & ~0x10) | PWMx_InitStructure->PWM_Couter_Dir;             //设置PWM计数器计数方向
  279   2                      PWMA_CR1 = (PWMA_CR1 & ~0x08) | PWMx_InitStructure->PWM_Single_Pulse_Mode;//设置单脉冲使能位
  280   2                      PWMA_CR1 = (PWMA_CR1 & ~0x04) | PWMx_InitStructure->PWM_Update_Source;  //设置更新请求源
  281   2                      PWMA_CR1 = (PWMA_CR1 & ~0x02) | PWMx_InitStructure->PWM_Update_Dis;             //设置更新禁止使能位
  282   2                      PWMA_CR1 = (PWMA_CR1 & ~0x01) | PWMx_InitStructure->PWM_Couter_EN;              //设置计数器使能位
  283   2                      
  284   2                      PWMA_CCPCAPreloaded(PWMx_InitStructure->PWM_CCP_PreLoad_EN);    //捕获/比较预装载控制位(该位只对具有互补输
             -出的通道起作用)
  285   2                      PWMA_BrakeEnable(PWMx_InitStructure->PWM_BrakeEnable);                  //开启/禁止刹车输入
  286   2                      PWMA_DeadTime(PWMx_InitStructure->PWM_DeadTime);                                //死区发生器设置
  287   2                      PWMA_AutoReload(PWMx_InitStructure->PWM_Arr);                                   //周期设置
  288   2                      PWMA_BrakeOutputEnable(PWMx_InitStructure->PWM_MainOutEnable);  //主输出使能
  289   2                      return  SUCCESS;
  290   2              }
  291   1      }
  292          
  293          
  294          //========================================================================
  295          // 函数: PWM_Configuration
  296          // 描述: PWM初始化程序.
  297          // 参数: PWMx: 结构参数,请参考PWM.h里的定义.
  298          // 返回: 成功返回 SUCCESS, 错误返回 FAIL.
  299          // 版本: V1.0, 2012-10-22
  300          //========================================================================
  301          u8 PWM_Configuration(u8 PWM, PWMx_InitDefine *PWMx)
  302          {
  303   1              if(PWM == PWM1)
  304   1              {
  305   2                      PWMA_CC1E_Disable();            //先关闭主通道的 输入捕获/比较输出
  306   2                      PWMA_CC1NE_Disable();           //先关闭互补通道的 比较输出
  307   2                      PWMA_CC1S_Direction(CCAS_OUTPUT);               //CCnS仅在通道关闭时才是可写的
  308   2                      PWMA_OC1ModeSet(PWMx->PWM_OC_Mode);             //设置输出比较模式
  309   2      
  310   2                      if(PWMx->PWM_Output_Channel_Select & ENO1P)
  311   2                      {
  312   3                              PWMA_CC1E_Enable();                     //开启主通道 输入捕获/比较输出
  313   3                              PWMA_ENO |= ENO1P;
  314   3                      }
  315   2                      else
  316   2                      {
  317   3                              PWMA_CC1E_Disable();            //关闭主通道 输入捕获/比较输出
  318   3                              PWMA_ENO &= ~ENO1P;
  319   3                      }
  320   2                      if(PWMx->PWM_Output_Channel_Select & ENO1N)
  321   2                      {
C251 COMPILER V5.60.0,  AI8051U_PWM                                                        31/10/25  08:14:11  PAGE 6   

  322   3                              PWMA_CC1NE_Enable();            //开启互补通道的 比较输出
  323   3                              PWMA_ENO |= ENO1N;
  324   3                      }
  325   2                      else
  326   2                      {
  327   3                              PWMA_CC1NE_Disable();           //关闭互补通道的 比较输出
  328   3                              PWMA_ENO &= ~ENO1N;
  329   3                      }
  330   2                      
  331   2                      PWMA_Duty1(PWMx->PWM_Duty);             //设定通道占空比
  332   2                      return  SUCCESS;
  333   2              }
  334   1              
  335   1              if(PWM == PWM2)
  336   1              {
  337   2                      PWMA_CC2E_Disable();            //关闭输入捕获/比较输出
  338   2                      PWMA_CC2NE_Disable();           //关闭比较输出
  339   2                      PWMA_CC2S_Direction(CCAS_OUTPUT);               //CCnS仅在通道关闭时才是可写的
  340   2                      PWMA_OC2ModeSet(PWMx->PWM_OC_Mode);             //设置输出比较模式
  341   2      
  342   2                      if(PWMx->PWM_Output_Channel_Select & ENO2P)
  343   2                      {
  344   3                              PWMA_CC2E_Enable();                     //开启输入捕获/比较输出
  345   3                              PWMA_ENO |= ENO2P;
  346   3                      }
  347   2                      else
  348   2                      {
  349   3                              PWMA_CC2E_Disable();            //关闭输入捕获/比较输出
  350   3                              PWMA_ENO &= ~ENO2P;
  351   3                      }
  352   2                      if(PWMx->PWM_Output_Channel_Select & ENO2N)
  353   2                      {
  354   3                              PWMA_CC2NE_Enable();            //开启输入捕获/比较输出
  355   3                              PWMA_ENO |= ENO2N;
  356   3                      }
  357   2                      else
  358   2                      {
  359   3                              PWMA_CC2NE_Disable();           //关闭输入捕获/比较输出
  360   3                              PWMA_ENO &= ~ENO2N;
  361   3                      }
  362   2                      
  363   2                      PWMA_Duty2(PWMx->PWM_Duty);
  364   2                      return  SUCCESS;
  365   2              }
  366   1              
  367   1              if(PWM == PWM3)
  368   1              {
  369   2                      PWMA_CC3E_Disable();            //关闭输入捕获/比较输出
  370   2                      PWMA_CC3NE_Disable();           //关闭比较输出
  371   2                      PWMA_CC3S_Direction(CCAS_OUTPUT);               //CCnS仅在通道关闭时才是可写的
  372   2                      PWMA_OC3ModeSet(PWMx->PWM_OC_Mode);             //设置输出比较模式
  373   2      
  374   2                      if(PWMx->PWM_Output_Channel_Select & ENO3P)
  375   2                      {
  376   3                              PWMA_CC3E_Enable();                     //开启输入捕获/比较输出
  377   3                              PWMA_ENO |= ENO3P;
  378   3                      }
  379   2                      else
  380   2                      {
  381   3                              PWMA_CC3E_Disable();            //关闭输入捕获/比较输出
  382   3                              PWMA_ENO &= ~ENO3P;
  383   3                      }
  384   2                      if(PWMx->PWM_Output_Channel_Select & ENO3N)
  385   2                      {
  386   3                              PWMA_CC3NE_Enable();            //开启输入捕获/比较输出
  387   3                              PWMA_ENO |= ENO3N;
C251 COMPILER V5.60.0,  AI8051U_PWM                                                        31/10/25  08:14:11  PAGE 7   

  388   3                      }
  389   2                      else
  390   2                      {
  391   3                              PWMA_CC3NE_Disable();           //关闭输入捕获/比较输出
  392   3                              PWMA_ENO &= ~ENO3N;
  393   3                      }
  394   2                      
  395   2                      PWMA_Duty3(PWMx->PWM_Duty);
  396   2                      return  SUCCESS;
  397   2              }
  398   1              
  399   1              if(PWM == PWM4)
  400   1              {
  401   2                      PWMA_CC4E_Disable();            //关闭输入捕获/比较输出
  402   2                      PWMA_CC4NE_Disable();           //关闭比较输出
  403   2                      PWMA_CC4S_Direction(CCAS_OUTPUT);               //CCnS仅在通道关闭时才是可写的
  404   2                      PWMA_OC4ModeSet(PWMx->PWM_OC_Mode);             //设置输出比较模式
  405   2      
  406   2                      if(PWMx->PWM_Output_Channel_Select & ENO4P)
  407   2                      {
  408   3                              PWMA_CC4E_Enable();                     //开启输入捕获/比较输出
  409   3                              PWMA_ENO |= ENO4P;
  410   3                      }
  411   2                      else
  412   2                      {
  413   3                              PWMA_CC4E_Disable();            //关闭输入捕获/比较输出
  414   3                              PWMA_ENO &= ~ENO4P;
  415   3                      }
  416   2                      if(PWMx->PWM_Output_Channel_Select & ENO4N)
  417   2                      {
  418   3                              PWMA_CC4NE_Enable();            //开启输入捕获/比较输出
  419   3                              PWMA_ENO |= ENO4N;
  420   3                      }
  421   2                      else
  422   2                      {
  423   3                              PWMA_CC4NE_Disable();           //关闭输入捕获/比较输出
  424   3                              PWMA_ENO &= ~ENO4N;
  425   3                      }
  426   2                      
  427   2                      PWMA_Duty4(PWMx->PWM_Duty);
  428   2                      return  SUCCESS;
  429   2              }
  430   1              
  431   1              if(PWM == PWMA)
  432   1              {
  433   2      //              PWMA_OC1_ReloadEnable(PWMx->PWM_Reload);        //输出比较的预装载使能
  434   2      //              PWMA_OC1_FastEnable(PWMx->PWM_Fast);            //输出比较快速功能使能
  435   2      //              PWMA_CCPCAPreloaded(PWMx->PWM_PreLoad); //捕获/比较预装载控制位(该位只对具有互补输出的通道起作用)
  436   2      //              PWMA_BrakeEnable(PWMx->PWM_BrakeEnable);        //开启/禁止刹车输入
  437   2      
  438   2                      PWMA_DeadTime(PWMx->PWM_DeadTime);      //死区发生器设置
  439   2                      PWMA_AutoReload(PWMx->PWM_Arr); //周期设置
  440   2                      PWMA_BrakeOutputEnable(PWMx->PWM_MainOutEnable);        //主输出使能
  441   2                      PWMA_CEN_Enable(PWMx->PWM_CEN_Enable);  //使能计数器
  442   2                      return  SUCCESS;
  443   2              }
  444   1      
  445   1              if(PWM == PWM5)
  446   1              {
  447   2                      PWMB_CC5E_Disable();            //关闭输入捕获/比较输出
  448   2                      PWMB_CC5S_Direction(CCAS_OUTPUT);               //CCnS仅在通道关闭时才是可写的
  449   2                      PWMB_OC5ModeSet(PWMx->PWM_OC_Mode);             //设置输出比较模式
  450   2      
  451   2                      if(PWMx->PWM_Output_Channel_Select & ENO5P)
  452   2                      {
  453   3                              PWMB_CC5E_Enable();                     //开启输入捕获/比较输出
C251 COMPILER V5.60.0,  AI8051U_PWM                                                        31/10/25  08:14:11  PAGE 8   

  454   3                              PWMB_ENO |= ENO5P;
  455   3                      }
  456   2                      else
  457   2                      {
  458   3                              PWMB_CC5E_Disable();            //关闭输入捕获/比较输出
  459   3                              PWMB_ENO &= ~ENO5P;
  460   3                      }
  461   2                      
  462   2                      PWMB_Duty5(PWMx->PWM_Duty);
  463   2                      return  SUCCESS;
  464   2              }
  465   1              
  466   1              if(PWM == PWM6)
  467   1              {
  468   2                      PWMB_CC6E_Disable();            //关闭输入捕获/比较输出
  469   2                      PWMB_CC6S_Direction(CCAS_OUTPUT);               //CCnS仅在通道关闭时才是可写的
  470   2                      PWMB_OC6ModeSet(PWMx->PWM_OC_Mode);             //设置输出比较模式
  471   2      
  472   2                      if(PWMx->PWM_Output_Channel_Select & ENO6P)
  473   2                      {
  474   3                              PWMB_CC6E_Enable();                     //开启输入捕获/比较输出
  475   3                              PWMB_ENO |= ENO6P;
  476   3                      }
  477   2                      else
  478   2                      {
  479   3                              PWMB_CC6E_Disable();            //关闭输入捕获/比较输出
  480   3                              PWMB_ENO &= ~ENO6P;
  481   3                      }
  482   2                      
  483   2                      PWMB_Duty6(PWMx->PWM_Duty);
  484   2                      return  SUCCESS;
  485   2              }
  486   1              
  487   1              if(PWM == PWM7)
  488   1              {
  489   2                      PWMB_CC7E_Disable();            //关闭输入捕获/比较输出
  490   2                      PWMB_CC7S_Direction(CCAS_OUTPUT);               //CCnS仅在通道关闭时才是可写的
  491   2                      PWMB_OC7ModeSet(PWMx->PWM_OC_Mode);             //设置输出比较模式
  492   2      
  493   2                      if(PWMx->PWM_Output_Channel_Select & ENO7P)
  494   2                      {
  495   3                              PWMB_CC7E_Enable();                     //开启输入捕获/比较输出
  496   3                              PWMB_ENO |= ENO7P;
  497   3                      }
  498   2                      else
  499   2                      {
  500   3                              PWMB_CC7E_Disable();            //关闭输入捕获/比较输出
  501   3                              PWMB_ENO &= ~ENO7P;
  502   3                      }
  503   2                      
  504   2                      PWMB_Duty7(PWMx->PWM_Duty);
  505   2                      return  SUCCESS;
  506   2              }
  507   1              
  508   1              if(PWM == PWM8)
  509   1              {
  510   2                      PWMB_CC8E_Disable();            //关闭输入捕获/比较输出
  511   2                      PWMB_CC8S_Direction(CCAS_OUTPUT);               //CCnS仅在通道关闭时才是可写的
  512   2                      PWMB_OC8ModeSet(PWMx->PWM_OC_Mode);             //设置输出比较模式
  513   2      
  514   2                      if(PWMx->PWM_Output_Channel_Select & ENO8P)
  515   2                      {
  516   3                              PWMB_CC8E_Enable();                     //开启输入捕获/比较输出
  517   3                              PWMB_ENO |= ENO8P;
  518   3                      }
  519   2                      else
C251 COMPILER V5.60.0,  AI8051U_PWM                                                        31/10/25  08:14:11  PAGE 9   

  520   2                      {
  521   3                              PWMB_CC8E_Disable();            //关闭输入捕获/比较输出
  522   3                              PWMB_ENO &= ~ENO8P;
  523   3                      }
  524   2                      
  525   2                      PWMB_Duty8(PWMx->PWM_Duty);
  526   2                      return  SUCCESS;
  527   2              }
  528   1              
  529   1              if(PWM == PWMB)
  530   1              {
  531   2      //              PWMB_OC5_ReloadEnable(PWMx->PWM_Reload);        //输出比较的预装载使能
  532   2      //              PWMB_OC5_FastEnable(PWMx->PWM_Fast);            //输出比较快速功能使能
  533   2      //              PWMB_CCPCBPreloaded(PWMx->PWM_PreLoad); //捕获/比较预装载控制位(该位只对具有互补输出的通道起作用)
  534   2      //              PWMB_BrakeEnable(PWMx->PWM_BrakeEnable);        //开启/禁止刹车输入
  535   2      
  536   2                      PWMB_DeadTime(PWMx->PWM_DeadTime);      //死区发生器设置
  537   2                      PWMB_AutoReload(PWMx->PWM_Arr); //周期设置
  538   2                      PWMB_BrakeOutputEnable(PWMx->PWM_MainOutEnable);        //主输出使能
  539   2                      PWMB_CEN_Enable(PWMx->PWM_CEN_Enable);  //使能计数器
  540   2                      return  SUCCESS;
  541   2              }
  542   1      
  543   1              return  FAIL;   //错误
  544   1      }
  545          
  546          //========================================================================
  547          // 函数: UpdatePwm
  548          // 描述: PWM占空比更新程序.
  549          // 参数: PWM: PWM通道/组号, PWMx结构参数,请参考PWM.h里的定义.
  550          // 返回: none.
  551          // 版本: V1.0, 2012-10-22
  552          //========================================================================
  553          void UpdatePwm(u8 PWM, PWMx_Duty *PWMx)
  554          {
  555   1              switch(PWM)
  556   1              {
  557   2                      case PWM1:
  558   2                              PWMA_Duty1(PWMx->PWM1_Duty);
  559   2                      break;
  560   2      
  561   2                      case PWM2:
  562   2                              PWMA_Duty2(PWMx->PWM2_Duty);
  563   2                      break;
  564   2      
  565   2                      case PWM3:
  566   2                              PWMA_Duty3(PWMx->PWM3_Duty);
  567   2                      break;
  568   2      
  569   2                      case PWM4:
  570   2                              PWMA_Duty4(PWMx->PWM4_Duty);
  571   2                      break;
  572   2      
  573   2                      case PWM5:
  574   2                              PWMB_Duty5(PWMx->PWM5_Duty);
  575   2                      break;
  576   2      
  577   2                      case PWM6:
  578   2                              PWMB_Duty6(PWMx->PWM6_Duty);
  579   2                      break;
  580   2      
  581   2                      case PWM7:
  582   2                              PWMB_Duty7(PWMx->PWM7_Duty);
  583   2                      break;
  584   2      
  585   2                      case PWM8:
C251 COMPILER V5.60.0,  AI8051U_PWM                                                        31/10/25  08:14:11  PAGE 10  

  586   2                              PWMB_Duty8(PWMx->PWM8_Duty);
  587   2                      break;
  588   2      
  589   2                      case PWMA:
  590   2                              PWMA_Duty1(PWMx->PWM1_Duty);
  591   2                              PWMA_Duty2(PWMx->PWM2_Duty);
  592   2                              PWMA_Duty3(PWMx->PWM3_Duty);
  593   2                              PWMA_Duty4(PWMx->PWM4_Duty);
  594   2                      break;
  595   2      
  596   2                      case PWMB:
  597   2                              PWMB_Duty5(PWMx->PWM5_Duty);
  598   2                              PWMB_Duty6(PWMx->PWM6_Duty);
  599   2                              PWMB_Duty7(PWMx->PWM7_Duty);
  600   2                              PWMB_Duty8(PWMx->PWM8_Duty);
  601   2                      break;
  602   2              }
  603   1      }
  604          
  605          //========================================================================
  606          // 函数: ReadPWMA(void)
  607          // 描述: 异步读取PWMA特殊功能寄存器函数. 
  608          // 参数: addr: 读取特殊功能寄存器地址.
  609          // 返回: dat:  读取特殊功能寄存器内容.
  610          // 版本: V1.0, 2022-03-16
  611          //========================================================================
  612          u8 ReadPWMA(u8 addr)
  613          {
  614   1              u8 dat;
  615   1              
  616   1              while (HSPWMA_ADR &     0x80); //等待前一个异步读写完成
  617   1              HSPWMA_ADR = addr |     0x80;  //设置间接访问地址,只需要设置原XFR地址的低7位
  618   1                                                                      //HSPWMA_ADDR寄存器的最高位写1,表示读数据
  619   1              while (HSPWMA_ADR &     0x80); //等待当前异步读取完成
  620   1              dat     = HSPWMA_DAT;              //读取异步数据
  621   1              
  622   1              return dat;
  623   1      }
  624          
  625          //========================================================================
  626          // 函数: ReadPWMB(void)
  627          // 描述: 异步读取PWMB特殊功能寄存器函数. 
  628          // 参数: addr: 读取特殊功能寄存器地址.
  629          // 返回: dat:  读取特殊功能寄存器内容.
  630          // 版本: V1.0, 2022-03-16
  631          //========================================================================
  632          u8 ReadPWMB(u8 addr)
  633          {
  634   1              u8 dat;
  635   1              
  636   1              while (HSPWMB_ADR &     0x80); //等待前一个异步读写完成
  637   1              HSPWMB_ADR = addr |     0x80;  //设置间接访问地址,只需要设置原XFR地址的低7位
  638   1                                                                      //HSPWMB_ADDR寄存器的最高位写1,表示读数据
  639   1              while (HSPWMB_ADR &     0x80); //等待当前异步读取完成
  640   1              dat     = HSPWMB_DAT;              //读取异步数据
  641   1              
  642   1              return dat;
  643   1      }
  644          
  645          //========================================================================
  646          // 函数: WritePWMA(void)
  647          // 描述: 异步读取PWMA特殊功能寄存器函数. 
  648          // 参数: addr: 写入特殊功能寄存器地址.
  649          // 参数: dat:  写入特殊功能寄存器内容.
  650          // 返回: none.
  651          // 版本: V1.0, 2022-03-16
C251 COMPILER V5.60.0,  AI8051U_PWM                                                        31/10/25  08:14:11  PAGE 11  

  652          //========================================================================
  653          void WritePWMA(u8       addr, u8 dat)
  654          {
  655   1              while (HSPWMA_ADR &     0x80); //等待前一个异步读写完成
  656   1              HSPWMA_DAT = dat;                  //准备需要写入的数据
  657   1              HSPWMA_ADR = addr &     0x7f;  //设置间接访问地址,只需要设置原XFR地址的低7位
  658   1                                                                      //HSPWMA_ADDR寄存器的最高位写0,表示写数据
  659   1      }
  660          
  661          //========================================================================
  662          // 函数: WritePWMB(void)
  663          // 描述: 异步读取PWMB特殊功能寄存器函数. 
  664          // 参数: addr: 写入特殊功能寄存器地址.
  665          // 参数: dat:  写入特殊功能寄存器内容.
  666          // 返回: none.
  667          // 版本: V1.0, 2022-03-16
  668          //========================================================================
  669          void WritePWMB(u8       addr, u8 dat)
  670          {
  671   1              while (HSPWMB_ADR &     0x80); //等待前一个异步读写完成
  672   1              HSPWMB_DAT = dat;                  //准备需要写入的数据
  673   1              HSPWMB_ADR = addr &     0x7f;  //设置间接访问地址,只需要设置原XFR地址的低7位
  674   1                                                                      //HSPWMB_ADDR寄存器的最高位写0,表示写数据
  675   1      }
  676          
  677          //========================================================================
  678          // 函数: HSPWM_Configuration
  679          // 描述: HSPWM初始化程序.
  680          // 参数: PWMx: 结构参数,请参考PWM.h里的定义.
  681          // 返回: 成功返回 SUCCESS, 错误返回 FAIL.
  682          // 版本: V1.0, 2022-04-05
  683          //========================================================================
  684          void HSPWM_Configuration(u8 PWM, HSPWMx_InitDefine *PWMx, PWMx_Duty *DUTYx)
  685          {
  686   1              u8 tmpENO,tmpCCER1,tmpCCER2;
  687   1              
  688   1              if(PWM == PWMA)
  689   1              {
  690   2                      HSPWMA_CFG = 0x03;                      //使能PWMA相关寄存器异步访问功能
  691   2      
  692   2                      if(PWMx->PWM_Output_Channel_Select & ENO1P)
  693   2                      {
  694   3                              tmpENO |= ENO1P;
  695   3                              tmpCCER1 |= 0x01;
  696   3                      }
  697   2                      else
  698   2                      {
  699   3                              tmpENO &= ~ENO1P;
  700   3                              tmpCCER1 &= ~0x01;
  701   3                      }
  702   2                      if(PWMx->PWM_Output_Channel_Select & ENO1N)
  703   2                      {
  704   3                              tmpENO |= ENO1N;
  705   3                              tmpCCER1 |= 0x04;
  706   3                      }
  707   2                      else
  708   2                      {
  709   3                              tmpENO &= ~ENO1N;
  710   3                              tmpCCER1 &= ~0x04;
  711   3                      }
  712   2                      if(PWMx->PWM_Output_Channel_Select & ENO2P)
  713   2                      {
  714   3                              tmpENO |= ENO2P;
  715   3                              tmpCCER1 |= 0x10;
  716   3                      }
  717   2                      else
C251 COMPILER V5.60.0,  AI8051U_PWM                                                        31/10/25  08:14:11  PAGE 12  

  718   2                      {
  719   3                              tmpENO &= ~ENO2P;
  720   3                              tmpCCER1 &= ~0x10;
  721   3                      }
  722   2                      if(PWMx->PWM_Output_Channel_Select & ENO2N)
  723   2                      {
  724   3                              tmpENO |= ENO2N;
  725   3                              tmpCCER1 |= 0x40;
  726   3                      }
  727   2                      else
  728   2                      {
  729   3                              tmpENO &= ~ENO2N;
  730   3                              tmpCCER1 &= ~0x40;
  731   3                      }
  732   2                      if(PWMx->PWM_Output_Channel_Select & ENO3P)
  733   2                      {
  734   3                              tmpENO |= ENO3P;
  735   3                              tmpCCER2 |= 0x01;
  736   3                      }
  737   2                      else
  738   2                      {
  739   3                              tmpENO &= ~ENO3P;
  740   3                              tmpCCER2 &= ~0x01;
  741   3                      }
  742   2                      if(PWMx->PWM_Output_Channel_Select & ENO3N)
  743   2                      {
  744   3                              tmpENO |= ENO3N;
  745   3                              tmpCCER2 |= 0x04;
  746   3                      }
  747   2                      else
  748   2                      {
  749   3                              tmpENO &= ~ENO3N;
  750   3                              tmpCCER2 &= ~0x04;
  751   3                      }
  752   2                      if(PWMx->PWM_Output_Channel_Select & ENO4P)
  753   2                      {
  754   3                              tmpENO |= ENO4P;
  755   3                              tmpCCER2 |= 0x10;
  756   3                      }
  757   2                      else
  758   2                      {
  759   3                              tmpENO &= ~ENO4P;
  760   3                              tmpCCER2 &= ~0x10;
  761   3                      }
  762   2                      if(PWMx->PWM_Output_Channel_Select & ENO4N)
  763   2                      {
  764   3                              tmpENO |= ENO4N;
  765   3                              tmpCCER2 |= 0x40;
  766   3                      }
  767   2                      else
  768   2                      {
  769   3                              tmpENO &= ~ENO4N;
  770   3                              tmpCCER2 &= ~0x40;
  771   3                      }
  772   2                      
  773   2                      //通过异步方式设置PWMA的相关寄存器
  774   2                      WritePWMA((u8)&PWMA_CCER1, 0x00);
  775   2                      WritePWMA((u8)&PWMA_CCER2, 0x00);
  776   2                      WritePWMA((u8)&PWMA_CCMR1, CCMRn_PWM_MODE1);                    //通道模式配置
  777   2                      WritePWMA((u8)&PWMA_CCMR2, CCMRn_PWM_MODE1);
  778   2                      WritePWMA((u8)&PWMA_CCMR3, CCMRn_PWM_MODE1);
  779   2                      WritePWMA((u8)&PWMA_CCMR4, CCMRn_PWM_MODE1);
  780   2                      WritePWMA((u8)&PWMA_CCER1, tmpCCER1);                   //配置通道输出使能和极性
  781   2                      WritePWMA((u8)&PWMA_CCER2, tmpCCER2);
  782   2                      WritePWMA((u8)&PWMA_ENO, tmpENO);       //使能PWM信号输出端口
  783   2                      WritePWMA((u8)&PWMA_CCR1H, (u8)(DUTYx->PWM1_Duty >> 8));        //设置输出PWM的占空比
C251 COMPILER V5.60.0,  AI8051U_PWM                                                        31/10/25  08:14:11  PAGE 13  

  784   2                      WritePWMA((u8)&PWMA_CCR1L, (u8)DUTYx->PWM1_Duty);
  785   2                      WritePWMA((u8)&PWMA_CCR2H, (u8)(DUTYx->PWM2_Duty >> 8));        //设置输出PWM的占空比
  786   2                      WritePWMA((u8)&PWMA_CCR2L, (u8)DUTYx->PWM2_Duty);
  787   2                      WritePWMA((u8)&PWMA_CCR3H, (u8)(DUTYx->PWM3_Duty >> 8));        //设置输出PWM的占空比
  788   2                      WritePWMA((u8)&PWMA_CCR3L, (u8)DUTYx->PWM3_Duty);
  789   2                      WritePWMA((u8)&PWMA_CCR4H, (u8)(DUTYx->PWM4_Duty >> 8));        //设置输出PWM的占空比
  790   2                      WritePWMA((u8)&PWMA_CCR4L, (u8)DUTYx->PWM4_Duty);
  791   2                      WritePWMA((u8)&PWMA_ARRH,       (u8)(PWMx->PWM_Arr >> 8));      //设置输出PWM的周期
  792   2                      WritePWMA((u8)&PWMA_ARRL,       (u8)(PWMx->PWM_Arr));
  793   2                      WritePWMA((u8)&PWMA_DTR, PWMx->PWM_DeadTime);                                   //设置互补对称输出PWM的死区
  794   2                      WritePWMA((u8)&PWMA_BKR, PWMx->PWM_MainOutEnable<<7);   //使能主输出
  795   2                      WritePWMA((u8)&PWMA_CR1, PWMx->PWM_CEN_Enable);                         //开始PWM计数
  796   2              }
  797   1              else if(PWM == PWMB)
  798   1              {
  799   2                      HSPWMB_CFG = 0x03;                      //使能PWMB相关寄存器异步访问功能
  800   2      
  801   2                      if(PWMx->PWM_Output_Channel_Select & ENO5P)
  802   2                      {
  803   3                              tmpENO |= ENO5P;
  804   3                              tmpCCER1 |= 0x01;
  805   3                      }
  806   2                      else
  807   2                      {
  808   3                              tmpENO &= ~ENO5P;
  809   3                              tmpCCER1 &= ~0x01;
  810   3                      }
  811   2                      if(PWMx->PWM_Output_Channel_Select & ENO6P)
  812   2                      {
  813   3                              tmpENO |= ENO6P;
  814   3                              tmpCCER1 |= 0x10;
  815   3                      }
  816   2                      else
  817   2                      {
  818   3                              tmpENO &= ~ENO6P;
  819   3                              tmpCCER1 &= ~0x10;
  820   3                      }
  821   2                      if(PWMx->PWM_Output_Channel_Select & ENO7P)
  822   2                      {
  823   3                              tmpENO |= ENO7P;
  824   3                              tmpCCER2 |= 0x01;
  825   3                      }
  826   2                      else
  827   2                      {
  828   3                              tmpENO &= ~ENO7P;
  829   3                              tmpCCER2 &= ~0x01;
  830   3                      }
  831   2                      if(PWMx->PWM_Output_Channel_Select & ENO8P)
  832   2                      {
  833   3                              tmpENO |= ENO8P;
  834   3                              tmpCCER2 |= 0x10;
  835   3                      }
  836   2                      else
  837   2                      {
  838   3                              tmpENO &= ~ENO8P;
  839   3                              tmpCCER2 &= ~0x10;
  840   3                      }
  841   2                      
  842   2                      //通过异步方式设置PWMB的相关寄存器
  843   2                      WritePWMB((u8)&PWMB_CCER1, 0x00);
  844   2                      WritePWMB((u8)&PWMB_CCER2, 0x00);
  845   2                      WritePWMB((u8)&PWMB_CCMR1, CCMRn_PWM_MODE1);                    //通道模式配置
  846   2                      WritePWMB((u8)&PWMB_CCMR2, CCMRn_PWM_MODE1);
  847   2                      WritePWMB((u8)&PWMB_CCMR3, CCMRn_PWM_MODE1);
  848   2                      WritePWMB((u8)&PWMB_CCMR4, CCMRn_PWM_MODE1);
  849   2                      WritePWMB((u8)&PWMB_CCER1, tmpCCER1);                   //配置通道输出使能和极性
C251 COMPILER V5.60.0,  AI8051U_PWM                                                        31/10/25  08:14:11  PAGE 14  

  850   2                      WritePWMB((u8)&PWMB_CCER2, tmpCCER2);
  851   2                      WritePWMB((u8)&PWMB_ENO, tmpENO);       //使能PWM信号输出端口
  852   2                      WritePWMB((u8)&PWMB_CCR5H, (u8)(DUTYx->PWM5_Duty >> 8));        //设置输出PWM的占空比
  853   2                      WritePWMB((u8)&PWMB_CCR5L, (u8)DUTYx->PWM5_Duty);
  854   2                      WritePWMB((u8)&PWMB_CCR6H, (u8)(DUTYx->PWM6_Duty >> 8));        //设置输出PWM的占空比
  855   2                      WritePWMB((u8)&PWMB_CCR6L, (u8)DUTYx->PWM6_Duty);
  856   2                      WritePWMB((u8)&PWMB_CCR7H, (u8)(DUTYx->PWM7_Duty >> 8));        //设置输出PWM的占空比
  857   2                      WritePWMB((u8)&PWMB_CCR7L, (u8)DUTYx->PWM7_Duty);
  858   2                      WritePWMB((u8)&PWMB_CCR8H, (u8)(DUTYx->PWM8_Duty >> 8));        //设置输出PWM的占空比
  859   2                      WritePWMB((u8)&PWMB_CCR8L, (u8)DUTYx->PWM8_Duty);
  860   2                      WritePWMB((u8)&PWMB_ARRH,       (u8)(PWMx->PWM_Arr >> 8));      //设置输出PWM的周期
  861   2                      WritePWMB((u8)&PWMB_ARRL,       (u8)(PWMx->PWM_Arr));
  862   2                      WritePWMB((u8)&PWMB_DTR, PWMx->PWM_DeadTime);                                   //设置互补对称输出PWM的死区
  863   2                      WritePWMB((u8)&PWMB_BKR, PWMx->PWM_MainOutEnable<<7);   //使能主输出
  864   2                      WritePWMB((u8)&PWMB_CR1, PWMx->PWM_CEN_Enable);                         //开始PWM计数
  865   2              }
  866   1      }
  867          
  868          //========================================================================
  869          // 函数: UpdateHSPwm
  870          // 描述: HSPWM占空比更新程序.
  871          // 参数: PWM: PWM通道/组号, PWMx结构参数,请参考PWM.h里的定义.
  872          // 返回: none.
  873          // 版本: V1.0, 2022-04-05
  874          //========================================================================
  875          void UpdateHSPwm(u8 PWM, PWMx_Duty *PWMx)
  876          {
  877   1              switch(PWM)
  878   1              {
  879   2                      case PWM1:
  880   2                              WritePWMA((u8)&PWMA_CCR1H, (u8)(PWMx->PWM1_Duty >> 8)); //设置输出PWM的占空比
  881   2                              WritePWMA((u8)&PWMA_CCR1L, (u8)PWMx->PWM1_Duty);
  882   2                      break;
  883   2      
  884   2                      case PWM2:
  885   2                              WritePWMA((u8)&PWMA_CCR2H, (u8)(PWMx->PWM2_Duty >> 8)); //设置输出PWM的占空比
  886   2                              WritePWMA((u8)&PWMA_CCR2L, (u8)PWMx->PWM2_Duty);
  887   2                      break;
  888   2      
  889   2                      case PWM3:
  890   2                              WritePWMA((u8)&PWMA_CCR3H, (u8)(PWMx->PWM3_Duty >> 8)); //设置输出PWM的占空比
  891   2                              WritePWMA((u8)&PWMA_CCR3L, (u8)PWMx->PWM3_Duty);
  892   2                      break;
  893   2      
  894   2                      case PWM4:
  895   2                              WritePWMA((u8)&PWMA_CCR4H, (u8)(PWMx->PWM4_Duty >> 8)); //设置输出PWM的占空比
  896   2                              WritePWMA((u8)&PWMA_CCR4L, (u8)PWMx->PWM4_Duty);
  897   2                      break;
  898   2      
  899   2                      case PWM5:
  900   2                              WritePWMB((u8)&PWMB_CCR5H, (u8)(PWMx->PWM5_Duty >> 8)); //设置输出PWM的占空比
  901   2                              WritePWMB((u8)&PWMB_CCR5L, (u8)PWMx->PWM5_Duty);
  902   2                      break;
  903   2      
  904   2                      case PWM6:
  905   2                              WritePWMB((u8)&PWMB_CCR6H, (u8)(PWMx->PWM6_Duty >> 8)); //设置输出PWM的占空比
  906   2                              WritePWMB((u8)&PWMB_CCR6L, (u8)PWMx->PWM6_Duty);
  907   2                      break;
  908   2      
  909   2                      case PWM7:
  910   2                              WritePWMB((u8)&PWMB_CCR7H, (u8)(PWMx->PWM7_Duty >> 8)); //设置输出PWM的占空比
  911   2                              WritePWMB((u8)&PWMB_CCR7L, (u8)PWMx->PWM7_Duty);
  912   2                      break;
  913   2      
  914   2                      case PWM8:
  915   2                              WritePWMB((u8)&PWMB_CCR8H, (u8)(PWMx->PWM8_Duty >> 8)); //设置输出PWM的占空比
C251 COMPILER V5.60.0,  AI8051U_PWM                                                        31/10/25  08:14:11  PAGE 15  

  916   2                              WritePWMB((u8)&PWMB_CCR8L, (u8)PWMx->PWM8_Duty);
  917   2                      break;
  918   2      
  919   2                      case PWMA:
  920   2                              WritePWMA((u8)&PWMA_CCR1H, (u8)(PWMx->PWM1_Duty >> 8)); //设置输出PWM的占空比
  921   2                              WritePWMA((u8)&PWMA_CCR1L, (u8)PWMx->PWM1_Duty);
  922   2                              WritePWMA((u8)&PWMA_CCR2H, (u8)(PWMx->PWM2_Duty >> 8)); //设置输出PWM的占空比
  923   2                              WritePWMA((u8)&PWMA_CCR2L, (u8)PWMx->PWM2_Duty);
  924   2                              WritePWMA((u8)&PWMA_CCR3H, (u8)(PWMx->PWM3_Duty >> 8)); //设置输出PWM的占空比
  925   2                              WritePWMA((u8)&PWMA_CCR3L, (u8)PWMx->PWM3_Duty);
  926   2                              WritePWMA((u8)&PWMA_CCR4H, (u8)(PWMx->PWM4_Duty >> 8)); //设置输出PWM的占空比
  927   2                              WritePWMA((u8)&PWMA_CCR4L, (u8)PWMx->PWM4_Duty);
  928   2                      break;
  929   2      
  930   2                      case PWMB:
  931   2                              WritePWMB((u8)&PWMB_CCR5H, (u8)(PWMx->PWM5_Duty >> 8)); //设置输出PWM的占空比
  932   2                              WritePWMB((u8)&PWMB_CCR5L, (u8)PWMx->PWM5_Duty);
  933   2                              WritePWMB((u8)&PWMB_CCR6H, (u8)(PWMx->PWM6_Duty >> 8)); //设置输出PWM的占空比
  934   2                              WritePWMB((u8)&PWMB_CCR6L, (u8)PWMx->PWM6_Duty);
  935   2                              WritePWMB((u8)&PWMB_CCR7H, (u8)(PWMx->PWM7_Duty >> 8)); //设置输出PWM的占空比
  936   2                              WritePWMB((u8)&PWMB_CCR7L, (u8)PWMx->PWM7_Duty);
  937   2                              WritePWMB((u8)&PWMB_CCR8H, (u8)(PWMx->PWM8_Duty >> 8)); //设置输出PWM的占空比
  938   2                              WritePWMB((u8)&PWMB_CCR8L, (u8)PWMx->PWM8_Duty);
  939   2                      break;
  940   2              }
  941   1      }
  942          
  943          /*********************************************************/
*** WARNING C180 IN LINE 290 OF ..\LIB\AI8051U_PWM.c: 'PWM_Configuration_2': not every path returns a value
*** WARNING C180 IN LINE 290 OF ..\LIB\AI8051U_PWM.c: 'PWM_Configuration_2': not every path returns a value


Module Information          Static   Overlayable
------------------------------------------------
  code size            =      5032     ------
  ecode size           =    ------     ------
  data size            =    ------          5
  idata size           =    ------     ------
  pdata size           =    ------     ------
  xdata size           =    ------     ------
  xdata-const size     =    ------     ------
  edata size           =    ------     ------
  bit size             =    ------     ------
  ebit size            =    ------     ------
  bitaddressable size  =    ------     ------
  ebitaddressable size =    ------     ------
  far data size        =    ------     ------
  huge data size       =    ------     ------
  const size           =        31     ------
  hconst size          =    ------     ------
End of Module Information.


C251 COMPILATION COMPLETE.  2 WARNING(S),  0 ERROR(S)
