C251 COMPILER V5.60.0,  AI8051U_Delay                                                      31/10/25  08:14:11  PAGE 1   


C251 COMPILER V5.60.0, COMPILATION OF MODULE AI8051U_Delay
OBJECT MODULE PLACED IN .\Objects\AI8051U_Delay.obj
COMPILER INVOKED BY: D:\Keil_v5\C251\BIN\C251.EXE ..\LIB\AI8051U_Delay.c INTR2 BROWSE INCDIR(..\LIB) DEBUG PRINT(.\Listi
                    -ngs\AI8051U_Delay.lst) OBJECT(.\Objects\AI8051U_Delay.obj) 

stmt  level    source

    1          /*---------------------------------------------------------------------*/
    2          /* --- Web: www.STCAI.com ---------------------------------------------*/
    3          /*---------------------------------------------------------------------*/
    4          
    5          #include "AI8051U_Delay.h"
    6          
    7          //========================================================================
    8          // 函数: void delay_ms(unsigned int ms)
    9          // 描述: 延时函数。
   10          // 参数: ms,要延时的ms数, 这里只支持1~65535ms. 自动适应主时钟.
   11          // 返回: none.
   12          // 版本: VER1.0
   13          // 日期: 2021-3-9
   14          // 备注: 
   15          //========================================================================
   16          void delay_ms(unsigned int ms)
   17          {
   18   1              unsigned int i;
   19   1              do{
   20   2                      i = MAIN_Fosc / 6030;
   21   2                      while(--i);
   22   2              }while(--ms);
   23   1      }


Module Information          Static   Overlayable
------------------------------------------------
  code size            =        23     ------
  ecode size           =    ------     ------
  data size            =    ------     ------
  idata size           =    ------     ------
  pdata size           =    ------     ------
  xdata size           =    ------     ------
  xdata-const size     =    ------     ------
  edata size           =    ------     ------
  bit size             =    ------     ------
  ebit size            =    ------     ------
  bitaddressable size  =    ------     ------
  ebitaddressable size =    ------     ------
  far data size        =    ------     ------
  huge data size       =    ------     ------
  const size           =    ------     ------
  hconst size          =    ------     ------
End of Module Information.


C251 COMPILATION COMPLETE.  0 WARNING(S),  0 ERROR(S)
