C251 COMPILER V5.60.0,  AI8051U_GPIO                                                       31/10/25  08:14:11  PAGE 1   


C251 COMPILER V5.60.0, COMPILATION OF MODULE AI8051U_GPIO
OBJECT MODULE PLACED IN .\Objects\AI8051U_GPIO.obj
COMPILER INVOKED BY: D:\Keil_v5\C251\BIN\C251.EXE ..\LIB\AI8051U_GPIO.c INTR2 BROWSE INCDIR(..\LIB) DEBUG PRINT(.\Listin
                    -gs\AI8051U_GPIO.lst) OBJECT(.\Objects\AI8051U_GPIO.obj) 

stmt  level    source

    1          /*---------------------------------------------------------------------*/
    2          /* --- Web: www.STCAI.com ---------------------------------------------*/
    3          /*---------------------------------------------------------------------*/
    4          
    5          #include "AI8051U_GPIO.h"
    6          
    7          //========================================================================
    8          // КЏЪ§: u8 GPIO_Inilize(u8 GPIO, GPIO_InitTypeDef *GPIOx)
    9          // УшЪі: ГѕЪМЛЏIOПк.
   10          // ВЮЪ§: GPIOx: НсЙЙВЮЪ§,ЧыВЮПМЭЗЮФМўРяЕФЖЈвх.
   11          // ЗЕЛи: ГЩЙІЗЕЛи SUCCESS, ДэЮѓЗЕЛи FAIL.
   12          // АцБО: V1.0, 2012-10-22
   13          //========================================================================
   14          u8 GPIO_Inilize(u8 GPIO, GPIO_InitTypeDef *GPIOx)
   15          {
   16   1          if(GPIO > GPIO_P7)               return FAIL;    //ДэЮѓ
   17   1          if(GPIOx->Mode > GPIO_OUT_PP)    return FAIL;    //ДэЮѓ
   18   1          if(GPIO == GPIO_P0)
   19   1          {
   20   2              if(GPIOx->Mode == GPIO_PullUp)        P0M1 &= ~GPIOx->Pin,    P0M0 &= ~GPIOx->Pin;     //ЩЯР­зМЫЋ
             -ЯђПк
   21   2              if(GPIOx->Mode == GPIO_HighZ)         P0M1 |=  GPIOx->Pin,    P0M0 &= ~GPIOx->Pin;     //ИЁПеЪфШы
   22   2              if(GPIOx->Mode == GPIO_OUT_OD)        P0M1 |=  GPIOx->Pin,    P0M0 |=  GPIOx->Pin;     //ПЊТЉЪфГі
   23   2              if(GPIOx->Mode == GPIO_OUT_PP)        P0M1 &= ~GPIOx->Pin,    P0M0 |=  GPIOx->Pin;     //ЭЦЭьЪфГі
   24   2          }
   25   1          if(GPIO == GPIO_P1)
   26   1          {
   27   2              if(GPIOx->Mode == GPIO_PullUp)        P1M1 &= ~GPIOx->Pin,    P1M0 &= ~GPIOx->Pin;     //ЩЯР­зМЫЋ
             -ЯђПк
   28   2              if(GPIOx->Mode == GPIO_HighZ)         P1M1 |=  GPIOx->Pin,    P1M0 &= ~GPIOx->Pin;     //ИЁПеЪфШы
   29   2              if(GPIOx->Mode == GPIO_OUT_OD)        P1M1 |=  GPIOx->Pin,    P1M0 |=  GPIOx->Pin;     //ПЊТЉЪфГі
   30   2              if(GPIOx->Mode == GPIO_OUT_PP)        P1M1 &= ~GPIOx->Pin,    P1M0 |=  GPIOx->Pin;     //ЭЦЭьЪфГі
   31   2          }
   32   1          if(GPIO == GPIO_P2)
   33   1          {
   34   2              if(GPIOx->Mode == GPIO_PullUp)        P2M1 &= ~GPIOx->Pin,    P2M0 &= ~GPIOx->Pin;     //ЩЯР­зМЫЋ
             -ЯђПк
   35   2              if(GPIOx->Mode == GPIO_HighZ)         P2M1 |=  GPIOx->Pin,    P2M0 &= ~GPIOx->Pin;     //ИЁПеЪфШы
   36   2              if(GPIOx->Mode == GPIO_OUT_OD)        P2M1 |=  GPIOx->Pin,    P2M0 |=  GPIOx->Pin;     //ПЊТЉЪфГі
   37   2              if(GPIOx->Mode == GPIO_OUT_PP)        P2M1 &= ~GPIOx->Pin,    P2M0 |=  GPIOx->Pin;     //ЭЦЭьЪфГі
   38   2          }
   39   1          if(GPIO == GPIO_P3)
   40   1          {
   41   2              if(GPIOx->Mode == GPIO_PullUp)        P3M1 &= ~GPIOx->Pin,    P3M0 &= ~GPIOx->Pin;     //ЩЯР­зМЫЋ
             -ЯђПк
   42   2              if(GPIOx->Mode == GPIO_HighZ)         P3M1 |=  GPIOx->Pin,    P3M0 &= ~GPIOx->Pin;     //ИЁПеЪфШы
   43   2              if(GPIOx->Mode == GPIO_OUT_OD)        P3M1 |=  GPIOx->Pin,    P3M0 |=  GPIOx->Pin;     //ПЊТЉЪфГі
   44   2              if(GPIOx->Mode == GPIO_OUT_PP)        P3M1 &= ~GPIOx->Pin,    P3M0 |=  GPIOx->Pin;     //ЭЦЭьЪфГі
   45   2          }
   46   1          if(GPIO == GPIO_P4)
   47   1          {
   48   2              if(GPIOx->Mode == GPIO_PullUp)        P4M1 &= ~GPIOx->Pin,    P4M0 &= ~GPIOx->Pin;     //ЩЯР­зМЫЋ
             -ЯђПк
   49   2              if(GPIOx->Mode == GPIO_HighZ)         P4M1 |=  GPIOx->Pin,    P4M0 &= ~GPIOx->Pin;     //ИЁПеЪфШы
   50   2              if(GPIOx->Mode == GPIO_OUT_OD)        P4M1 |=  GPIOx->Pin,    P4M0 |=  GPIOx->Pin;     //ПЊТЉЪфГі
   51   2              if(GPIOx->Mode == GPIO_OUT_PP)        P4M1 &= ~GPIOx->Pin,    P4M0 |=  GPIOx->Pin;     //ЭЦЭьЪфГі
   52   2          }
   53   1          if(GPIO == GPIO_P5)
C251 COMPILER V5.60.0,  AI8051U_GPIO                                                       31/10/25  08:14:11  PAGE 2   

   54   1          {
   55   2              if(GPIOx->Mode == GPIO_PullUp)        P5M1 &= ~GPIOx->Pin,    P5M0 &= ~GPIOx->Pin;     //ЩЯР­зМЫЋ
             -ЯђПк
   56   2              if(GPIOx->Mode == GPIO_HighZ)         P5M1 |=  GPIOx->Pin,    P5M0 &= ~GPIOx->Pin;     //ИЁПеЪфШы
   57   2              if(GPIOx->Mode == GPIO_OUT_OD)        P5M1 |=  GPIOx->Pin,    P5M0 |=  GPIOx->Pin;     //ПЊТЉЪфГі
   58   2              if(GPIOx->Mode == GPIO_OUT_PP)        P5M1 &= ~GPIOx->Pin,    P5M0 |=  GPIOx->Pin;     //ЭЦЭьЪфГі
   59   2          }
   60   1          if(GPIO == GPIO_P6)
   61   1          {
   62   2              if(GPIOx->Mode == GPIO_PullUp)        P6M1 &= ~GPIOx->Pin,    P6M0 &= ~GPIOx->Pin;     //ЩЯР­зМЫЋ
             -ЯђПк
   63   2              if(GPIOx->Mode == GPIO_HighZ)         P6M1 |=  GPIOx->Pin,    P6M0 &= ~GPIOx->Pin;     //ИЁПеЪфШы
   64   2              if(GPIOx->Mode == GPIO_OUT_OD)        P6M1 |=  GPIOx->Pin,    P6M0 |=  GPIOx->Pin;     //ПЊТЉЪфГі
   65   2              if(GPIOx->Mode == GPIO_OUT_PP)        P6M1 &= ~GPIOx->Pin,    P6M0 |=  GPIOx->Pin;     //ЭЦЭьЪфГі
   66   2          }
   67   1          if(GPIO == GPIO_P7)
   68   1          {
   69   2              if(GPIOx->Mode == GPIO_PullUp)        P7M1 &= ~GPIOx->Pin,    P7M0 &= ~GPIOx->Pin;     //ЩЯР­зМЫЋ
             -ЯђПк
   70   2              if(GPIOx->Mode == GPIO_HighZ)         P7M1 |=  GPIOx->Pin,    P7M0 &= ~GPIOx->Pin;     //ИЁПеЪфШы
   71   2              if(GPIOx->Mode == GPIO_OUT_OD)        P7M1 |=  GPIOx->Pin,    P7M0 |=  GPIOx->Pin;     //ПЊТЉЪфГі
   72   2              if(GPIOx->Mode == GPIO_OUT_PP)        P7M1 &= ~GPIOx->Pin,    P7M0 |=  GPIOx->Pin;     //ЭЦЭьЪфГі
   73   2          }
   74   1          return SUCCESS;    //ГЩЙІ
   75   1      }
   76          
   77          //========================================================================
   78          // КЏЪ§: u8 GPIO_INT_Inilize(u8 GPIO, GPIO_Int_InitTypeDef *GPIOx)
   79          // УшЪі: ГѕЪМЛЏIOПкжаЖЯ.
   80          // ВЮЪ§: GPIOx: НсЙЙВЮЪ§,ЧыВЮПМЭЗЮФМўРяЕФЖЈвх.
   81          // ЗЕЛи: ГЩЙІЗЕЛи SUCCESS, ДэЮѓЗЕЛи FAIL.
   82          // АцБО: V1.0, 2025-02-11
   83          //========================================================================
   84          u8 GPIO_INT_Inilize(u8 GPIO, GPIO_Int_InitTypeDef *GPIOx)
   85          {
   86   1          if(GPIO > GPIO_P7)                   return FAIL;    //ДэЮѓ
   87   1          if(GPIOx->Mode > GPIO_HIGH_LEVEL)    return FAIL;    //ДэЮѓ
   88   1      
   89   1          if(GPIO == GPIO_P0)
   90   1          {
   91   2              if(GPIOx->Mode == GPIO_FALLING_EDGE)    P0IM1 &= ~GPIOx->Pin,    P0IM0 &= ~GPIOx->Pin;     //ЯТНЕ
             -бижаЖЯ
   92   2              if(GPIOx->Mode == GPIO_RISING_EDGE)     P0IM1 &= ~GPIOx->Pin,    P0IM0 |=  GPIOx->Pin;     //ЩЯЩ§
             -бижаЖЯ
   93   2              if(GPIOx->Mode == GPIO_LOW_LEVEL)       P0IM1 |=  GPIOx->Pin,    P0IM0 &= ~GPIOx->Pin;     //ЕЭЕч
             -ЦНжаЖЯ
   94   2              if(GPIOx->Mode == GPIO_HIGH_LEVEL)      P0IM1 |=  GPIOx->Pin,    P0IM0 |=  GPIOx->Pin;     //ИпЕч
             -ЦНжаЖЯ
   95   2      
   96   2              if(GPIOx->WakeUpEn == ENABLE)           P0WKUE |=  GPIOx->Pin;     //ЕєЕчЛНабЪЙФм
   97   2              else                                    P0WKUE &=  ~GPIOx->Pin;    //ЕєЕчЛНабНћФм
   98   2      
   99   2              if(GPIOx->IntEnable == ENABLE)          P0INTE |=  GPIOx->Pin;     //жаЖЯЪЙФм
  100   2              else                                    P0INTE &=  ~GPIOx->Pin;    //жаЖЯНћФм
  101   2          }
  102   1      
  103   1          if(GPIO == GPIO_P1)
  104   1          {
  105   2              if(GPIOx->Mode == GPIO_FALLING_EDGE)    P1IM1 &= ~GPIOx->Pin,    P1IM0 &= ~GPIOx->Pin;     //ЯТНЕ
             -бижаЖЯ
  106   2              if(GPIOx->Mode == GPIO_RISING_EDGE)     P1IM1 &= ~GPIOx->Pin,    P1IM0 |=  GPIOx->Pin;     //ЩЯЩ§
             -бижаЖЯ
  107   2              if(GPIOx->Mode == GPIO_LOW_LEVEL)       P1IM1 |=  GPIOx->Pin,    P1IM0 &= ~GPIOx->Pin;     //ЕЭЕч
             -ЦНжаЖЯ
  108   2              if(GPIOx->Mode == GPIO_HIGH_LEVEL)      P1IM1 |=  GPIOx->Pin,    P1IM0 |=  GPIOx->Pin;     //ИпЕч
             -ЦНжаЖЯ
C251 COMPILER V5.60.0,  AI8051U_GPIO                                                       31/10/25  08:14:11  PAGE 3   

  109   2      
  110   2              if(GPIOx->WakeUpEn == ENABLE)           P1WKUE |=  GPIOx->Pin;     //ЕєЕчЛНабЪЙФм
  111   2              else                                    P1WKUE &=  ~GPIOx->Pin;    //ЕєЕчЛНабНћФм
  112   2      
  113   2              if(GPIOx->IntEnable == ENABLE)          P1INTE |=  GPIOx->Pin;     //жаЖЯЪЙФм
  114   2              else                                    P1INTE &=  ~GPIOx->Pin;    //жаЖЯНћФм
  115   2          }
  116   1      
  117   1          if(GPIO == GPIO_P2)
  118   1          {
  119   2              if(GPIOx->Mode == GPIO_FALLING_EDGE)    P2IM1 &= ~GPIOx->Pin,    P2IM0 &= ~GPIOx->Pin;     //ЯТНЕ
             -бижаЖЯ
  120   2              if(GPIOx->Mode == GPIO_RISING_EDGE)     P2IM1 &= ~GPIOx->Pin,    P2IM0 |=  GPIOx->Pin;     //ЩЯЩ§
             -бижаЖЯ
  121   2              if(GPIOx->Mode == GPIO_LOW_LEVEL)       P2IM1 |=  GPIOx->Pin,    P2IM0 &= ~GPIOx->Pin;     //ЕЭЕч
             -ЦНжаЖЯ
  122   2              if(GPIOx->Mode == GPIO_HIGH_LEVEL)      P2IM1 |=  GPIOx->Pin,    P2IM0 |=  GPIOx->Pin;     //ИпЕч
             -ЦНжаЖЯ
  123   2      
  124   2              if(GPIOx->WakeUpEn == ENABLE)           P2WKUE |=  GPIOx->Pin;     //ЕєЕчЛНабЪЙФм
  125   2              else                                    P2WKUE &=  ~GPIOx->Pin;    //ЕєЕчЛНабНћФм
  126   2      
  127   2              if(GPIOx->IntEnable == ENABLE)          P2INTE |=  GPIOx->Pin;     //жаЖЯЪЙФм
  128   2              else                                    P2INTE &=  ~GPIOx->Pin;    //жаЖЯНћФм
  129   2          }
  130   1      
  131   1          if(GPIO == GPIO_P3)
  132   1          {
  133   2              if(GPIOx->Mode == GPIO_FALLING_EDGE)    P3IM1 &= ~GPIOx->Pin,    P3IM0 &= ~GPIOx->Pin;     //ЯТНЕ
             -бижаЖЯ
  134   2              if(GPIOx->Mode == GPIO_RISING_EDGE)     P3IM1 &= ~GPIOx->Pin,    P3IM0 |=  GPIOx->Pin;     //ЩЯЩ§
             -бижаЖЯ
  135   2              if(GPIOx->Mode == GPIO_LOW_LEVEL)       P3IM1 |=  GPIOx->Pin,    P3IM0 &= ~GPIOx->Pin;     //ЕЭЕч
             -ЦНжаЖЯ
  136   2              if(GPIOx->Mode == GPIO_HIGH_LEVEL)      P3IM1 |=  GPIOx->Pin,    P3IM0 |=  GPIOx->Pin;     //ИпЕч
             -ЦНжаЖЯ
  137   2      
  138   2              if(GPIOx->WakeUpEn == ENABLE)           P3WKUE |=  GPIOx->Pin;     //ЕєЕчЛНабЪЙФм
  139   2              else                                    P3WKUE &=  ~GPIOx->Pin;    //ЕєЕчЛНабНћФм
  140   2      
  141   2              if(GPIOx->IntEnable == ENABLE)          P3INTE |=  GPIOx->Pin;     //жаЖЯЪЙФм
  142   2              else                                    P3INTE &=  ~GPIOx->Pin;    //жаЖЯНћФм
  143   2          }
  144   1      
  145   1          if(GPIO == GPIO_P4)
  146   1          {
  147   2              if(GPIOx->Mode == GPIO_FALLING_EDGE)    P4IM1 &= ~GPIOx->Pin,    P4IM0 &= ~GPIOx->Pin;     //ЯТНЕ
             -бижаЖЯ
  148   2              if(GPIOx->Mode == GPIO_RISING_EDGE)     P4IM1 &= ~GPIOx->Pin,    P4IM0 |=  GPIOx->Pin;     //ЩЯЩ§
             -бижаЖЯ
  149   2              if(GPIOx->Mode == GPIO_LOW_LEVEL)       P4IM1 |=  GPIOx->Pin,    P4IM0 &= ~GPIOx->Pin;     //ЕЭЕч
             -ЦНжаЖЯ
  150   2              if(GPIOx->Mode == GPIO_HIGH_LEVEL)      P4IM1 |=  GPIOx->Pin,    P4IM0 |=  GPIOx->Pin;     //ИпЕч
             -ЦНжаЖЯ
  151   2      
  152   2              if(GPIOx->WakeUpEn == ENABLE)           P4WKUE |=  GPIOx->Pin;     //ЕєЕчЛНабЪЙФм
  153   2              else                                    P4WKUE &=  ~GPIOx->Pin;    //ЕєЕчЛНабНћФм
  154   2      
  155   2              if(GPIOx->IntEnable == ENABLE)          P4INTE |=  GPIOx->Pin;     //жаЖЯЪЙФм
  156   2              else                                    P4INTE &=  ~GPIOx->Pin;    //жаЖЯНћФм
  157   2          }
  158   1      
  159   1          if(GPIO == GPIO_P5)
  160   1          {
  161   2              if(GPIOx->Mode == GPIO_FALLING_EDGE)    P5IM1 &= ~GPIOx->Pin,    P5IM0 &= ~GPIOx->Pin;     //ЯТНЕ
             -бижаЖЯ
C251 COMPILER V5.60.0,  AI8051U_GPIO                                                       31/10/25  08:14:11  PAGE 4   

  162   2              if(GPIOx->Mode == GPIO_RISING_EDGE)     P5IM1 &= ~GPIOx->Pin,    P5IM0 |=  GPIOx->Pin;     //ЩЯЩ§
             -бижаЖЯ
  163   2              if(GPIOx->Mode == GPIO_LOW_LEVEL)       P5IM1 |=  GPIOx->Pin,    P5IM0 &= ~GPIOx->Pin;     //ЕЭЕч
             -ЦНжаЖЯ
  164   2              if(GPIOx->Mode == GPIO_HIGH_LEVEL)      P5IM1 |=  GPIOx->Pin,    P5IM0 |=  GPIOx->Pin;     //ИпЕч
             -ЦНжаЖЯ
  165   2      
  166   2              if(GPIOx->WakeUpEn == ENABLE)           P5WKUE |=  GPIOx->Pin;     //ЕєЕчЛНабЪЙФм
  167   2              else                                    P5WKUE &=  ~GPIOx->Pin;    //ЕєЕчЛНабНћФм
  168   2      
  169   2              if(GPIOx->IntEnable == ENABLE)          P5INTE |=  GPIOx->Pin;     //жаЖЯЪЙФм
  170   2              else                                    P5INTE &=  ~GPIOx->Pin;    //жаЖЯНћФм
  171   2          }
  172   1      
  173   1          if(GPIO == GPIO_P6)
  174   1          {
  175   2              if(GPIOx->Mode == GPIO_FALLING_EDGE)    P6IM1 &= ~GPIOx->Pin,    P6IM0 &= ~GPIOx->Pin;     //ЯТНЕ
             -бижаЖЯ
  176   2              if(GPIOx->Mode == GPIO_RISING_EDGE)     P6IM1 &= ~GPIOx->Pin,    P6IM0 |=  GPIOx->Pin;     //ЩЯЩ§
             -бижаЖЯ
  177   2              if(GPIOx->Mode == GPIO_LOW_LEVEL)       P6IM1 |=  GPIOx->Pin,    P6IM0 &= ~GPIOx->Pin;     //ЕЭЕч
             -ЦНжаЖЯ
  178   2              if(GPIOx->Mode == GPIO_HIGH_LEVEL)      P6IM1 |=  GPIOx->Pin,    P6IM0 |=  GPIOx->Pin;     //ИпЕч
             -ЦНжаЖЯ
  179   2      
  180   2              if(GPIOx->WakeUpEn == ENABLE)           P6WKUE |=  GPIOx->Pin;     //ЕєЕчЛНабЪЙФм
  181   2              else                                    P6WKUE &=  ~GPIOx->Pin;    //ЕєЕчЛНабНћФм
  182   2      
  183   2              if(GPIOx->IntEnable == ENABLE)          P6INTE |=  GPIOx->Pin;     //жаЖЯЪЙФм
  184   2              else                                    P6INTE &=  ~GPIOx->Pin;    //жаЖЯНћФм
  185   2          }
  186   1      
  187   1          if(GPIO == GPIO_P7)
  188   1          {
  189   2              if(GPIOx->Mode == GPIO_FALLING_EDGE)    P7IM1 &= ~GPIOx->Pin,    P7IM0 &= ~GPIOx->Pin;     //ЯТНЕ
             -бижаЖЯ
  190   2              if(GPIOx->Mode == GPIO_RISING_EDGE)     P7IM1 &= ~GPIOx->Pin,    P7IM0 |=  GPIOx->Pin;     //ЩЯЩ§
             -бижаЖЯ
  191   2              if(GPIOx->Mode == GPIO_LOW_LEVEL)       P7IM1 |=  GPIOx->Pin,    P7IM0 &= ~GPIOx->Pin;     //ЕЭЕч
             -ЦНжаЖЯ
  192   2              if(GPIOx->Mode == GPIO_HIGH_LEVEL)      P7IM1 |=  GPIOx->Pin,    P7IM0 |=  GPIOx->Pin;     //ИпЕч
             -ЦНжаЖЯ
  193   2      
  194   2              if(GPIOx->WakeUpEn == ENABLE)           P7WKUE |=  GPIOx->Pin;     //ЕєЕчЛНабЪЙФм
  195   2              else                                    P7WKUE &=  ~GPIOx->Pin;    //ЕєЕчЛНабНћФм
  196   2      
  197   2              if(GPIOx->IntEnable == ENABLE)          P7INTE |=  GPIOx->Pin;     //жаЖЯЪЙФм
  198   2              else                                    P7INTE &=  ~GPIOx->Pin;    //жаЖЯНћФм
  199   2          }
  200   1      
  201   1          if(GPIOx->Priority == Priority_0)        PINIPH &= ~(1<<GPIO),    PINIPL &= ~(1<<GPIO);     //жаЖЯгХЯ
             -ШМЖЮЊ0
  202   1          if(GPIOx->Priority == Priority_1)        PINIPH &= ~(1<<GPIO),    PINIPL |=  (1<<GPIO);     //жаЖЯгХЯ
             -ШМЖЮЊ1
  203   1          if(GPIOx->Priority == Priority_2)        PINIPH |=  (1<<GPIO),    PINIPL &= ~(1<<GPIO);     //жаЖЯгХЯ
             -ШМЖЮЊ2
  204   1          if(GPIOx->Priority == Priority_3)        PINIPH |=  (1<<GPIO),    PINIPL |=  (1<<GPIO);     //жаЖЯгХЯ
             -ШМЖЮЊ3
  205   1      
  206   1          return SUCCESS;    //ГЩЙІ
  207   1      }


Module Information          Static   Overlayable
------------------------------------------------
  code size            =      2876     ------
  ecode size           =    ------     ------
C251 COMPILER V5.60.0,  AI8051U_GPIO                                                       31/10/25  08:14:11  PAGE 5   

  data size            =    ------     ------
  idata size           =    ------     ------
  pdata size           =    ------     ------
  xdata size           =    ------     ------
  xdata-const size     =    ------     ------
  edata size           =    ------     ------
  bit size             =    ------     ------
  ebit size            =    ------     ------
  bitaddressable size  =    ------     ------
  ebitaddressable size =    ------     ------
  far data size        =    ------     ------
  huge data size       =    ------     ------
  const size           =    ------     ------
  hconst size          =    ------     ------
End of Module Information.


C251 COMPILATION COMPLETE.  0 WARNING(S),  0 ERROR(S)
