C251 COMPILER V5.60.0,  Foc                                                                06/03/26  11:21:21  PAGE 1   


C251 COMPILER V5.60.0, COMPILATION OF MODULE Foc
OBJECT MODULE PLACED IN .\Objects\Foc.obj
COMPILER INVOKED BY: D:\Keil_v5\C251\BIN\C251.EXE ..\Motor\Foc.c XSMALL INTR2 ROM(HUGE) BROWSE INCDIR(..\LIB;..\Motor) D
                    -EBUG PRINT(.\Listings\Foc.lst) OBJECT(.\Objects\Foc.obj) 

stmt  level    source

    1          #include "AI8051U.h"
    2          #include "Foc.h"
    3          #include "Motor.h"              //ЕчЛњВЮЪ§
    4          #include "math.h"
    5          #include "Protect.h"
    6          #include "def.h"
    7          
    8          float xdata V_bus;
    9          PID_Structure xdata pid_structure_d;
   10          PID_Structure xdata pid_structure_q;
   11          PID_Structure xdata pid_structure_speed;
   12          
   13          Speed_Ramp xdata speed_ramp;
   14          
   15          void Current_Loop(void)
   16          {
   17   1          //1.
   18   1          float ModulationRatio;  //ЕїжЦБШ
   19   1          
   20   1              //2. дЫааВНжш
   21   1              //2.1.ИќаТВЩбљЕчСї
   22   1              phase_current.current_u = ADC_Result_Buffer[0];
   23   1              phase_current.current_v = ADC_Result_Buffer[1];
   24   1              phase_current.current_w = ADC_Result_Buffer[2];
   25   1              //2.2.ТЫВЈ
   26   1              First_Order_LPF(phase_current.current_u, phase_current.current_u_filtered, phase_current.last_value, 0.1
             -);
   27   1              First_Order_LPF(phase_current.current_v, phase_current.current_v_filtered, phase_current.last_value, 0.1
             -);
   28   1              First_Order_LPF(phase_current.current_w, phase_current.current_w_filtered, phase_current.last_value, 0.1
             -);
   29   1      //      First_Order_LPF_Current(phase_current, 0.1);    //ЯрЕчСїИќаТЁЂТЫВЈ
   30   1              
   31   1              //3.ClarkeБфЛЛ
   32   1              alpha_beta_current.current_alpha = phase_current.current_u;
   33   1              alpha_beta_current.current_beta = (phase_current.current_u + 2 * phase_current.current_w) / ONE_DIVIDE_T
             -HE_SQUARE_OF_THREE;
   34   1              
   35   1              //4.ParkБфЛЛ
   36   1              dq_current.current_d = alpha_beta_current.current_alpha * cos(motor_data.electrical_angle) + alpha_beta_
             -current.current_beta * sin(motor_data.electrical_angle);
   37   1              dq_current.current_q = (-alpha_beta_current.current_alpha) * sin(motor_data.electrical_angle) + alpha_be
             -ta_current.current_beta * cos(motor_data.electrical_angle);
   38   1              
   39   1              //5.ЕчСїЛЗPID
   40   1          pid_structure_d.error = dq_current_ref.current_d - dq_current.current_d;
   41   1              PID(&pid_structure_d);
   42   1          pid_structure_q.error = dq_current_ref.current_q - dq_current.current_q;
   43   1          PID(&pid_structure_q);
   44   1          
   45   1          //6.PIDЪфГіЕФПижЦСП
   46   1          dq_voltage_ctl.voltage_d = pid_structure_d.output;
   47   1          dq_voltage_ctl.voltage_q = pid_structure_q.output;
   48   1          
   49   1          /* ЕчСїЯоСї */
   50   1          if(CURRENT_LIMIT_EN == ENABLE)
   51   1          {
   52   2              Current_Limit(&dq_voltage_ctl.voltage_q);
C251 COMPILER V5.60.0,  Foc                                                                06/03/26  11:21:21  PAGE 2   

   53   2          }
   54   1          
   55   1          //7.ЕЅЮЛдВЕїжЦЃЌЕчбЙЯожЦ
   56   1          V_bus = ADC_Result_Buffer[3] * ADC_V_REF * V_BUS_VOLTAGE_DIVISION_RATIO / 4095 ;
   57   1          ModulationRatio = ONE_DIVIDE_THE_SQUARE_OF_THREE_PLUS_ZERO_POINT_NINE * V_bus / sqrt(SQUARE(dq_voltag
             -e_ctl.voltage_d) + SQUARE(dq_voltage_ctl.voltage_q));
   58   1          if(ModulationRatio < 1.0)   //ЕїжЦБШаЁгк1ЃЌЕчбЙЙ§ЕїжЦ
   59   1          {
   60   2              /*Л§ЗжЫјЖЈ*/
   61   2              pid_structure_d.I_EN_FLAG = 0;
   62   2              pid_structure_q.I_EN_FLAG = 0;
   63   2              /*ЕчбЙПижЦжИСюЯоЗљ*/
   64   2              dq_voltage_ctl_limit.voltage_d = dq_voltage_ctl.voltage_d * ModulationRatio;
   65   2              dq_voltage_ctl_limit.voltage_q = dq_voltage_ctl.voltage_q * ModulationRatio;
   66   2          }
   67   1          else
   68   1          {
   69   2              /*Л§ЗжНтЫј*/
   70   2              pid_structure_d.I_EN_FLAG = 1;
   71   2              pid_structure_q.I_EN_FLAG = 1;
   72   2              
   73   2              dq_voltage_ctl_limit.voltage_d = dq_voltage_ctl.voltage_d;
   74   2              dq_voltage_ctl_limit.voltage_q = dq_voltage_ctl.voltage_q;
   75   2          }
   76   1          
   77   1          //8.ЗДparkБфЛЛ
   78   1          alpha_beta_voltage_ctl.voltage_alpha = dq_voltage_ctl_limit.voltage_d * cos(motor_data.electrical_ang
             -le) - dq_voltage_ctl_limit.voltage_q * sin(motor_data.electrical_angle);
   79   1          alpha_beta_voltage_ctl.voltage_beta  = dq_voltage_ctl_limit.voltage_d * sin(motor_data.electrical_ang
             -le) + dq_voltage_ctl_limit.voltage_q * cos(motor_data.electrical_angle);
   80   1          
   81   1          //9.SVPWMЪфГіеМПеБШ
   82   1          SVPWM(&alpha_beta_voltage_ctl, V_bus, 0.00005);
   83   1      }
   84          
   85          void SVPWM(Alpha_Beta_Axis_Voltage xdata *alpha_beta_voltage, float V_bus, float T_pwm)
   86          {
   87   1          Phase_Voltage xdata voltage_abc;
   88   1          u8 xdata n;
   89   1          u8 xdata a, b, c;
   90   1          int16 xdata x, y, z;
   91   1          uint16 xdata timeA, timeB, timeC;
   92   1          
   93   1          //1.ClarkФцБфЛЛ
   94   1          voltage_abc.voltage_u = alpha_beta_voltage->voltage_beta;
   95   1          voltage_abc.voltage_v =SQUARE_ROOT_3_DIVIDE2 * alpha_beta_voltage->voltage_alpha - 0.5 * alpha_beta_v
             -oltage->voltage_beta;
   96   1          voltage_abc.voltage_w = -SQUARE_ROOT_3_DIVIDE2 * alpha_beta_voltage->voltage_alpha - 0.5 * alpha_beta
             -_voltage->voltage_beta;
   97   1          
   98   1          //2.МЦЫуЕчбЙЪИСПЫљдкЕФЩШЧј
   99   1          a = (voltage_abc.voltage_u > 0) ? 1 : 0;
  100   1          b = (voltage_abc.voltage_v > 0) ? 1 : 0;
  101   1          c = (voltage_abc.voltage_w > 0) ? 1 : 0;
  102   1          n = c << 2 + b << 1 + c;
  103   1          
  104   1          //3.МЦЫужаМфБфСП(ИїЩШЧјЕФЛљБОзїгУЪБМф)
  105   1          x = (int16)(SQUARE_ROOT_3 * alpha_beta_voltage->voltage_beta / V_bus * (T_pwm));
  106   1          y = (int16)(SQUARE_ROOT_3 * (SQUARE_ROOT_3_DIVIDE2 * alpha_beta_voltage->voltage_alpha + 0.5 * alpha_
             -beta_voltage->voltage_beta) / V_bus * T_pwm);
  107   1          z = (int16)(SQUARE_ROOT_3 * (-SQUARE_ROOT_3_DIVIDE2 * alpha_beta_voltage->voltage_alpha + 0.5 * alpha
             -_beta_voltage->voltage_beta) / V_bus * T_pwm);
  108   1          
  109   1          //
  110   1          switch(n)
  111   1          {
C251 COMPILER V5.60.0,  Foc                                                                06/03/26  11:21:21  PAGE 3   

  112   2              case 3:
  113   2                      timeA = (uint16)((T_pwm + z - x) / 4);
  114   2                      timeB = (uint16)((T_pwm - z - x) / 4);
  115   2                      timeC = (uint16)((T_pwm - z + x) / 4);
  116   2                      break;
  117   2              case 1:
  118   2                      timeA = (uint16)((T_pwm - z - y) / 4);
  119   2                      timeB = (uint16)((T_pwm + z - y) / 4);
  120   2                      timeC = (uint16)((T_pwm + z + y) / 4);
  121   2                      break;
  122   2              case 5:
  123   2                      timeA = (uint16)((T_pwm - x + y) / 4);
  124   2                      timeB = (uint16)((T_pwm + x + y) / 4);
  125   2                      timeC = (uint16)((T_pwm + x - y) / 4);
  126   2                      break;
  127   2              case 4:
  128   2                      timeA = (uint16)((T_pwm + x - z) / 4);
  129   2                      timeB = (uint16)((T_pwm - x - z) / 4);
  130   2                      timeC = (uint16)((T_pwm - x + z) / 4);
  131   2                      break;
  132   2              case 6:
  133   2                      timeA = (uint16)((T_pwm + y + z) / 4);
  134   2                      timeB = (uint16)((T_pwm - y + z) / 4);
  135   2                      timeC = (uint16)((T_pwm - y - z) / 4);
  136   2                      break;
  137   2              case 2:
  138   2                      timeA = (uint16)((T_pwm - y + x) / 4);
  139   2                      timeB = (uint16)((T_pwm + y + x) / 4);
  140   2                      timeC = (uint16)((T_pwm + y - x) / 4);
  141   2                      break;
  142   2              default:
  143   2                      timeA = (uint16)T_pwm >> 2;
  144   2                      timeB = (uint16)T_pwm >> 2;
  145   2                      timeC = (uint16)T_pwm >> 2;
  146   2                      break;
  147   2          }
  148   1          
  149   1          PWMA_CCR1H = (u8)(timeA >> 8);
  150   1          PWMA_CCR1L = (u8)(timeA & 0xFF);
  151   1          PWMA_CCR2H = (u8)(timeB >> 8);
  152   1          PWMA_CCR2L = (u8)(timeB & 0xFF);
  153   1          PWMA_CCR3H = (u8)(timeC >> 8);
  154   1          PWMA_CCR3L = (u8)(timeC & 0xFF);
  155   1      }
  156          
  157          /*вЛНзЕЭЭЈТЫВЈТЫВЈКЏЪ§*/
  158          void First_Order_LPF(float new_value, float filtered_value, float last_value, float alpha)
  159          {
  160   1              filtered_value = alpha * new_value + (1 - alpha) * last_value;
  161   1              last_value = filtered_value;
  162   1      }
  163          
  164          void PID(PID_Structure xdata *pid_structure)
  165          {
  166   1              //БШР§ЛЗНк
  167   1          pid_structure->P_out = pid_structure->error * pid_structure->P_gain;
  168   1          
  169   1          //Л§ЗжЛЗНк
  170   1          if(pid_structure->I_EN_FLAG == 1)
  171   1          {
  172   2              pid_structure->I_sum += pid_structure->error * pid_structure->I_period;  //Л§ЗжРлМг
  173   2              if(pid_structure->I_sum > pid_structure->I_limit)
  174   2              {
  175   3                  pid_structure->I_sum = pid_structure->I_limit;    
  176   3              }
  177   2              else if(pid_structure->I_sum < -pid_structure->I_limit)
C251 COMPILER V5.60.0,  Foc                                                                06/03/26  11:21:21  PAGE 4   

  178   2              {
  179   3                  pid_structure->I_sum = -pid_structure->I_limit;
  180   3              }
  181   2              pid_structure->I_out = pid_structure->I_sum * pid_structure->I_gain;
  182   2          }
  183   1          //ЮЂЗжЛЗНк
  184   1          pid_structure->D_out = (pid_structure->error - pid_structure->pre_error) * pid_structure->D_gain;
  185   1          pid_structure->pre_error = pid_structure->error;        //БЃДцЩЯвЛДЮЮѓВю
  186   1          
  187   1          //змЪфГі
  188   1          pid_structure->output_ref = pid_structure->P_out + pid_structure->I_out +pid_structure->D_out;
  189   1          if(pid_structure->output_ref > pid_structure->output_limit)
  190   1          {
  191   2              pid_structure->output = pid_structure->output_limit;
  192   2          }
  193   1          else if(pid_structure->output < -pid_structure->output_limit)
  194   1          {
  195   2              pid_structure->output = -pid_structure->output_limit;
  196   2          }
  197   1          
  198   1          //Л§ЗжПЙБЅКЭ
  199   1          pid_structure->I_sum -= pid_structure->Kc_gain * (pid_structure->output_ref - pid_structure->output);
  200   1      }
  201          
  202          /*---------------------------------------------
  203              @ function  : ЫйЖШаБЦТКЏЪ§
  204              @ describe  : ДІРэЪфШыЫйЖШжИСю
  205              @ param     : Motor_Speed НсЙЙЬхжИеы
  206              @ date      : 2026-2-1
  207          -----------------------------------------------*/
  208          void Motor_Speed_Ramp(Motor_Speed xdata *speed)
  209          {
  210   1          if(speed->motor_speed > 0)      //е§зЊ
  211   1          {
  212   2              speed->set_speed = speed->motor_speed;
  213   2              if(speed->target_speed > speed->motor_speed)   //МгЫй
  214   2              {
  215   3                  if(speed->target_speed - speed->motor_speed > speed->acceleration_speed)
  216   3                  {
  217   4                      speed->set_speed += speed->acceleration_speed;
  218   4                  }
  219   3                  else
  220   3                  {
  221   4                      speed->set_speed = speed->target_speed;
  222   4                  }
  223   3              }
  224   2              else                                            //МѕЫй
  225   2              {
  226   3                  if(speed->motor_speed - speed->target_speed > speed->deceleration_speed)
  227   3                  {
  228   4                      speed->set_speed -= speed->deceleration_speed;
  229   4                  }
  230   3                  else
  231   3                  {
  232   4                      speed->set_speed = speed->target_speed;
  233   4                  }
  234   3              }
  235   2          }
  236   1          else    //ЗДзЊ
  237   1          {
  238   2              speed->set_speed = speed->motor_speed;
  239   2              if(speed->target_speed < speed->motor_speed)   //МгЫй
  240   2              {
  241   3                  if(speed->target_speed - speed->motor_speed < -speed->acceleration_speed)
  242   3                  {
  243   4                      speed->set_speed -= speed->acceleration_speed;
C251 COMPILER V5.60.0,  Foc                                                                06/03/26  11:21:21  PAGE 5   

  244   4                  }
  245   3                  else
  246   3                  {
  247   4                      speed->set_speed = speed->target_speed;
  248   4                  }
  249   3              }
  250   2              else                                            //МѕЫй
  251   2              {
  252   3                  if(speed->motor_speed - speed->target_speed < -speed->deceleration_speed)
  253   3                  {
  254   4                      speed->set_speed += speed->deceleration_speed;
  255   4                  }
  256   3                  else
  257   3                  {
  258   4                      speed->set_speed = speed->target_speed;
  259   4                  }
  260   3              }
  261   2          }   
  262   1      }
  263          
  264          /*---------------------------------------------
  265              @ function  : ЫйЖШБфСПИќаТКЏЪ§
  266              @ describe  : ДІРэЪфШыЫйЖШжИСю
  267              @ param     : Motor_Speed НсЙЙЬхжИеы
  268              @ date      : 2026-2-6
  269          -----------------------------------------------*/
  270          void Speed_Update(Motor_Speed xdata *speed)
  271          {
  272   1          speed->motor_speed = motor_data.speed;
  273   1          speed->target_speed = SPEED_MAX * speed->pwm_duty / PWM_DUTY_BASE;      //ФПБъзЊЫй = зюДѓзЊЫй * еМПеБ
             -Ш 
  274   1      }
  275          
  276          /*---------------------------------------------
  277              @ function   : Speed_Loop
  278              @ describe   : ЫйЖШЛЗ
  279              @ param      : None
  280              @ date       : 2026-2-24
  281          ----------------------------------------------*/
  282          void Speed_Loop(void)
  283          {
  284   1          pid_structure_speed.error = motor_speed.target_speed - motor_speed.motor_speed;
  285   1          PID(&pid_structure_speed);
  286   1          dq_voltage_ctl.voltage_q = pid_structure_speed.output;
  287   1      }


Module Information          Static   Overlayable
------------------------------------------------
  code size            =    ------     ------
  ecode size           =      3578     ------
  data size            =    ------     ------
  idata size           =    ------     ------
  pdata size           =    ------     ------
  xdata size           =       203         13
  xdata-const size     =    ------     ------
  edata size           =    ------         13
  bit size             =    ------     ------
  ebit size            =    ------     ------
  bitaddressable size  =    ------     ------
  ebitaddressable size =    ------     ------
  far data size        =    ------     ------
  huge data size       =    ------     ------
  const size           =    ------     ------
  hconst size          =    ------     ------
End of Module Information.


C251 COMPILATION COMPLETE.  0 WARNING(S),  0 ERROR(S)
