C251 COMPILER V5.60.0,  GPIO                                                               12/06/26  11:03:17  PAGE 1   


C251 COMPILER V5.60.0, COMPILATION OF MODULE GPIO
OBJECT MODULE PLACED IN .\Objects\GPIO.obj
COMPILER INVOKED BY: D:\Keil_v5\C251\BIN\C251.EXE ..\LIB\GPIO.c XSMALL INTR2 ROM(HUGE) BROWSE INCDIR(..\LIB;..\Motor) DE
                    -BUG PRINT(.\Listings\GPIO.lst) OBJECT(.\Objects\GPIO.obj) 

stmt  level    source

    1          /*---------------------------------------------------------------------*/
    2          /* --- Web: www.STCAI.com ---------------------------------------------*/
    3          /*---------------------------------------------------------------------*/
    4          
    5          #include "GPIO.h"
    6          
    7          
    8          
    9          //========================================================================
   10          // КЏЪ§: u8 GPIO_Inilize(u8 GPIO, GPIO_InitTypeDef *GPIOx)
   11          // УшЪі: ГѕЪМЛЏIOПк.
   12          // ВЮЪ§: GPIOx: НсЙЙВЮЪ§,ЧыВЮПМЭЗЮФМўРяЕФЖЈвх.
   13          // ЗЕЛи: ГЩЙІЗЕЛи SUCCESS, ДэЮѓЗЕЛи FAIL.
   14          // АцБО: V1.0, 2012-10-22
   15          //========================================================================
   16          u8 GPIO_Inilize(u8 GPIO, GPIO_InitTypeDef *GPIOx)
   17          {
   18   1          if(GPIO > GPIO_P7)               return FAIL;    //ДэЮѓ
   19   1          if(GPIOx->Mode > GPIO_OUT_PP)    return FAIL;    //ДэЮѓ
   20   1              
   21   1          if(GPIO == GPIO_P0)
   22   1          {
   23   2              if(GPIOx->Mode == GPIO_PullUp)        P0M1 &= ~GPIOx->Pin,    P0M0 &= ~GPIOx->Pin;     //ЩЯР­зМЫЋ
             -ЯђПк
   24   2              if(GPIOx->Mode == GPIO_HighZ)         P0M1 |=  GPIOx->Pin,    P0M0 &= ~GPIOx->Pin;     //ИЁПеЪфШы
   25   2              if(GPIOx->Mode == GPIO_OUT_OD)        P0M1 |=  GPIOx->Pin,    P0M0 |=  GPIOx->Pin;     //ПЊТЉЪфГі
   26   2              if(GPIOx->Mode == GPIO_OUT_PP)        P0M1 &= ~GPIOx->Pin,    P0M0 |=  GPIOx->Pin;     //ЭЦЭьЪфГі
   27   2          }
   28   1          if(GPIO == GPIO_P1)
   29   1          {
   30   2              if(GPIOx->Mode == GPIO_PullUp)        P1M1 &= ~GPIOx->Pin,    P1M0 &= ~GPIOx->Pin;     //ЩЯР­зМЫЋ
             -ЯђПк
   31   2              if(GPIOx->Mode == GPIO_HighZ)         P1M1 |=  GPIOx->Pin,    P1M0 &= ~GPIOx->Pin;     //ИЁПеЪфШы
   32   2              if(GPIOx->Mode == GPIO_OUT_OD)        P1M1 |=  GPIOx->Pin,    P1M0 |=  GPIOx->Pin;     //ПЊТЉЪфГі
   33   2              if(GPIOx->Mode == GPIO_OUT_PP)        P1M1 &= ~GPIOx->Pin,    P1M0 |=  GPIOx->Pin;     //ЭЦЭьЪфГі
   34   2          }
   35   1          if(GPIO == GPIO_P2)
   36   1          {
   37   2              if(GPIOx->Mode == GPIO_PullUp)        P2M1 &= ~GPIOx->Pin,    P2M0 &= ~GPIOx->Pin;     //ЩЯР­зМЫЋ
             -ЯђПк
   38   2              if(GPIOx->Mode == GPIO_HighZ)         P2M1 |=  GPIOx->Pin,    P2M0 &= ~GPIOx->Pin;     //ИЁПеЪфШы
   39   2              if(GPIOx->Mode == GPIO_OUT_OD)        P2M1 |=  GPIOx->Pin,    P2M0 |=  GPIOx->Pin;     //ПЊТЉЪфГі
   40   2              if(GPIOx->Mode == GPIO_OUT_PP)        P2M1 &= ~GPIOx->Pin,    P2M0 |=  GPIOx->Pin;     //ЭЦЭьЪфГі
   41   2          }
   42   1          if(GPIO == GPIO_P3)
   43   1          {
   44   2              if(GPIOx->Mode == GPIO_PullUp)        P3M1 &= ~GPIOx->Pin,    P3M0 &= ~GPIOx->Pin;     //ЩЯР­зМЫЋ
             -ЯђПк
   45   2              if(GPIOx->Mode == GPIO_HighZ)         P3M1 |=  GPIOx->Pin,    P3M0 &= ~GPIOx->Pin;     //ИЁПеЪфШы
   46   2              if(GPIOx->Mode == GPIO_OUT_OD)        P3M1 |=  GPIOx->Pin,    P3M0 |=  GPIOx->Pin;     //ПЊТЉЪфГі
   47   2              if(GPIOx->Mode == GPIO_OUT_PP)        P3M1 &= ~GPIOx->Pin,    P3M0 |=  GPIOx->Pin;     //ЭЦЭьЪфГі
   48   2          }
   49   1          if(GPIO == GPIO_P4)
   50   1          {
   51   2              if(GPIOx->Mode == GPIO_PullUp)        P4M1 &= ~GPIOx->Pin,    P4M0 &= ~GPIOx->Pin;     //ЩЯР­зМЫЋ
             -ЯђПк
   52   2              if(GPIOx->Mode == GPIO_HighZ)         P4M1 |=  GPIOx->Pin,    P4M0 &= ~GPIOx->Pin;     //ИЁПеЪфШы
   53   2              if(GPIOx->Mode == GPIO_OUT_OD)        P4M1 |=  GPIOx->Pin,    P4M0 |=  GPIOx->Pin;     //ПЊТЉЪфГі
C251 COMPILER V5.60.0,  GPIO                                                               12/06/26  11:03:17  PAGE 2   

   54   2              if(GPIOx->Mode == GPIO_OUT_PP)        P4M1 &= ~GPIOx->Pin,    P4M0 |=  GPIOx->Pin;     //ЭЦЭьЪфГі
   55   2          }
   56   1          if(GPIO == GPIO_P5)
   57   1          {
   58   2              if(GPIOx->Mode == GPIO_PullUp)        P5M1 &= ~GPIOx->Pin,    P5M0 &= ~GPIOx->Pin;     //ЩЯР­зМЫЋ
             -ЯђПк
   59   2              if(GPIOx->Mode == GPIO_HighZ)         P5M1 |=  GPIOx->Pin,    P5M0 &= ~GPIOx->Pin;     //ИЁПеЪфШы
   60   2              if(GPIOx->Mode == GPIO_OUT_OD)        P5M1 |=  GPIOx->Pin,    P5M0 |=  GPIOx->Pin;     //ПЊТЉЪфГі
   61   2              if(GPIOx->Mode == GPIO_OUT_PP)        P5M1 &= ~GPIOx->Pin,    P5M0 |=  GPIOx->Pin;     //ЭЦЭьЪфГі
   62   2          }
   63   1          if(GPIO == GPIO_P6)
   64   1          {
   65   2              if(GPIOx->Mode == GPIO_PullUp)        P6M1 &= ~GPIOx->Pin,    P6M0 &= ~GPIOx->Pin;     //ЩЯР­зМЫЋ
             -ЯђПк
   66   2              if(GPIOx->Mode == GPIO_HighZ)         P6M1 |=  GPIOx->Pin,    P6M0 &= ~GPIOx->Pin;     //ИЁПеЪфШы
   67   2              if(GPIOx->Mode == GPIO_OUT_OD)        P6M1 |=  GPIOx->Pin,    P6M0 |=  GPIOx->Pin;     //ПЊТЉЪфГі
   68   2              if(GPIOx->Mode == GPIO_OUT_PP)        P6M1 &= ~GPIOx->Pin,    P6M0 |=  GPIOx->Pin;     //ЭЦЭьЪфГі
   69   2          }
   70   1          if(GPIO == GPIO_P7)
   71   1          {
   72   2              if(GPIOx->Mode == GPIO_PullUp)        P7M1 &= ~GPIOx->Pin,    P7M0 &= ~GPIOx->Pin;     //ЩЯР­зМЫЋ
             -ЯђПк
   73   2              if(GPIOx->Mode == GPIO_HighZ)         P7M1 |=  GPIOx->Pin,    P7M0 &= ~GPIOx->Pin;     //ИЁПеЪфШы
   74   2              if(GPIOx->Mode == GPIO_OUT_OD)        P7M1 |=  GPIOx->Pin,    P7M0 |=  GPIOx->Pin;     //ПЊТЉЪфГі
   75   2              if(GPIOx->Mode == GPIO_OUT_PP)        P7M1 &= ~GPIOx->Pin,    P7M0 |=  GPIOx->Pin;     //ЭЦЭьЪфГі
   76   2          }
   77   1          return SUCCESS;    //ГЩЙІ
   78   1      }
   79          
   80          //========================================================================
   81          // КЏЪ§: u8 GPIO_INT_Inilize(u8 GPIO, GPIO_Int_InitTypeDef *GPIOx)
   82          // УшЪі: ГѕЪМЛЏIOПкжаЖЯ.
   83          // ВЮЪ§: GPIOx: НсЙЙВЮЪ§,ЧыВЮПМЭЗЮФМўРяЕФЖЈвх.
   84          // ЗЕЛи: ГЩЙІЗЕЛи SUCCESS, ДэЮѓЗЕЛи FAIL.
   85          // АцБО: V1.0, 2025-02-11
   86          //========================================================================
   87          u8 GPIO_INT_Inilize(u8 GPIO, GPIO_Int_InitTypeDef *GPIOx)
   88          {
   89   1          if(GPIO > GPIO_P7)                   return FAIL;    //ДэЮѓ
   90   1          if(GPIOx->Mode > GPIO_HIGH_LEVEL)    return FAIL;    //ДэЮѓ
   91   1      
   92   1          if(GPIO == GPIO_P0)
   93   1          {
   94   2              if(GPIOx->Mode == GPIO_FALLING_EDGE)    P0IM1 &= ~GPIOx->Pin,    P0IM0 &= ~GPIOx->Pin;     //ЯТНЕ
             -бижаЖЯ
   95   2              if(GPIOx->Mode == GPIO_RISING_EDGE)     P0IM1 &= ~GPIOx->Pin,    P0IM0 |=  GPIOx->Pin;     //ЩЯЩ§
             -бижаЖЯ
   96   2              if(GPIOx->Mode == GPIO_LOW_LEVEL)       P0IM1 |=  GPIOx->Pin,    P0IM0 &= ~GPIOx->Pin;     //ЕЭЕч
             -ЦНжаЖЯ
   97   2              if(GPIOx->Mode == GPIO_HIGH_LEVEL)      P0IM1 |=  GPIOx->Pin,    P0IM0 |=  GPIOx->Pin;     //ИпЕч
             -ЦНжаЖЯ
   98   2      
   99   2              if(GPIOx->WakeUpEn == ENABLE)           P0WKUE |=  GPIOx->Pin;     //ЕєЕчЛНабЪЙФм
  100   2              else                                    P0WKUE &=  ~GPIOx->Pin;    //ЕєЕчЛНабНћФм
  101   2      
  102   2              if(GPIOx->IntEnable == ENABLE)          P0INTE |=  GPIOx->Pin;     //жаЖЯЪЙФм
  103   2              else                                    P0INTE &=  ~GPIOx->Pin;    //жаЖЯНћФм
  104   2          }
  105   1      
  106   1          if(GPIO == GPIO_P1)
  107   1          {
  108   2              if(GPIOx->Mode == GPIO_FALLING_EDGE)    P1IM1 &= ~GPIOx->Pin,    P1IM0 &= ~GPIOx->Pin;     //ЯТНЕ
             -бижаЖЯ
  109   2              if(GPIOx->Mode == GPIO_RISING_EDGE)     P1IM1 &= ~GPIOx->Pin,    P1IM0 |=  GPIOx->Pin;     //ЩЯЩ§
             -бижаЖЯ
  110   2              if(GPIOx->Mode == GPIO_LOW_LEVEL)       P1IM1 |=  GPIOx->Pin,    P1IM0 &= ~GPIOx->Pin;     //ЕЭЕч
C251 COMPILER V5.60.0,  GPIO                                                               12/06/26  11:03:17  PAGE 3   

             -ЦНжаЖЯ
  111   2              if(GPIOx->Mode == GPIO_HIGH_LEVEL)      P1IM1 |=  GPIOx->Pin,    P1IM0 |=  GPIOx->Pin;     //ИпЕч
             -ЦНжаЖЯ
  112   2      
  113   2              if(GPIOx->WakeUpEn == ENABLE)           P1WKUE |=  GPIOx->Pin;     //ЕєЕчЛНабЪЙФм
  114   2              else                                    P1WKUE &=  ~GPIOx->Pin;    //ЕєЕчЛНабНћФм
  115   2      
  116   2              if(GPIOx->IntEnable == ENABLE)          P1INTE |=  GPIOx->Pin;     //жаЖЯЪЙФм
  117   2              else                                    P1INTE &=  ~GPIOx->Pin;    //жаЖЯНћФм
  118   2          }
  119   1      
  120   1          if(GPIO == GPIO_P2)
  121   1          {
  122   2              if(GPIOx->Mode == GPIO_FALLING_EDGE)    P2IM1 &= ~GPIOx->Pin,    P2IM0 &= ~GPIOx->Pin;     //ЯТНЕ
             -бижаЖЯ
  123   2              if(GPIOx->Mode == GPIO_RISING_EDGE)     P2IM1 &= ~GPIOx->Pin,    P2IM0 |=  GPIOx->Pin;     //ЩЯЩ§
             -бижаЖЯ
  124   2              if(GPIOx->Mode == GPIO_LOW_LEVEL)       P2IM1 |=  GPIOx->Pin,    P2IM0 &= ~GPIOx->Pin;     //ЕЭЕч
             -ЦНжаЖЯ
  125   2              if(GPIOx->Mode == GPIO_HIGH_LEVEL)      P2IM1 |=  GPIOx->Pin,    P2IM0 |=  GPIOx->Pin;     //ИпЕч
             -ЦНжаЖЯ
  126   2      
  127   2              if(GPIOx->WakeUpEn == ENABLE)           P2WKUE |=  GPIOx->Pin;     //ЕєЕчЛНабЪЙФм
  128   2              else                                    P2WKUE &=  ~GPIOx->Pin;    //ЕєЕчЛНабНћФм
  129   2      
  130   2              if(GPIOx->IntEnable == ENABLE)          P2INTE |=  GPIOx->Pin;     //жаЖЯЪЙФм
  131   2              else                                    P2INTE &=  ~GPIOx->Pin;    //жаЖЯНћФм
  132   2          }
  133   1      
  134   1          if(GPIO == GPIO_P3)
  135   1          {
  136   2              if(GPIOx->Mode == GPIO_FALLING_EDGE)    P3IM1 &= ~GPIOx->Pin,    P3IM0 &= ~GPIOx->Pin;     //ЯТНЕ
             -бижаЖЯ
  137   2              if(GPIOx->Mode == GPIO_RISING_EDGE)     P3IM1 &= ~GPIOx->Pin,    P3IM0 |=  GPIOx->Pin;     //ЩЯЩ§
             -бижаЖЯ
  138   2              if(GPIOx->Mode == GPIO_LOW_LEVEL)       P3IM1 |=  GPIOx->Pin,    P3IM0 &= ~GPIOx->Pin;     //ЕЭЕч
             -ЦНжаЖЯ
  139   2              if(GPIOx->Mode == GPIO_HIGH_LEVEL)      P3IM1 |=  GPIOx->Pin,    P3IM0 |=  GPIOx->Pin;     //ИпЕч
             -ЦНжаЖЯ
  140   2      
  141   2              if(GPIOx->WakeUpEn == ENABLE)           P3WKUE |=  GPIOx->Pin;     //ЕєЕчЛНабЪЙФм
  142   2              else                                    P3WKUE &=  ~GPIOx->Pin;    //ЕєЕчЛНабНћФм
  143   2      
  144   2              if(GPIOx->IntEnable == ENABLE)          P3INTE |=  GPIOx->Pin;     //жаЖЯЪЙФм
  145   2              else                                    P3INTE &=  ~GPIOx->Pin;    //жаЖЯНћФм
  146   2          }
  147   1      
  148   1          if(GPIO == GPIO_P4)
  149   1          {
  150   2              if(GPIOx->Mode == GPIO_FALLING_EDGE)    P4IM1 &= ~GPIOx->Pin,    P4IM0 &= ~GPIOx->Pin;     //ЯТНЕ
             -бижаЖЯ
  151   2              if(GPIOx->Mode == GPIO_RISING_EDGE)     P4IM1 &= ~GPIOx->Pin,    P4IM0 |=  GPIOx->Pin;     //ЩЯЩ§
             -бижаЖЯ
  152   2              if(GPIOx->Mode == GPIO_LOW_LEVEL)       P4IM1 |=  GPIOx->Pin,    P4IM0 &= ~GPIOx->Pin;     //ЕЭЕч
             -ЦНжаЖЯ
  153   2              if(GPIOx->Mode == GPIO_HIGH_LEVEL)      P4IM1 |=  GPIOx->Pin,    P4IM0 |=  GPIOx->Pin;     //ИпЕч
             -ЦНжаЖЯ
  154   2      
  155   2              if(GPIOx->WakeUpEn == ENABLE)           P4WKUE |=  GPIOx->Pin;     //ЕєЕчЛНабЪЙФм
  156   2              else                                    P4WKUE &=  ~GPIOx->Pin;    //ЕєЕчЛНабНћФм
  157   2      
  158   2              if(GPIOx->IntEnable == ENABLE)          P4INTE |=  GPIOx->Pin;     //жаЖЯЪЙФм
  159   2              else                                    P4INTE &=  ~GPIOx->Pin;    //жаЖЯНћФм
  160   2          }
  161   1      
  162   1          if(GPIO == GPIO_P5)
C251 COMPILER V5.60.0,  GPIO                                                               12/06/26  11:03:17  PAGE 4   

  163   1          {
  164   2              if(GPIOx->Mode == GPIO_FALLING_EDGE)    P5IM1 &= ~GPIOx->Pin,    P5IM0 &= ~GPIOx->Pin;     //ЯТНЕ
             -бижаЖЯ
  165   2              if(GPIOx->Mode == GPIO_RISING_EDGE)     P5IM1 &= ~GPIOx->Pin,    P5IM0 |=  GPIOx->Pin;     //ЩЯЩ§
             -бижаЖЯ
  166   2              if(GPIOx->Mode == GPIO_LOW_LEVEL)       P5IM1 |=  GPIOx->Pin,    P5IM0 &= ~GPIOx->Pin;     //ЕЭЕч
             -ЦНжаЖЯ
  167   2              if(GPIOx->Mode == GPIO_HIGH_LEVEL)      P5IM1 |=  GPIOx->Pin,    P5IM0 |=  GPIOx->Pin;     //ИпЕч
             -ЦНжаЖЯ
  168   2      
  169   2              if(GPIOx->WakeUpEn == ENABLE)           P5WKUE |=  GPIOx->Pin;     //ЕєЕчЛНабЪЙФм
  170   2              else                                    P5WKUE &=  ~GPIOx->Pin;    //ЕєЕчЛНабНћФм
  171   2      
  172   2              if(GPIOx->IntEnable == ENABLE)          P5INTE |=  GPIOx->Pin;     //жаЖЯЪЙФм
  173   2              else                                    P5INTE &=  ~GPIOx->Pin;    //жаЖЯНћФм
  174   2          }
  175   1      
  176   1          if(GPIO == GPIO_P6)
  177   1          {
  178   2              if(GPIOx->Mode == GPIO_FALLING_EDGE)    P6IM1 &= ~GPIOx->Pin,    P6IM0 &= ~GPIOx->Pin;     //ЯТНЕ
             -бижаЖЯ
  179   2              if(GPIOx->Mode == GPIO_RISING_EDGE)     P6IM1 &= ~GPIOx->Pin,    P6IM0 |=  GPIOx->Pin;     //ЩЯЩ§
             -бижаЖЯ
  180   2              if(GPIOx->Mode == GPIO_LOW_LEVEL)       P6IM1 |=  GPIOx->Pin,    P6IM0 &= ~GPIOx->Pin;     //ЕЭЕч
             -ЦНжаЖЯ
  181   2              if(GPIOx->Mode == GPIO_HIGH_LEVEL)      P6IM1 |=  GPIOx->Pin,    P6IM0 |=  GPIOx->Pin;     //ИпЕч
             -ЦНжаЖЯ
  182   2      
  183   2              if(GPIOx->WakeUpEn == ENABLE)           P6WKUE |=  GPIOx->Pin;     //ЕєЕчЛНабЪЙФм
  184   2              else                                    P6WKUE &=  ~GPIOx->Pin;    //ЕєЕчЛНабНћФм
  185   2      
  186   2              if(GPIOx->IntEnable == ENABLE)          P6INTE |=  GPIOx->Pin;     //жаЖЯЪЙФм
  187   2              else                                    P6INTE &=  ~GPIOx->Pin;    //жаЖЯНћФм
  188   2          }
  189   1      
  190   1          if(GPIO == GPIO_P7)
  191   1          {
  192   2              if(GPIOx->Mode == GPIO_FALLING_EDGE)    P7IM1 &= ~GPIOx->Pin,    P7IM0 &= ~GPIOx->Pin;     //ЯТНЕ
             -бижаЖЯ
  193   2              if(GPIOx->Mode == GPIO_RISING_EDGE)     P7IM1 &= ~GPIOx->Pin,    P7IM0 |=  GPIOx->Pin;     //ЩЯЩ§
             -бижаЖЯ
  194   2              if(GPIOx->Mode == GPIO_LOW_LEVEL)       P7IM1 |=  GPIOx->Pin,    P7IM0 &= ~GPIOx->Pin;     //ЕЭЕч
             -ЦНжаЖЯ
  195   2              if(GPIOx->Mode == GPIO_HIGH_LEVEL)      P7IM1 |=  GPIOx->Pin,    P7IM0 |=  GPIOx->Pin;     //ИпЕч
             -ЦНжаЖЯ
  196   2      
  197   2              if(GPIOx->WakeUpEn == ENABLE)           P7WKUE |=  GPIOx->Pin;     //ЕєЕчЛНабЪЙФм
  198   2              else                                    P7WKUE &=  ~GPIOx->Pin;    //ЕєЕчЛНабНћФм
  199   2      
  200   2              if(GPIOx->IntEnable == ENABLE)          P7INTE |=  GPIOx->Pin;     //жаЖЯЪЙФм
  201   2              else                                    P7INTE &=  ~GPIOx->Pin;    //жаЖЯНћФм
  202   2          }
  203   1      
  204   1          if(GPIOx->Priority == Priority_0)        PINIPH &= ~(1<<GPIO),    PINIPL &= ~(1<<GPIO);     //жаЖЯгХЯ
             -ШМЖЮЊ0
  205   1          if(GPIOx->Priority == Priority_1)        PINIPH &= ~(1<<GPIO),    PINIPL |=  (1<<GPIO);     //жаЖЯгХЯ
             -ШМЖЮЊ1
  206   1          if(GPIOx->Priority == Priority_2)        PINIPH |=  (1<<GPIO),    PINIPL &= ~(1<<GPIO);     //жаЖЯгХЯ
             -ШМЖЮЊ2
  207   1          if(GPIOx->Priority == Priority_3)        PINIPH |=  (1<<GPIO),    PINIPL |=  (1<<GPIO);     //жаЖЯгХЯ
             -ШМЖЮЊ3
  208   1      
  209   1          return SUCCESS;    //ГЩЙІ
  210   1      }


C251 COMPILER V5.60.0,  GPIO                                                               12/06/26  11:03:17  PAGE 5   

Module Information          Static   Overlayable
------------------------------------------------
  code size            =    ------     ------
  ecode size           =      2875     ------
  data size            =    ------     ------
  idata size           =    ------     ------
  pdata size           =    ------     ------
  xdata size           =    ------     ------
  xdata-const size     =    ------     ------
  edata size           =    ------     ------
  bit size             =    ------     ------
  ebit size            =    ------     ------
  bitaddressable size  =    ------     ------
  ebitaddressable size =    ------     ------
  far data size        =    ------     ------
  huge data size       =    ------     ------
  const size           =    ------     ------
  hconst size          =    ------     ------
End of Module Information.


C251 COMPILATION COMPLETE.  0 WARNING(S),  0 ERROR(S)
