C251 COMPILER V5.60.0,  I2C                                                                21/05/26  11:01:04  PAGE 1   


C251 COMPILER V5.60.0, COMPILATION OF MODULE I2C
OBJECT MODULE PLACED IN .\Objects\I2C.obj
COMPILER INVOKED BY: D:\Keil_v5\C251\BIN\C251.EXE ..\LIB\I2C.c XSMALL INTR2 ROM(HUGE) BROWSE INCDIR(..\LIB;..\Motor) DEB
                    -UG PRINT(.\Listings\I2C.lst) OBJECT(.\Objects\I2C.obj) 

stmt  level    source

    1          /*---------------------------------------------------------------------*/
    2          /* --- Web: www.STCAI.com ---------------------------------------------*/
    3          /*---------------------------------------------------------------------*/
    4          
    5          #include "I2C.h"
    6          
    7          u8 I2C_BUF_type I2C_Buffer[I2C_BUF_LENTH];
    8          
    9          //========================================================================
   10          // 函数: void I2C_Init(I2C_InitTypeDef *I2Cx)
   11          // 描述: I2C初始化程序.
   12          // 参数: I2Cx: 结构参数,请参考I2C.h里的定义.
   13          // 返回: none.
   14          // 版本: V1.0, 2012-11-22
   15          //========================================================================
   16          void I2C_Init(I2C_InitTypeDef *I2Cx)
   17          {
   18   1              if(I2Cx->I2C_Mode == I2C_Mode_Master)
   19   1              {
   20   2                      I2C_Master();                   //设为主机      
   21   2                      I2CMSST = 0x00;         //清除I2C主机状态寄存器
   22   2                      I2C_SetSpeed(I2Cx->I2C_Speed);
   23   2                      if(I2Cx->I2C_MS_WDTA == ENABLE)         I2C_WDTA_EN();  //使能自动发送
   24   2                      else                                                                    I2C_WDTA_DIS(); //禁止自动发送
   25   2              }
   26   1              else
   27   1              {
   28   2                      I2C_Slave();    //设为从机
   29   2                      I2CSLST = 0x00;         //清除I2C从机状态寄存器
   30   2                      I2C_Address(I2Cx->I2C_SL_ADR);
   31   2                      if(I2Cx->I2C_SL_MA == ENABLE)           I2C_MATCH_EN(); //从机地址比较功能，只接受相匹配地址
   32   2                      else                                                                    I2C_MATCH_DIS();        //禁止从机地址比较功能，接受所有设备地址
   33   2              }
   34   1              
   35   1              I2C_Function(I2Cx->I2C_Enable);
   36   1      }
   37          
   38          //========================================================================
   39          // 函数: u8     Get_MSBusy_Status (void)
   40          // 描述: 获取主机忙碌状态.
   41          // 参数: none.
   42          // 返回: 主机忙碌状态.
   43          // 版本: V1.0, 2012-11-22
   44          //========================================================================
   45          u8 Get_MSBusy_Status(void)
   46          {
   47   1              return (I2CMSST & 0x80);
   48   1      }
   49          
   50          //========================================================================
   51          // 函数: void   Wait (void)
   52          // 描述: 等待主机模式I2C控制器执行完成I2CMSCR.
   53          // 参数: none.
   54          // 返回: none.
   55          // 版本: V1.0, 2012-11-22
   56          //========================================================================
   57          void Wait()
   58          {
C251 COMPILER V5.60.0,  I2C                                                                21/05/26  11:01:04  PAGE 2   

   59   1              while (!(I2CMSST & 0x40));
   60   1              I2CMSST &= ~0x40;
   61   1      }
   62          
   63          //========================================================================
   64          // 函数: void Start (void)
   65          // 描述: I2C总线起始函数.
   66          // 参数: none.
   67          // 返回: none.
   68          // 版本: V1.0, 2020-09-15
   69          //========================================================================
   70          void Start()
   71          {
   72   1              I2CMSCR = 0x01;                         //发送START命令
   73   1              Wait();
   74   1      }
   75          
   76          //========================================================================
   77          // 函数: void SendData (char dat)
   78          // 描述: I2C发送一个字节数据函数.
   79          // 参数: 发送的数据.
   80          // 返回: none.
   81          // 版本: V1.0, 2020-09-15
   82          //========================================================================
   83          void SendData(char dat)
   84          {
   85   1              I2CTXD = dat;                           //写数据到数据缓冲区
   86   1              I2CMSCR = 0x02;                         //发送SEND命令
   87   1              Wait();
   88   1      }
   89          
   90          //========================================================================
   91          // 函数: void RecvACK (void)
   92          // 描述: I2C获取ACK函数.
   93          // 参数: none.
   94          // 返回: none.
   95          // 版本: V1.0, 2020-09-15
   96          //========================================================================
   97          void RecvACK()
   98          {
   99   1              I2CMSCR = 0x03;                         //发送读ACK命令
  100   1              Wait();
  101   1      }
  102          
  103          //========================================================================
  104          // 函数: char RecvData (void)
  105          // 描述: I2C读取一个字节数据函数.
  106          // 参数: none.
  107          // 返回: 读取数据.
  108          // 版本: V1.0, 2020-09-15
  109          //========================================================================
  110          char RecvData()
  111          {
  112   1              I2CMSCR = 0x04;                         //发送RECV命令
  113   1              Wait();
  114   1              return I2CRXD;
  115   1      }
  116          
  117          //========================================================================
  118          // 函数: void SendACK (void)
  119          // 描述: I2C发送ACK函数.
  120          // 参数: none.
  121          // 返回: none.
  122          // 版本: V1.0, 2020-09-15
  123          //========================================================================
  124          void SendACK()
C251 COMPILER V5.60.0,  I2C                                                                21/05/26  11:01:04  PAGE 3   

  125          {
  126   1              I2CMSST = 0x00;                         //设置ACK信号
  127   1              I2CMSCR = 0x05;                         //发送ACK命令
  128   1              Wait();
  129   1      }
  130          
  131          //========================================================================
  132          // 函数: void SendNAK (void)
  133          // 描述: I2C发送NAK函数.
  134          // 参数: none.
  135          // 返回: none.
  136          // 版本: V1.0, 2020-09-15
  137          //========================================================================
  138          void SendNAK()
  139          {
  140   1              I2CMSST = 0x01;                         //设置NAK信号
  141   1              I2CMSCR = 0x05;                         //发送ACK命令
  142   1              Wait();
  143   1      }
  144          
  145          //========================================================================
  146          // 函数: void Stop (void)
  147          // 描述: I2C总线停止函数.
  148          // 参数: none.
  149          // 返回: none.
  150          // 版本: V1.0, 2020-09-15
  151          //========================================================================
  152          void Stop()
  153          {
  154   1              I2CMSCR = 0x06;                         //发送STOP命令
  155   1              Wait();
  156   1      }
  157          
  158          //========================================================================
  159          // 函数: void SendCmdData (u8 cmd, u8 dat)
  160          // 描述: I2C发送一个字节数据函数.
  161          // 参数: 命令/数据.
  162          // 返回: none.
  163          // 版本: V1.0, 2020-09-15
  164          //========================================================================
  165          void SendCmdData(u8 cmd, u8 dat)
  166          {
  167   1              I2CTXD = dat;                           //写数据到数据缓冲区
  168   1              I2CMSCR = cmd;                          //设置命令
  169   1              Wait();
  170   1      }
  171          
  172          //========================================================================
  173          // 函数: void I2C_WriteNbyte(u8 dev_addr, u8 mem_addr, u8 *p, u8 number)
  174          // 描述: I2C写入数据函数.
  175          // 参数: dev_addr: 设备地址, mem_addr: 存储地址, *p写入数据存储位置, number写入数据个数.
  176          // 返回: none.
  177          // 版本: V1.0, 2020-09-15
  178          //========================================================================
  179          void I2C_WriteNbyte(u8 dev_addr, u8 mem_addr, u8 *p, u8 number)  /*  DeviceAddress,WordAddress,First Data
             - Address,Byte lenth   */
  180          {
  181   1              Start();                                //发送起始命令
  182   1              SendData(dev_addr);                     //发送设备地址+写命令
  183   1              RecvACK();
  184   1              SendData(mem_addr);                     //发送存储地址
  185   1              RecvACK();
  186   1              do
  187   1              {
  188   2                      SendData(*p++);
  189   2                      RecvACK();
C251 COMPILER V5.60.0,  I2C                                                                21/05/26  11:01:04  PAGE 4   

  190   2              }
  191   1              while(--number);
  192   1              Stop();                                 //发送停止命令
  193   1      }
  194          
  195          //========================================================================
  196          // 函数: void I2C_ReadNbyte(u8 dev_addr, u8 mem_addr, u8 *p, u8 number)
  197          // 描述: I2C读取数据函数.
  198          // 参数: dev_addr: 设备地址, mem_addr: 存储地址, *p读取数据存储位置, number读取数据个数.
  199          // 返回: none.
  200          // 版本: V1.0, 2020-09-15
  201          //========================================================================
  202          void I2C_ReadNbyte(u8 dev_addr, u8 mem_addr, u8 *p, u8 number)   /*  DeviceAddress,WordAddress,First Data
             - Address,Byte lenth   */
  203          {
  204   1              Start();                                //发送起始命令
  205   1              SendData(dev_addr);                     //发送设备地址+写命令
  206   1              RecvACK();
  207   1              SendData(mem_addr);                     //发送存储地址
  208   1              RecvACK();
  209   1              Start();                                //发送起始命令
  210   1              SendData(dev_addr|1);                   //发送设备地址+读命令
  211   1              RecvACK();
  212   1              do
  213   1              {
  214   2                      *p = RecvData();
  215   2                      p++;
  216   2                      if(number != 1) SendACK();          //send ACK
  217   2              }
  218   1              while(--number);
  219   1              SendNAK();                              //send no ACK   
  220   1              Stop();                                 //发送停止命令
  221   1      }


Module Information          Static   Overlayable
------------------------------------------------
  code size            =    ------     ------
  ecode size           =       583     ------
  data size            =    ------     ------
  idata size           =    ------     ------
  pdata size           =    ------     ------
  xdata size           =    ------     ------
  xdata-const size     =    ------     ------
  edata size           =         8          6
  bit size             =    ------     ------
  ebit size            =    ------     ------
  bitaddressable size  =    ------     ------
  ebitaddressable size =    ------     ------
  far data size        =    ------     ------
  huge data size       =    ------     ------
  const size           =    ------     ------
  hconst size          =    ------     ------
End of Module Information.


C251 COMPILATION COMPLETE.  0 WARNING(S),  0 ERROR(S)
