C251 COMPILER V5.60.0,  main                                                               03/03/26  16:23:13  PAGE 1   


C251 COMPILER V5.60.0, COMPILATION OF MODULE main
OBJECT MODULE PLACED IN .\Objects\main.obj
COMPILER INVOKED BY: D:\Keil_v5\C251\BIN\C251.EXE ..\Motor\main.c XSMALL INTR2 ROM(HUGE) BROWSE INCDIR(..\LIB;..\Motor) 
                    -DEBUG PRINT(.\Listings\main.lst) OBJECT(.\Objects\main.obj) 

stmt  level    source

    1          #include "AI8051U.h"
    2          #include "Init.h"
    3          
    4          void main(void)
    5          {
    6   1              System_Init();
    7   1              motor_state = motor_init;  //萇儂場宎袨怓
    8   1          
    9   1              while(1)
   10   1              {
   11   2                      
   12   2              }
   13   1      
   14   1      }


Module Information          Static   Overlayable
------------------------------------------------
  code size            =    ------     ------
  ecode size           =        32     ------
  data size            =    ------     ------
  idata size           =    ------     ------
  pdata size           =    ------     ------
  xdata size           =    ------     ------
  xdata-const size     =    ------     ------
  edata size           =    ------     ------
  bit size             =    ------     ------
  ebit size            =    ------     ------
  bitaddressable size  =    ------     ------
  ebitaddressable size =    ------     ------
  far data size        =    ------     ------
  huge data size       =    ------     ------
  const size           =    ------     ------
  hconst size          =         2     ------
End of Module Information.


C251 COMPILATION COMPLETE.  0 WARNING(S),  0 ERROR(S)
