C251 COMPILER V5.60.0,  Protect                                                            22/05/26  14:21:50  PAGE 1   


C251 COMPILER V5.60.0, COMPILATION OF MODULE Protect
OBJECT MODULE PLACED IN .\Objects\Protect.obj
COMPILER INVOKED BY: D:\Keil_v5\C251\BIN\C251.EXE ..\Motor\Protect.c XSMALL INTR2 ROM(HUGE) BROWSE INCDIR(..\LIB;..\Moto
                    -r) DEBUG PRINT(.\Listings\Protect.lst) OBJECT(.\Objects\Protect.obj) 

stmt  level    source

    1          #include "Context.h"
    2          #include "AI8051U.h"
    3          #include "Protect.h"
    4          #include "Motor.h"
    5          #include "State_Machine.h"
    6          
    7          void Current_Limit(float xdata *Q_axis_current)
    8          {
    9   1          if(*Q_axis_current > CURRENT_LIMIT_VALUE)
   10   1          {
   11   2              *Q_axis_current = CURRENT_LIMIT_VALUE;
   12   2          }        
   13   1          else if(*Q_axis_current < -CURRENT_LIMIT_VALUE)
   14   1          {
   15   2              *Q_axis_current = -CURRENT_LIMIT_VALUE;
   16   2          }
   17   1      }
   18          
   19          void Over_Current_Protect(void)
   20          {
   21   1          static u16 time_count = 0;
   22   1          if(g_ctx->dq_current.current_q > OVER_CURRENT_PROTECT_VALUE)
   23   1          {
   24   2              time_count++;
   25   2              if(time_count >= OVER_CURRENT_DETECT_TIME)
   26   2              {
   27   3                  g_ctx->motor_state = motor_fault;
   28   3                  g_ctx->fault_flag = motor_over_current;
   29   3              }
   30   2          }
   31   1          else
   32   1          {
   33   2              time_count = 0;
   34   2          }
   35   1      }
   36          
   37          void Motor_Stall_Protect(void)
   38          {
   39   1          static u16 time_count;
   40   1          if(g_ctx->motor_speed.motor_speed < 0 && g_ctx->motor_speed.motor_speed > -g_ctx->motor_speed.min_spe
             -ed)
   41   1          {
   42   2              time_count++;
   43   2              if(time_count >= MOTOR_STALL_DETECT_TIME)
   44   2              {
   45   3                  g_ctx->motor_state = motor_fault;
   46   3                  g_ctx->fault_flag = motor_stall;
   47   3              }
   48   2          }
   49   1          else if(g_ctx->motor_speed.motor_speed > 0 && g_ctx->motor_speed.motor_speed < g_ctx->motor_speed.min
             -_speed)
   50   1          {
   51   2              time_count++;
   52   2              if(time_count >= MOTOR_STALL_DETECT_TIME)
   53   2              {
   54   3                  g_ctx->motor_state = motor_fault;
   55   3                  g_ctx->fault_flag = motor_stall;
   56   3              }
C251 COMPILER V5.60.0,  Protect                                                            22/05/26  14:21:50  PAGE 2   

   57   2          }
   58   1          else
   59   1          {
   60   2              time_count = 0;
   61   2          }
   62   1      }


Module Information          Static   Overlayable
------------------------------------------------
  code size            =    ------     ------
  ecode size           =       339     ------
  data size            =    ------     ------
  idata size           =    ------     ------
  pdata size           =    ------     ------
  xdata size           =    ------     ------
  xdata-const size     =    ------     ------
  edata size           =         4     ------
  bit size             =    ------     ------
  ebit size            =    ------     ------
  bitaddressable size  =    ------     ------
  ebitaddressable size =    ------     ------
  far data size        =    ------     ------
  huge data size       =    ------     ------
  const size           =    ------     ------
  hconst size          =         6     ------
End of Module Information.


C251 COMPILATION COMPLETE.  0 WARNING(S),  0 ERROR(S)
