C251 COMPILER V5.60.0,  PWM                                                                12/06/26  11:03:17  PAGE 1   


C251 COMPILER V5.60.0, COMPILATION OF MODULE PWM
OBJECT MODULE PLACED IN .\Objects\PWM.obj
COMPILER INVOKED BY: D:\Keil_v5\C251\BIN\C251.EXE ..\LIB\PWM.c XSMALL INTR2 ROM(HUGE) BROWSE INCDIR(..\LIB;..\Motor) DEB
                    -UG PRINT(.\Listings\PWM.lst) OBJECT(.\Objects\PWM.obj) 

stmt  level    source

    1          /*---------------------------------------------------------------------*/
    2          /* --- Web: www.STCAI.com ---------------------------------------------*/
    3          /*---------------------------------------------------------------------*/
    4          
    5          #include "PWM.h"
    6          #include "string.h"
    7          #include "stdlib.h"
    8          #include "Clock.h"
    9          
   10          /*---------------------------------------
   11          @ function  :   void PWM_Capture(void)
   12          @ describe  :   PWM调速信号捕获函数
   13          @ parameter :   None
   14          @ date      :   2026-2-28
   15          -----------------------------------------*/
   16          void PWM_Capture(void)
   17          {
   18   1          
   19   1      }
   20          
   21          //========================================================================
   22          // 函数: PWM_Configuration
   23          // 描述: PWM初始化程序.
   24          // 参数: PWMx: 结构参数,请参考PWM.h里的定义.
   25          // 返回: 成功返回 SUCCESS, 错误返回 FAIL.
   26          // 版本: V1.0, 2012-10-22
   27          //========================================================================
   28          u8 PWM_Configuration(u8 PWM, PWMx_InitDefine *PWMx)
   29          {
   30   1              if(PWM == PWM1)
   31   1              {
   32   2                      PWMA_CC1E_Disable();            //先关闭主通道的 输入捕获/比较输出
   33   2                      PWMA_CC1NE_Disable();           //先关闭互补通道的 比较输出
   34   2                      PWMA_CC1S_Direction(CCAS_OUTPUT);               //CCnS仅在通道关闭时才是可写的
   35   2                      PWMA_OC1ModeSet(PWMx->PWM_OC_Mode);             //设置输出比较模式
   36   2      
   37   2                      if(PWMx->PWM_Output_Channel_Select & ENO1P)
   38   2                      {
   39   3                              PWMA_CC1E_Enable();                     //开启主通道 输入捕获/比较输出
   40   3                              PWMA_ENO |= ENO1P;
   41   3                      }
   42   2                      else
   43   2                      {
   44   3                              PWMA_CC1E_Disable();            //关闭主通道 输入捕获/比较输出
   45   3                              PWMA_ENO &= ~ENO1P;
   46   3                      }
   47   2                      if(PWMx->PWM_Output_Channel_Select & ENO1N)
   48   2                      {
   49   3                              PWMA_CC1NE_Enable();            //开启互补通道的 比较输出
   50   3                              PWMA_ENO |= ENO1N;
   51   3                      }
   52   2                      else
   53   2                      {
   54   3                              PWMA_CC1NE_Disable();           //关闭互补通道的 比较输出
   55   3                              PWMA_ENO &= ~ENO1N;
   56   3                      }
   57   2                      
   58   2                      PWMA_Duty1(PWMx->PWM_Duty);             //设定通道占空比
C251 COMPILER V5.60.0,  PWM                                                                12/06/26  11:03:17  PAGE 2   

   59   2                      return  SUCCESS;
   60   2              }
   61   1              
   62   1              if(PWM == PWM2)
   63   1              {
   64   2                      PWMA_CC2E_Disable();            //关闭输入捕获/比较输出
   65   2                      PWMA_CC2NE_Disable();           //关闭比较输出
   66   2                      PWMA_CC2S_Direction(CCAS_OUTPUT);               //CCnS仅在通道关闭时才是可写的
   67   2                      PWMA_OC2ModeSet(PWMx->PWM_OC_Mode);             //设置输出比较模式
   68   2      
   69   2                      if(PWMx->PWM_Output_Channel_Select & ENO2P)
   70   2                      {
   71   3                              PWMA_CC2E_Enable();                     //开启输入捕获/比较输出
   72   3                              PWMA_ENO |= ENO2P;
   73   3                      }
   74   2                      else
   75   2                      {
   76   3                              PWMA_CC2E_Disable();            //关闭输入捕获/比较输出
   77   3                              PWMA_ENO &= ~ENO2P;
   78   3                      }
   79   2                      if(PWMx->PWM_Output_Channel_Select & ENO2N)
   80   2                      {
   81   3                              PWMA_CC2NE_Enable();            //开启输入捕获/比较输出
   82   3                              PWMA_ENO |= ENO2N;
   83   3                      }
   84   2                      else
   85   2                      {
   86   3                              PWMA_CC2NE_Disable();           //关闭输入捕获/比较输出
   87   3                              PWMA_ENO &= ~ENO2N;
   88   3                      }
   89   2                      
   90   2                      PWMA_Duty2(PWMx->PWM_Duty);
   91   2                      return  SUCCESS;
   92   2              }
   93   1              
   94   1              if(PWM == PWM3)
   95   1              {
   96   2                      PWMA_CC3E_Disable();            //关闭输入捕获/比较输出
   97   2                      PWMA_CC3NE_Disable();           //关闭比较输出
   98   2                      PWMA_CC3S_Direction(CCAS_OUTPUT);               //CCnS仅在通道关闭时才是可写的
   99   2                      PWMA_OC3ModeSet(PWMx->PWM_OC_Mode);             //设置输出比较模式
  100   2      
  101   2                      if(PWMx->PWM_Output_Channel_Select & ENO3P)
  102   2                      {
  103   3                              PWMA_CC3E_Enable();                     //开启输入捕获/比较输出
  104   3                              PWMA_ENO |= ENO3P;
  105   3                      }
  106   2                      else
  107   2                      {
  108   3                              PWMA_CC3E_Disable();            //关闭输入捕获/比较输出
  109   3                              PWMA_ENO &= ~ENO3P;
  110   3                      }
  111   2                      if(PWMx->PWM_Output_Channel_Select & ENO3N)
  112   2                      {
  113   3                              PWMA_CC3NE_Enable();            //开启输入捕获/比较输出
  114   3                              PWMA_ENO |= ENO3N;
  115   3                      }
  116   2                      else
  117   2                      {
  118   3                              PWMA_CC3NE_Disable();           //关闭输入捕获/比较输出
  119   3                              PWMA_ENO &= ~ENO3N;
  120   3                      }
  121   2                      
  122   2                      PWMA_Duty3(PWMx->PWM_Duty);
  123   2                      return  SUCCESS;
  124   2              }
C251 COMPILER V5.60.0,  PWM                                                                12/06/26  11:03:17  PAGE 3   

  125   1              
  126   1              if(PWM == PWM4)
  127   1              {
  128   2                      PWMA_CC4E_Disable();            //关闭输入捕获/比较输出
  129   2                      PWMA_CC4NE_Disable();           //关闭比较输出
  130   2                      PWMA_CC4S_Direction(CCAS_OUTPUT);               //CCnS仅在通道关闭时才是可写的
  131   2                      PWMA_OC4ModeSet(PWMx->PWM_OC_Mode);             //设置输出比较模式
  132   2      
  133   2                      if(PWMx->PWM_Output_Channel_Select & ENO4P)
  134   2                      {
  135   3                              PWMA_CC4E_Enable();                     //开启输入捕获/比较输出
  136   3                              PWMA_ENO |= ENO4P;
  137   3                      }
  138   2                      else
  139   2                      {
  140   3                              PWMA_CC4E_Disable();            //关闭输入捕获/比较输出
  141   3                              PWMA_ENO &= ~ENO4P;
  142   3                      }
  143   2                      if(PWMx->PWM_Output_Channel_Select & ENO4N)
  144   2                      {
  145   3                              PWMA_CC4NE_Enable();            //开启输入捕获/比较输出
  146   3                              PWMA_ENO |= ENO4N;
  147   3                      }
  148   2                      else
  149   2                      {
  150   3                              PWMA_CC4NE_Disable();           //关闭输入捕获/比较输出
  151   3                              PWMA_ENO &= ~ENO4N;
  152   3                      }
  153   2                      
  154   2                      PWMA_Duty4(PWMx->PWM_Duty);
  155   2                      return  SUCCESS;
  156   2              }
  157   1              
  158   1              if(PWM == PWMA)
  159   1              {
  160   2      //              PWMA_OC1_ReloadEnable(PWMx->PWM_Reload);        //输出比较的预装载使能
  161   2      //              PWMA_OC1_FastEnable(PWMx->PWM_Fast);            //输出比较快速功能使能
  162   2      //              PWMA_CCPCAPreloaded(PWMx->PWM_PreLoad);     //捕获/比较预装载控制位(该位只对具有互补输出的通道起作用)
  163   2      //              PWMA_BrakeEnable(PWMx->PWM_BrakeEnable);        //开启/禁止刹车输入
  164   2      
  165   2                      PWMA_DeadTime(PWMx->PWM_DeadTime);                      //死区发生器设置
  166   2                      PWMA_AutoReload(PWMx->PWM_Arr);                     //周期设置
  167   2                      PWMA_BrakeOutputEnable(PWMx->PWM_MainOutEnable);        //主输出使能设置
  168   2              
  169   2              if(PWMx->PWM_Update_Interrupt_EN)
  170   2                  PWMA_UIEA_Enable();
  171   2              else
  172   2                  PWMA_UIEA_Disable();
  173   2              
  174   2                      PWMA_CEN_Enable(PWMx->PWM_CEN_Enable);  //使能计数器
  175   2                      return  SUCCESS;
  176   2              }
  177   1      
  178   1              if(PWM == PWM5)
  179   1              {
  180   2                      PWMB_CC5E_Disable();            //关闭输入捕获/比较输出
  181   2                      PWMB_CC5S_Direction(CCAS_OUTPUT);               //CCnS仅在通道关闭时才是可写的
  182   2                      PWMB_OC5ModeSet(PWMx->PWM_OC_Mode);             //设置输出比较模式
  183   2      
  184   2                      if(PWMx->PWM_Output_Channel_Select & ENO5P)
  185   2                      {
  186   3                              PWMB_CC5E_Enable();                     //开启输入捕获/比较输出
  187   3                              PWMB_ENO |= ENO5P;
  188   3                      }
  189   2                      else
  190   2                      {
C251 COMPILER V5.60.0,  PWM                                                                12/06/26  11:03:17  PAGE 4   

  191   3                              PWMB_CC5E_Disable();            //关闭输入捕获/比较输出
  192   3                              PWMB_ENO &= ~ENO5P;
  193   3                      }
  194   2                      
  195   2                      PWMB_Duty5(PWMx->PWM_Duty);
  196   2                      return  SUCCESS;
  197   2              }
  198   1              
  199   1              if(PWM == PWM6)
  200   1              {
  201   2                      PWMB_CC6E_Disable();            //关闭输入捕获/比较输出
  202   2                      PWMB_CC6S_Direction(CCAS_OUTPUT);               //CCnS仅在通道关闭时才是可写的
  203   2                      PWMB_OC6ModeSet(PWMx->PWM_OC_Mode);             //设置输出比较模式
  204   2      
  205   2                      if(PWMx->PWM_Output_Channel_Select & ENO6P)
  206   2                      {
  207   3                              PWMB_CC6E_Enable();                     //开启输入捕获/比较输出
  208   3                              PWMB_ENO |= ENO6P;
  209   3                      }
  210   2                      else
  211   2                      {
  212   3                              PWMB_CC6E_Disable();            //关闭输入捕获/比较输出
  213   3                              PWMB_ENO &= ~ENO6P;
  214   3                      }
  215   2                      
  216   2                      PWMB_Duty6(PWMx->PWM_Duty);
  217   2                      return  SUCCESS;
  218   2              }
  219   1              
  220   1              if(PWM == PWM7)
  221   1              {
  222   2                      PWMB_CC7E_Disable();            //关闭输入捕获/比较输出
  223   2                      PWMB_CC7S_Direction(CCAS_OUTPUT);               //CCnS仅在通道关闭时才是可写的
  224   2                      PWMB_OC7ModeSet(PWMx->PWM_OC_Mode);             //设置输出比较模式
  225   2      
  226   2                      if(PWMx->PWM_Output_Channel_Select & ENO7P)
  227   2                      {
  228   3                              PWMB_CC7E_Enable();                     //开启输入捕获/比较输出
  229   3                              PWMB_ENO |= ENO7P;
  230   3                      }
  231   2                      else
  232   2                      {
  233   3                              PWMB_CC7E_Disable();            //关闭输入捕获/比较输出
  234   3                              PWMB_ENO &= ~ENO7P;
  235   3                      }
  236   2                      
  237   2                      PWMB_Duty7(PWMx->PWM_Duty);
  238   2                      return  SUCCESS;
  239   2              }
  240   1              
  241   1              if(PWM == PWM8)
  242   1              {
  243   2                      PWMB_CC8E_Disable();            //关闭输入捕获/比较输出
  244   2                      PWMB_CC8S_Direction(CCAS_OUTPUT);               //CCnS仅在通道关闭时才是可写的
  245   2                      PWMB_OC8ModeSet(PWMx->PWM_OC_Mode);             //设置输出比较模式
  246   2      
  247   2                      if(PWMx->PWM_Output_Channel_Select & ENO8P)
  248   2                      {
  249   3                              PWMB_CC8E_Enable();                     //开启输入捕获/比较输出
  250   3                              PWMB_ENO |= ENO8P;
  251   3                      }
  252   2                      else
  253   2                      {
  254   3                              PWMB_CC8E_Disable();            //关闭输入捕获/比较输出
  255   3                              PWMB_ENO &= ~ENO8P;
  256   3                      }
C251 COMPILER V5.60.0,  PWM                                                                12/06/26  11:03:17  PAGE 5   

  257   2                      
  258   2                      PWMB_Duty8(PWMx->PWM_Duty);
  259   2                      return  SUCCESS;
  260   2              }
  261   1              
  262   1              if(PWM == PWMB)
  263   1              {
  264   2      //              PWMB_OC5_ReloadEnable(PWMx->PWM_Reload);        //输出比较的预装载使能
  265   2      //              PWMB_OC5_FastEnable(PWMx->PWM_Fast);            //输出比较快速功能使能
  266   2      //              PWMB_CCPCBPreloaded(PWMx->PWM_PreLoad); //捕获/比较预装载控制位(该位只对具有互补输出的通道起作用)
  267   2      //              PWMB_BrakeEnable(PWMx->PWM_BrakeEnable);        //开启/禁止刹车输入
  268   2      
  269   2                      PWMB_DeadTime(PWMx->PWM_DeadTime);      //死区发生器设置
  270   2                      PWMB_AutoReload(PWMx->PWM_Arr); //周期设置
  271   2                      PWMB_BrakeOutputEnable(PWMx->PWM_MainOutEnable);        //主输出使能
  272   2              PWMB_BrakeOutputEnable(PWMx->PWM_MainOutEnable);        //主输出使能设置
  273   2              
  274   2              if(PWMx->PWM_Update_Interrupt_EN)
  275   2                  PWMB_UIEA_Enable();
  276   2              else
  277   2                  PWMB_UIEA_Disable();
  278   2              
  279   2                      PWMB_CEN_Enable(PWMx->PWM_CEN_Enable);  //使能计数器
  280   2                      return  SUCCESS;
  281   2              }
  282   1      
  283   1              return  FAIL;   //错误
  284   1      }
  285          
  286          //========================================================================
  287          // 函数: UpdatePwm
  288          // 描述: PWM占空比更新程序.
  289          // 参数: PWM: PWM通道/组号, PWMx结构参数,请参考PWM.h里的定义.
  290          // 返回: none.
  291          // 版本: V1.0, 2012-10-22
  292          //========================================================================
  293          void UpdatePwm(u8 PWM, PWMx_Duty *PWMx)
  294          {
  295   1              switch(PWM)
  296   1              {
  297   2                      case PWM1:
  298   2                              PWMA_Duty1(PWMx->PWM1_Duty);
  299   2                      break;
  300   2      
  301   2                      case PWM2:
  302   2                              PWMA_Duty2(PWMx->PWM2_Duty);
  303   2                      break;
  304   2      
  305   2                      case PWM3:
  306   2                              PWMA_Duty3(PWMx->PWM3_Duty);
  307   2                      break;
  308   2      
  309   2                      case PWM4:
  310   2                              PWMA_Duty4(PWMx->PWM4_Duty);
  311   2                      break;
  312   2      
  313   2                      case PWM5:
  314   2                              PWMB_Duty5(PWMx->PWM5_Duty);
  315   2                      break;
  316   2      
  317   2                      case PWM6:
  318   2                              PWMB_Duty6(PWMx->PWM6_Duty);
  319   2                      break;
  320   2      
  321   2                      case PWM7:
  322   2                              PWMB_Duty7(PWMx->PWM7_Duty);
C251 COMPILER V5.60.0,  PWM                                                                12/06/26  11:03:17  PAGE 6   

  323   2                      break;
  324   2      
  325   2                      case PWM8:
  326   2                              PWMB_Duty8(PWMx->PWM8_Duty);
  327   2                      break;
  328   2      
  329   2                      case PWMA:
  330   2                              PWMA_Duty1(PWMx->PWM1_Duty);
  331   2                              PWMA_Duty2(PWMx->PWM2_Duty);
  332   2                              PWMA_Duty3(PWMx->PWM3_Duty);
  333   2                              PWMA_Duty4(PWMx->PWM4_Duty);
  334   2                      break;
  335   2      
  336   2                      case PWMB:
  337   2                              PWMB_Duty5(PWMx->PWM5_Duty);
  338   2                              PWMB_Duty6(PWMx->PWM6_Duty);
  339   2                              PWMB_Duty7(PWMx->PWM7_Duty);
  340   2                              PWMB_Duty8(PWMx->PWM8_Duty);
  341   2                      break;
  342   2              }
  343   1      }
  344          
  345          //========================================================================
  346          // 函数: ReadPWMA(void)
  347          // 描述: 异步读取PWMA特殊功能寄存器函数. 
  348          // 参数: addr: 读取特殊功能寄存器地址.
  349          // 返回: dat:  读取特殊功能寄存器内容.
  350          // 版本: V1.0, 2022-03-16
  351          //========================================================================
  352          u8 ReadPWMA(u8 addr)
  353          {
  354   1              u8 dat;
  355   1              
  356   1              while (HSPWMA_ADR &     0x80); //等待前一个异步读写完成
  357   1              HSPWMA_ADR = addr |     0x80;  //设置间接访问地址,只需要设置原XFR地址的低7位
  358   1                                                                      //HSPWMA_ADDR寄存器的最高位写1,表示读数据
  359   1              while (HSPWMA_ADR &     0x80); //等待当前异步读取完成
  360   1              dat     = HSPWMA_DAT;              //读取异步数据
  361   1              
  362   1              return dat;
  363   1      }
  364          
  365          //========================================================================
  366          // 函数: ReadPWMB(void)
  367          // 描述: 异步读取PWMB特殊功能寄存器函数. 
  368          // 参数: addr: 读取特殊功能寄存器地址.
  369          // 返回: dat:  读取特殊功能寄存器内容.
  370          // 版本: V1.0, 2022-03-16
  371          //========================================================================
  372          u8 ReadPWMB(u8 addr)
  373          {
  374   1              u8 dat;
  375   1              
  376   1              while (HSPWMB_ADR &     0x80); //等待前一个异步读写完成
  377   1              HSPWMB_ADR = addr |     0x80;  //设置间接访问地址,只需要设置原XFR地址的低7位
  378   1                                                                      //HSPWMB_ADDR寄存器的最高位写1,表示读数据
  379   1              while (HSPWMB_ADR &     0x80); //等待当前异步读取完成
  380   1              dat     = HSPWMB_DAT;              //读取异步数据
  381   1              
  382   1              return dat;
  383   1      }
  384          
  385          //========================================================================
  386          // 函数: WritePWMA(void)
  387          // 描述: 异步读取PWMA特殊功能寄存器函数. 
  388          // 参数: addr: 写入特殊功能寄存器地址.
C251 COMPILER V5.60.0,  PWM                                                                12/06/26  11:03:17  PAGE 7   

  389          // 参数: dat:  写入特殊功能寄存器内容.
  390          // 返回: none.
  391          // 版本: V1.0, 2022-03-16
  392          //========================================================================
  393          void WritePWMA(u8       addr, u8 dat)
  394          {
  395   1              while (HSPWMA_ADR &     0x80); //等待前一个异步读写完成
  396   1              HSPWMA_DAT = dat;                  //准备需要写入的数据
  397   1              HSPWMA_ADR = addr &     0x7f;  //设置间接访问地址,只需要设置原XFR地址的低7位
  398   1                                                                      //HSPWMA_ADDR寄存器的最高位写0,表示写数据
  399   1      }
  400          
  401          //========================================================================
  402          // 函数: WritePWMB(void)
  403          // 描述: 异步读取PWMB特殊功能寄存器函数. 
  404          // 参数: addr: 写入特殊功能寄存器地址.
  405          // 参数: dat:  写入特殊功能寄存器内容.
  406          // 返回: none.
  407          // 版本: V1.0, 2022-03-16
  408          //========================================================================
  409          void WritePWMB(u8       addr, u8 dat)
  410          {
  411   1              while (HSPWMB_ADR &     0x80); //等待前一个异步读写完成
  412   1              HSPWMB_DAT = dat;                  //准备需要写入的数据
  413   1              HSPWMB_ADR = addr &     0x7f;  //设置间接访问地址,只需要设置原XFR地址的低7位
  414   1                                                                      //HSPWMB_ADDR寄存器的最高位写0,表示写数据
  415   1      }
  416          
  417          //========================================================================
  418          // 函数: HSPWM_Configuration
  419          // 描述: HSPWM初始化程序.
  420          // 参数: PWMx: 结构参数,请参考PWM.h里的定义.
  421          // 返回: 成功返回 SUCCESS, 错误返回 FAIL.
  422          // 版本: V1.0, 2022-04-05
  423          //========================================================================
  424          void HSPWM_Configuration(u8 PWM, HSPWMx_InitDefine *PWMx, PWMx_Duty *DUTYx)
  425          {
  426   1              u8 tmpENO,tmpCCER1,tmpCCER2;
  427   1              
  428   1              if(PWM == PWMA)
  429   1              {
  430   2                      HSPWMA_CFG = 0x03;                      //使能PWMA相关寄存器异步访问功能
  431   2      
  432   2                      if(PWMx->PWM_Output_Channel_Select & ENO1P)
  433   2                      {
  434   3                              tmpENO |= ENO1P;
  435   3                              tmpCCER1 |= 0x01;
  436   3                      }
  437   2                      else
  438   2                      {
  439   3                              tmpENO &= ~ENO1P;
  440   3                              tmpCCER1 &= ~0x01;
  441   3                      }
  442   2                      if(PWMx->PWM_Output_Channel_Select & ENO1N)
  443   2                      {
  444   3                              tmpENO |= ENO1N;
  445   3                              tmpCCER1 |= 0x04;
  446   3                      }
  447   2                      else
  448   2                      {
  449   3                              tmpENO &= ~ENO1N;
  450   3                              tmpCCER1 &= ~0x04;
  451   3                      }
  452   2                      if(PWMx->PWM_Output_Channel_Select & ENO2P)
  453   2                      {
  454   3                              tmpENO |= ENO2P;
C251 COMPILER V5.60.0,  PWM                                                                12/06/26  11:03:17  PAGE 8   

  455   3                              tmpCCER1 |= 0x10;
  456   3                      }
  457   2                      else
  458   2                      {
  459   3                              tmpENO &= ~ENO2P;
  460   3                              tmpCCER1 &= ~0x10;
  461   3                      }
  462   2                      if(PWMx->PWM_Output_Channel_Select & ENO2N)
  463   2                      {
  464   3                              tmpENO |= ENO2N;
  465   3                              tmpCCER1 |= 0x40;
  466   3                      }
  467   2                      else
  468   2                      {
  469   3                              tmpENO &= ~ENO2N;
  470   3                              tmpCCER1 &= ~0x40;
  471   3                      }
  472   2                      if(PWMx->PWM_Output_Channel_Select & ENO3P)
  473   2                      {
  474   3                              tmpENO |= ENO3P;
  475   3                              tmpCCER2 |= 0x01;
  476   3                      }
  477   2                      else
  478   2                      {
  479   3                              tmpENO &= ~ENO3P;
  480   3                              tmpCCER2 &= ~0x01;
  481   3                      }
  482   2                      if(PWMx->PWM_Output_Channel_Select & ENO3N)
  483   2                      {
  484   3                              tmpENO |= ENO3N;
  485   3                              tmpCCER2 |= 0x04;
  486   3                      }
  487   2                      else
  488   2                      {
  489   3                              tmpENO &= ~ENO3N;
  490   3                              tmpCCER2 &= ~0x04;
  491   3                      }
  492   2                      if(PWMx->PWM_Output_Channel_Select & ENO4P)
  493   2                      {
  494   3                              tmpENO |= ENO4P;
  495   3                              tmpCCER2 |= 0x10;
  496   3                      }
  497   2                      else
  498   2                      {
  499   3                              tmpENO &= ~ENO4P;
  500   3                              tmpCCER2 &= ~0x10;
  501   3                      }
  502   2                      if(PWMx->PWM_Output_Channel_Select & ENO4N)
  503   2                      {
  504   3                              tmpENO |= ENO4N;
  505   3                              tmpCCER2 |= 0x40;
  506   3                      }
  507   2                      else
  508   2                      {
  509   3                              tmpENO &= ~ENO4N;
  510   3                              tmpCCER2 &= ~0x40;
  511   3                      }
  512   2                      
  513   2                      //通过异步方式设置PWMA的相关寄存器
  514   2                      WritePWMA((u8)&PWMA_CCER1, 0x00);
  515   2                      WritePWMA((u8)&PWMA_CCER2, 0x00);
  516   2                      WritePWMA((u8)&PWMA_CCMR1, CCMRn_PWM_MODE1);                    //通道模式配置
  517   2                      WritePWMA((u8)&PWMA_CCMR2, CCMRn_PWM_MODE1);
  518   2                      WritePWMA((u8)&PWMA_CCMR3, CCMRn_PWM_MODE1);
  519   2                      WritePWMA((u8)&PWMA_CCMR4, CCMRn_PWM_MODE1);
  520   2                      WritePWMA((u8)&PWMA_CCER1, tmpCCER1);                   //配置通道输出使能和极性
C251 COMPILER V5.60.0,  PWM                                                                12/06/26  11:03:17  PAGE 9   

  521   2                      WritePWMA((u8)&PWMA_CCER2, tmpCCER2);
  522   2                      WritePWMA((u8)&PWMA_ENO, tmpENO);       //使能PWM信号输出端口
  523   2                      WritePWMA((u8)&PWMA_CCR1H, (u8)(DUTYx->PWM1_Duty >> 8));        //设置输出PWM的占空比
  524   2                      WritePWMA((u8)&PWMA_CCR1L, (u8)DUTYx->PWM1_Duty);
  525   2                      WritePWMA((u8)&PWMA_CCR2H, (u8)(DUTYx->PWM2_Duty >> 8));        //设置输出PWM的占空比
  526   2                      WritePWMA((u8)&PWMA_CCR2L, (u8)DUTYx->PWM2_Duty);
  527   2                      WritePWMA((u8)&PWMA_CCR3H, (u8)(DUTYx->PWM3_Duty >> 8));        //设置输出PWM的占空比
  528   2                      WritePWMA((u8)&PWMA_CCR3L, (u8)DUTYx->PWM3_Duty);
  529   2                      WritePWMA((u8)&PWMA_CCR4H, (u8)(DUTYx->PWM4_Duty >> 8));        //设置输出PWM的占空比
  530   2                      WritePWMA((u8)&PWMA_CCR4L, (u8)DUTYx->PWM4_Duty);
  531   2                      WritePWMA((u8)&PWMA_ARRH,       (u8)(PWMx->PWM_Arr >> 8));      //设置输出PWM的周期
  532   2                      WritePWMA((u8)&PWMA_ARRL,       (u8)(PWMx->PWM_Arr));
  533   2                      WritePWMA((u8)&PWMA_DTR, PWMx->PWM_DeadTime);                                   //设置互补对称输出PWM的死区
  534   2                      WritePWMA((u8)&PWMA_BKR, PWMx->PWM_MainOutEnable<<7);   //使能主输出
  535   2                      WritePWMA((u8)&PWMA_CR1, PWMx->PWM_CEN_Enable);                         //开始PWM计数
  536   2              }
  537   1              else if(PWM == PWMB)
  538   1              {
  539   2                      HSPWMB_CFG = 0x03;                      //使能PWMB相关寄存器异步访问功能
  540   2      
  541   2                      if(PWMx->PWM_Output_Channel_Select & ENO5P)
  542   2                      {
  543   3                              tmpENO |= ENO5P;
  544   3                              tmpCCER1 |= 0x01;
  545   3                      }
  546   2                      else
  547   2                      {
  548   3                              tmpENO &= ~ENO5P;
  549   3                              tmpCCER1 &= ~0x01;
  550   3                      }
  551   2                      if(PWMx->PWM_Output_Channel_Select & ENO6P)
  552   2                      {
  553   3                              tmpENO |= ENO6P;
  554   3                              tmpCCER1 |= 0x10;
  555   3                      }
  556   2                      else
  557   2                      {
  558   3                              tmpENO &= ~ENO6P;
  559   3                              tmpCCER1 &= ~0x10;
  560   3                      }
  561   2                      if(PWMx->PWM_Output_Channel_Select & ENO7P)
  562   2                      {
  563   3                              tmpENO |= ENO7P;
  564   3                              tmpCCER2 |= 0x01;
  565   3                      }
  566   2                      else
  567   2                      {
  568   3                              tmpENO &= ~ENO7P;
  569   3                              tmpCCER2 &= ~0x01;
  570   3                      }
  571   2                      if(PWMx->PWM_Output_Channel_Select & ENO8P)
  572   2                      {
  573   3                              tmpENO |= ENO8P;
  574   3                              tmpCCER2 |= 0x10;
  575   3                      }
  576   2                      else
  577   2                      {
  578   3                              tmpENO &= ~ENO8P;
  579   3                              tmpCCER2 &= ~0x10;
  580   3                      }
  581   2                      
  582   2                      //通过异步方式设置PWMB的相关寄存器
  583   2                      WritePWMB((u8)&PWMB_CCER1, 0x00);
  584   2                      WritePWMB((u8)&PWMB_CCER2, 0x00);
  585   2                      WritePWMB((u8)&PWMB_CCMR1, CCMRn_PWM_MODE1);                    //通道模式配置
  586   2                      WritePWMB((u8)&PWMB_CCMR2, CCMRn_PWM_MODE1);
C251 COMPILER V5.60.0,  PWM                                                                12/06/26  11:03:17  PAGE 10  

  587   2                      WritePWMB((u8)&PWMB_CCMR3, CCMRn_PWM_MODE1);
  588   2                      WritePWMB((u8)&PWMB_CCMR4, CCMRn_PWM_MODE1);
  589   2                      WritePWMB((u8)&PWMB_CCER1, tmpCCER1);                   //配置通道输出使能和极性
  590   2                      WritePWMB((u8)&PWMB_CCER2, tmpCCER2);
  591   2                      WritePWMB((u8)&PWMB_ENO, tmpENO);       //使能PWM信号输出端口
  592   2                      WritePWMB((u8)&PWMB_CCR5H, (u8)(DUTYx->PWM5_Duty >> 8));        //设置输出PWM的占空比
  593   2                      WritePWMB((u8)&PWMB_CCR5L, (u8)DUTYx->PWM5_Duty);
  594   2                      WritePWMB((u8)&PWMB_CCR6H, (u8)(DUTYx->PWM6_Duty >> 8));        //设置输出PWM的占空比
  595   2                      WritePWMB((u8)&PWMB_CCR6L, (u8)DUTYx->PWM6_Duty);
  596   2                      WritePWMB((u8)&PWMB_CCR7H, (u8)(DUTYx->PWM7_Duty >> 8));        //设置输出PWM的占空比
  597   2                      WritePWMB((u8)&PWMB_CCR7L, (u8)DUTYx->PWM7_Duty);
  598   2                      WritePWMB((u8)&PWMB_CCR8H, (u8)(DUTYx->PWM8_Duty >> 8));        //设置输出PWM的占空比
  599   2                      WritePWMB((u8)&PWMB_CCR8L, (u8)DUTYx->PWM8_Duty);
  600   2                      WritePWMB((u8)&PWMB_ARRH,       (u8)(PWMx->PWM_Arr >> 8));      //设置输出PWM的周期
  601   2                      WritePWMB((u8)&PWMB_ARRL,       (u8)(PWMx->PWM_Arr));
  602   2                      WritePWMB((u8)&PWMB_DTR, PWMx->PWM_DeadTime);                                   //设置互补对称输出PWM的死区
  603   2                      WritePWMB((u8)&PWMB_BKR, PWMx->PWM_MainOutEnable<<7);   //使能主输出
  604   2                      WritePWMB((u8)&PWMB_CR1, PWMx->PWM_CEN_Enable);                         //开始PWM计数
  605   2              }
  606   1      }
  607          
  608          //========================================================================
  609          // 函数: UpdateHSPwm
  610          // 描述: HSPWM占空比更新程序.
  611          // 参数: PWM: PWM通道/组号, PWMx结构参数,请参考PWM.h里的定义.
  612          // 返回: none.
  613          // 版本: V1.0, 2022-04-05
  614          //========================================================================
  615          void UpdateHSPwm(u8 PWM, PWMx_Duty *PWMx)
  616          {
  617   1              switch(PWM)
  618   1              {
  619   2                      case PWM1:
  620   2                              WritePWMA((u8)&PWMA_CCR1H, (u8)(PWMx->PWM1_Duty >> 8)); //设置输出PWM的占空比
  621   2                              WritePWMA((u8)&PWMA_CCR1L, (u8)PWMx->PWM1_Duty);
  622   2                      break;
  623   2      
  624   2                      case PWM2:
  625   2                              WritePWMA((u8)&PWMA_CCR2H, (u8)(PWMx->PWM2_Duty >> 8)); //设置输出PWM的占空比
  626   2                              WritePWMA((u8)&PWMA_CCR2L, (u8)PWMx->PWM2_Duty);
  627   2                      break;
  628   2      
  629   2                      case PWM3:
  630   2                              WritePWMA((u8)&PWMA_CCR3H, (u8)(PWMx->PWM3_Duty >> 8)); //设置输出PWM的占空比
  631   2                              WritePWMA((u8)&PWMA_CCR3L, (u8)PWMx->PWM3_Duty);
  632   2                      break;
  633   2      
  634   2                      case PWM4:
  635   2                              WritePWMA((u8)&PWMA_CCR4H, (u8)(PWMx->PWM4_Duty >> 8)); //设置输出PWM的占空比
  636   2                              WritePWMA((u8)&PWMA_CCR4L, (u8)PWMx->PWM4_Duty);
  637   2                      break;
  638   2      
  639   2                      case PWM5:
  640   2                              WritePWMB((u8)&PWMB_CCR5H, (u8)(PWMx->PWM5_Duty >> 8)); //设置输出PWM的占空比
  641   2                              WritePWMB((u8)&PWMB_CCR5L, (u8)PWMx->PWM5_Duty);
  642   2                      break;
  643   2      
  644   2                      case PWM6:
  645   2                              WritePWMB((u8)&PWMB_CCR6H, (u8)(PWMx->PWM6_Duty >> 8)); //设置输出PWM的占空比
  646   2                              WritePWMB((u8)&PWMB_CCR6L, (u8)PWMx->PWM6_Duty);
  647   2                      break;
  648   2      
  649   2                      case PWM7:
  650   2                              WritePWMB((u8)&PWMB_CCR7H, (u8)(PWMx->PWM7_Duty >> 8)); //设置输出PWM的占空比
  651   2                              WritePWMB((u8)&PWMB_CCR7L, (u8)PWMx->PWM7_Duty);
  652   2                      break;
C251 COMPILER V5.60.0,  PWM                                                                12/06/26  11:03:17  PAGE 11  

  653   2      
  654   2                      case PWM8:
  655   2                              WritePWMB((u8)&PWMB_CCR8H, (u8)(PWMx->PWM8_Duty >> 8)); //设置输出PWM的占空比
  656   2                              WritePWMB((u8)&PWMB_CCR8L, (u8)PWMx->PWM8_Duty);
  657   2                      break;
  658   2      
  659   2                      case PWMA:
  660   2                              WritePWMA((u8)&PWMA_CCR1H, (u8)(PWMx->PWM1_Duty >> 8)); //设置输出PWM的占空比
  661   2                              WritePWMA((u8)&PWMA_CCR1L, (u8)PWMx->PWM1_Duty);
  662   2                              WritePWMA((u8)&PWMA_CCR2H, (u8)(PWMx->PWM2_Duty >> 8)); //设置输出PWM的占空比
  663   2                              WritePWMA((u8)&PWMA_CCR2L, (u8)PWMx->PWM2_Duty);
  664   2                              WritePWMA((u8)&PWMA_CCR3H, (u8)(PWMx->PWM3_Duty >> 8)); //设置输出PWM的占空比
  665   2                              WritePWMA((u8)&PWMA_CCR3L, (u8)PWMx->PWM3_Duty);
  666   2                              WritePWMA((u8)&PWMA_CCR4H, (u8)(PWMx->PWM4_Duty >> 8)); //设置输出PWM的占空比
  667   2                              WritePWMA((u8)&PWMA_CCR4L, (u8)PWMx->PWM4_Duty);
  668   2                      break;
  669   2      
  670   2                      case PWMB:
  671   2                              WritePWMB((u8)&PWMB_CCR5H, (u8)(PWMx->PWM5_Duty >> 8)); //设置输出PWM的占空比
  672   2                              WritePWMB((u8)&PWMB_CCR5L, (u8)PWMx->PWM5_Duty);
  673   2                              WritePWMB((u8)&PWMB_CCR6H, (u8)(PWMx->PWM6_Duty >> 8)); //设置输出PWM的占空比
  674   2                              WritePWMB((u8)&PWMB_CCR6L, (u8)PWMx->PWM6_Duty);
  675   2                              WritePWMB((u8)&PWMB_CCR7H, (u8)(PWMx->PWM7_Duty >> 8)); //设置输出PWM的占空比
  676   2                              WritePWMB((u8)&PWMB_CCR7L, (u8)PWMx->PWM7_Duty);
  677   2                              WritePWMB((u8)&PWMB_CCR8H, (u8)(PWMx->PWM8_Duty >> 8)); //设置输出PWM的占空比
  678   2                              WritePWMB((u8)&PWMB_CCR8L, (u8)PWMx->PWM8_Duty);
  679   2                      break;
  680   2              }
  681   1      }
  682          
  683          /*********************************************************/


Module Information          Static   Overlayable
------------------------------------------------
  code size            =    ------     ------
  ecode size           =      3736     ------
  data size            =    ------     ------
  idata size           =    ------     ------
  pdata size           =    ------     ------
  xdata size           =    ------     ------
  xdata-const size     =    ------     ------
  edata size           =    ------          7
  bit size             =    ------     ------
  ebit size            =    ------     ------
  bitaddressable size  =    ------     ------
  ebitaddressable size =    ------     ------
  far data size        =    ------     ------
  huge data size       =    ------     ------
  const size           =    ------     ------
  hconst size          =    ------     ------
End of Module Information.


C251 COMPILATION COMPLETE.  0 WARNING(S),  0 ERROR(S)
