C251 COMPILER V5.60.0,  QSPI                                                               31/10/25  09:30:43  PAGE 1   


C251 COMPILER V5.60.0, COMPILATION OF MODULE QSPI
OBJECT MODULE PLACED IN .\Objects\QSPI.obj
COMPILER INVOKED BY: D:\Keil_v5\C251\BIN\C251.EXE ..\LIB\QSPI.c INTR2 BROWSE INCDIR(..\LIB) DEBUG PRINT(.\Listings\QSPI.
                    -lst) OBJECT(.\Objects\QSPI.obj) 

stmt  level    source

    1          /*---------------------------------------------------------------------*/
    2          /* --- Web: www.STCAI.com ---------------------------------------------*/
    3          /*---------------------------------------------------------------------*/
    4          
    5          #include "QSPI.h"
    6          
    7          //========================================================================
    8          // 函数: u8 QSPI_Inilize(ADC_InitTypeDef *QSPI)
    9          // 描述: QSPI初始化程序.
   10          // 参数: QSPI: 结构参数,请参考头文件里的定义.
   11          // 返回: none.
   12          // 版本: V1.0, 2025-03-22
   13          //========================================================================
   14          u8 QSPI_Inilize(QSPI_InitTypeDef *QSPI)
   15          {
   16   1          if(QSPI->FIFOLevel > 31)    return FAIL;    //错误
   17   1          if(QSPI->FlashSize > 31)    return FAIL;    //错误
   18   1          if(QSPI->CSHold > 7)        return FAIL;    //错误
   19   1      
   20   1          while (QSPI_CheckBusy());       //检测忙状态
   21   1      
   22   1          QSPI_SetFIFOLevel(QSPI->FIFOLevel);         //设置FIFO阈值为(31+1)=32字节
   23   1          QSPI_SetClockDivider(QSPI->ClockDiv);       //设置QSPI时钟为系统时钟/(4+1)
   24   1          QSPI_SetCSHold(QSPI->CSHold);               //设置CS保持时间为(1+1)=2个QSPI时钟
   25   1      
   26   1          if(QSPI->CKMode)    QSPI_SetIdleCLKHigh();  //空闲时SCK为高电平
   27   1          else    QSPI_SetIdleCLKLow();               //空闲时SCK为低电平
   28   1      
   29   1          QSPI_SetFlashSize(QSPI->FlashSize);         //设置Flash大小为2^(25+1)=64M字节,
   30   1      
   31   1          if(QSPI->SIOO)    QSPI_InstructionOnce();   //设置仅第一条事务发送指令
   32   1          else    QSPI_InstructionAlways();           //设置每个事务均发送指令
   33   1      
   34   1          if(QSPI->QSPI_EN)    QSPI_Enable();         //使能QSPI
   35   1          else    QSPI_Disable();                     //禁止QSPI
   36   1      
   37   1          return SUCCESS;
   38   1      }
   39          
   40          void QSPI_WRITE_INSTR(BYTE cmd)
   41          {
   42   1          while (QSPI_CheckBusy());       //检测忙状态
   43   1      
   44   1          QSPI_SetWriteMode();            //写模式
   45   1          QSPI_SetDummyCycles(0);         //设置DUMMY时钟
   46   1          QSPI_InstructionSingMode();     //设置指令为单线模式
   47   1          QSPI_NoAddress();               //无地址字节
   48   1              QSPI_NoAlternate();             //无间隔字节
   49   1          QSPI_NoData();                  //无数据
   50   1          QSPI_SetInstruction(cmd);       //设置指令
   51   1      
   52   1          while (!QSPI_CheckTransfer());  //等到数据传输完成
   53   1          QSPI_ClearTransfer();           //清除传输完成标志
   54   1      }
   55          
   56          void QSPI_READ_INSTR_SDATA(BYTE cmd, BYTE *pdat, WORD datalen)
   57          {
   58   1          while (QSPI_CheckBusy());       //检测忙状态
C251 COMPILER V5.60.0,  QSPI                                                               31/10/25  09:30:43  PAGE 2   

   59   1      
   60   1          QSPI_SetReadMode();             //读模式
   61   1          QSPI_SetDataLength(datalen-1);  //设置数据长度
   62   1          QSPI_SetDummyCycles(0);         //设置DUMMY时钟
   63   1          QSPI_InstructionSingMode();     //设置指令为单线模式
   64   1          QSPI_NoAddress();               //无地址字节
   65   1              QSPI_NoAlternate();             //无间隔字节
   66   1          QSPI_DataSingMode();            //设置数据为单线模式
   67   1          QSPI_SetInstruction(cmd);       //设置指令
   68   1      
   69   1          while (!QSPI_CheckTransfer());  //等到数据传输完成
   70   1          QSPI_ClearTransfer();           //清除传输完成标志
   71   1      
   72   1          while (datalen)
   73   1          {
   74   2              *pdat = QSPI_ReadData();    //从FIFO中读取数据
   75   2              pdat++;
   76   2              datalen--;
   77   2          }
   78   1          
   79   1          while (QSPI_CheckFIFOLevel())   //清空FIFO
   80   1              QSPI_ReadData();
   81   1      }
   82          
   83          void QSPI_WRITE_INSTR_SADDR8(BYTE cmd, BYTE addr)
   84          {
   85   1          while (QSPI_CheckBusy());       //检测忙状态
   86   1      
   87   1          QSPI_SetWriteMode();            //写模式
   88   1          QSPI_SetAddressSize(0);         //设置地址宽度为8位(0+1字节)
   89   1          QSPI_SetDummyCycles(0);         //设置DUMMY时钟
   90   1          QSPI_InstructionSingMode();     //设置指令为单线模式
   91   1          QSPI_AddressSingMode();         //设置地址为单线模式
   92   1          QSPI_NoAlternate();             //无间隔字节
   93   1          QSPI_NoData();                  //无数据
   94   1          QSPI_SetInstruction(cmd);       //设置指令
   95   1          QSPI_SetAddress(addr);          //设置地址
   96   1      
   97   1          while (!QSPI_CheckTransfer());  //等到数据传输完成
   98   1          QSPI_ClearTransfer();           //清除传输完成标志
   99   1      }
  100          
  101          void QSPI_WRITE_INSTR_SADDR16(BYTE cmd, WORD addr)
  102          {
  103   1          while (QSPI_CheckBusy());       //检测忙状态
  104   1      
  105   1          QSPI_SetWriteMode();            //写模式
  106   1          QSPI_SetAddressSize(1);         //设置地址宽度为16位(1+1字节)
  107   1          QSPI_SetDummyCycles(0);         //设置DUMMY时钟
  108   1          QSPI_InstructionSingMode();     //设置指令为单线模式
  109   1          QSPI_AddressSingMode();         //设置地址为单线模式
  110   1          QSPI_NoAlternate();             //无间隔字节
  111   1          QSPI_NoData();                  //无数据
  112   1          QSPI_SetInstruction(cmd);       //设置指令
  113   1          QSPI_SetAddress(addr);          //设置地址
  114   1      
  115   1          while (!QSPI_CheckTransfer());  //等到数据传输完成
  116   1          QSPI_ClearTransfer();           //清除传输完成标志
  117   1      }
  118          
  119          void QSPI_WRITE_INSTR_SADDR24(BYTE cmd, DWORD addr)
  120          {
  121   1          while (QSPI_CheckBusy());       //检测忙状态
  122   1      
  123   1          QSPI_SetWriteMode();            //写模式
  124   1          QSPI_SetAddressSize(2);         //设置地址宽度为24位(2+1字节)
C251 COMPILER V5.60.0,  QSPI                                                               31/10/25  09:30:43  PAGE 3   

  125   1          QSPI_SetDummyCycles(0);         //设置DUMMY时钟
  126   1          QSPI_InstructionSingMode();     //设置指令为单线模式
  127   1          QSPI_AddressSingMode();         //设置地址为单线模式
  128   1          QSPI_NoAlternate();             //无间隔字节
  129   1          QSPI_NoData();                  //无数据
  130   1          QSPI_SetInstruction(cmd);       //设置指令
  131   1          QSPI_SetAddress(addr);          //设置地址
  132   1      
  133   1          while (!QSPI_CheckTransfer());  //等到数据传输完成
  134   1          QSPI_ClearTransfer();           //清除传输完成标志
  135   1      }
  136          
  137          void QSPI_WRITE_INSTR_SADDR32(BYTE cmd, DWORD addr)
  138          {
  139   1          while (QSPI_CheckBusy());       //检测忙状态
  140   1      
  141   1          QSPI_SetWriteMode();            //写模式
  142   1          QSPI_SetAddressSize(3);         //设置地址宽度为32位(3+1字节)
  143   1          QSPI_SetDummyCycles(0);         //设置DUMMY时钟
  144   1          QSPI_InstructionSingMode();     //设置指令为单线模式
  145   1          QSPI_AddressSingMode();         //设置地址为单线模式
  146   1          QSPI_NoAlternate();             //无间隔字节
  147   1          QSPI_NoData();                  //无数据
  148   1          QSPI_SetInstruction(cmd);       //设置指令
  149   1          QSPI_SetAddress(addr);          //设置地址
  150   1      
  151   1          while (!QSPI_CheckTransfer());  //等到数据传输完成
  152   1          QSPI_ClearTransfer();           //清除传输完成标志
  153   1      }
  154          
  155          void QSPI_WRITE_INSTR_QADDR32(BYTE cmd, DWORD addr)
  156          {
  157   1          while (QSPI_CheckBusy());       //检测忙状态
  158   1      
  159   1          QSPI_SetWriteMode();            //写模式
  160   1          QSPI_SetAddressSize(3);         //设置地址宽度为32位(3+1字节)
  161   1          QSPI_SetDummyCycles(0);         //设置DUMMY时钟
  162   1          QSPI_InstructionSingMode();     //设置指令为单线模式
  163   1          QSPI_AddressQuadMode();         //设置地址为四线模式
  164   1          QSPI_NoAlternate();             //无间隔字节
  165   1          QSPI_NoData();                  //无数据
  166   1          QSPI_SetInstruction(cmd);       //设置指令
  167   1          QSPI_SetAddress(addr);          //设置地址
  168   1      
  169   1          while (!QSPI_CheckTransfer());  //等到数据传输完成
  170   1          QSPI_ClearTransfer();           //清除传输完成标志
  171   1      }
  172          
  173          void QSPI_READ_INSTR_SADDR24_SDATA(BYTE cmd, DWORD addr, BYTE *pdat, WORD datalen)
  174          {
  175   1          QSPI_READ_INSTR_SADDR24_DUMMY_SDATA(cmd, addr, 0, pdat, datalen);
  176   1      }
  177          
  178          void QSPI_READ_INSTR_SADDR24_DUMMY_SDATA(BYTE cmd, DWORD addr, BYTE dcyc, BYTE *pdat, WORD datalen)
  179          {
  180   1          while (QSPI_CheckBusy());       //检测忙状态
  181   1      
  182   1          QSPI_SetReadMode();             //读模式
  183   1          QSPI_SetDataLength(datalen-1);  //设置数据长度
  184   1          QSPI_SetAddressSize(2);         //设置地址宽度为24位(2+1字节)
  185   1          QSPI_SetDummyCycles(dcyc);      //设置DUMMY时钟
  186   1          QSPI_InstructionSingMode();     //设置指令为单线模式
  187   1          QSPI_AddressSingMode();         //设置地址为单线模式
  188   1          QSPI_NoAlternate();             //无间隔字节
  189   1          QSPI_DataSingMode();            //设置数据为单线模式
  190   1          QSPI_SetInstruction(cmd);       //设置指令
C251 COMPILER V5.60.0,  QSPI                                                               31/10/25  09:30:43  PAGE 4   

  191   1          QSPI_SetAddress(addr);          //设置地址
  192   1      
  193   1          while (!QSPI_CheckTransfer());  //等到数据传输完成
  194   1          QSPI_ClearTransfer();           //清除传输完成标志
  195   1      
  196   1          while (datalen)
  197   1          {
  198   2              *pdat = QSPI_ReadData();    //从FIFO中读取数据
  199   2              pdat++;
  200   2              datalen--;
  201   2          }
  202   1          
  203   1          while (QSPI_CheckFIFOLevel())   //清空FIFO
  204   1              QSPI_ReadData();
  205   1      }
  206          
  207          void QSPI_DMA_READ_INSTR_SADDR24_SDATA(BYTE cmd, DWORD addr, BYTE *pdat, WORD datalen)
  208          {
  209   1          QSPI_DMA_READ_INSTR_SADDR24_DUMMY_SDATA(cmd, addr, 0, pdat, datalen);
  210   1      }
  211          
  212          void QSPI_DMA_READ_INSTR_SADDR24_DUMMY_SDATA(BYTE cmd, DWORD addr, BYTE dcyc, BYTE *pdat, WORD datalen)
  213          {
  214   1          while (QSPI_CheckBusy());       //检测忙状态
  215   1      
  216   1          QSPI_SetReadMode();             //读模式
  217   1          QSPI_SetDataLength(datalen-1);  //设置数据长度
  218   1          QSPI_SetAddressSize(2);         //设置地址宽度为24位(2+1字节)
  219   1          QSPI_SetDummyCycles(dcyc);      //设置DUMMY时钟
  220   1          QSPI_NoInstruction();           //设置无指令模式(防止误触发)
  221   1          QSPI_NoAddress();               //设置无地址模式(防止误触发)
  222   1          QSPI_NoAlternate();             //无间隔字节
  223   1          QSPI_DataSingMode();            //设置数据为单线模式
  224   1          QSPI_SetInstruction(cmd);       //设置指令
  225   1          QSPI_SetAddress(addr);          //设置地址
  226   1          QSPI_InstructionSingMode();     //设置指令为单线模式
  227   1          QSPI_AddressSingMode();         //设置地址为单线模式
  228   1          
  229   1          QSPI_DMA_READ(pdat, datalen);
  230   1      }
  231          
  232          void QSPI_READ_INSTR_SADDR32_SDATA(BYTE cmd, DWORD addr, BYTE *pdat, WORD datalen)
  233          {
  234   1          QSPI_READ_INSTR_SADDR32_DUMMY_SDATA(cmd, addr, 0, pdat, datalen);
  235   1      }
  236          
  237          void QSPI_READ_INSTR_SADDR32_DUMMY_SDATA(BYTE cmd, DWORD addr, BYTE dcyc, BYTE *pdat, WORD datalen)
  238          {
  239   1          while (QSPI_CheckBusy());       //检测忙状态
  240   1      
  241   1          QSPI_SetReadMode();             //读模式
  242   1          QSPI_SetDataLength(datalen-1);  //设置数据长度
  243   1          QSPI_SetAddressSize(3);         //设置地址宽度为32位(3+1字节)
  244   1          QSPI_SetDummyCycles(dcyc);      //设置DUMMY时钟
  245   1          QSPI_InstructionSingMode();     //设置指令为单线模式
  246   1          QSPI_AddressSingMode();         //设置地址为单线模式
  247   1          QSPI_NoAlternate();             //无间隔字节
  248   1          QSPI_DataSingMode();            //设置数据为单线模式
  249   1          QSPI_SetInstruction(cmd);       //设置指令
  250   1          QSPI_SetAddress(addr);          //设置地址
  251   1      
  252   1          while (!QSPI_CheckTransfer());  //等到数据传输完成
  253   1          QSPI_ClearTransfer();           //清除传输完成标志
  254   1      
  255   1          while (datalen)
  256   1          {
C251 COMPILER V5.60.0,  QSPI                                                               31/10/25  09:30:43  PAGE 5   

  257   2              *pdat = QSPI_ReadData();    //从FIFO中读取数据
  258   2              pdat++;
  259   2              datalen--;
  260   2          }
  261   1          
  262   1          while (QSPI_CheckFIFOLevel())   //清空FIFO
  263   1              QSPI_ReadData();
  264   1      }
  265          
  266          void QSPI_DMA_READ_INSTR_SADDR32_SDATA(BYTE cmd, DWORD addr, BYTE *pdat, WORD datalen)
  267          {
  268   1          QSPI_DMA_READ_INSTR_SADDR32_DUMMY_SDATA(cmd, addr, 0, pdat, datalen);
  269   1      }
  270          
  271          void QSPI_DMA_READ_INSTR_SADDR32_DUMMY_SDATA(BYTE cmd, DWORD addr, BYTE dcyc, BYTE *pdat, WORD datalen)
  272          {
  273   1          while (QSPI_CheckBusy());       //检测忙状态
  274   1      
  275   1          QSPI_SetReadMode();             //读模式
  276   1          QSPI_SetDataLength(datalen-1);  //设置数据长度
  277   1          QSPI_SetAddressSize(3);         //设置地址宽度为32位(3+1字节)
  278   1          QSPI_SetDummyCycles(dcyc);      //设置DUMMY时钟
  279   1          QSPI_NoInstruction();           //设置无指令模式(防止误触发)
  280   1          QSPI_NoAddress();               //设置无地址模式(防止误触发)
  281   1          QSPI_NoAlternate();             //无间隔字节
  282   1          QSPI_DataSingMode();            //设置数据为单线模式
  283   1          QSPI_SetInstruction(cmd);       //设置指令
  284   1          QSPI_SetAddress(addr);          //设置地址
  285   1          QSPI_InstructionSingMode();     //设置指令为单线模式
  286   1          QSPI_AddressSingMode();         //设置地址为单线模式
  287   1      
  288   1          QSPI_DMA_READ(pdat, datalen);
  289   1      }
  290          
  291          void QSPI_READ_INSTR_DADDR24_DALT8_DDATA(BYTE cmd, DWORD addr, BYTE alt, BYTE *pdat, WORD datalen)
  292          {
  293   1          while (QSPI_CheckBusy());       //检测忙状态
  294   1      
  295   1          QSPI_SetReadMode();             //读模式
  296   1          QSPI_SetDataLength(datalen-1);  //设置数据长度
  297   1          QSPI_SetAddressSize(2);         //设置地址宽度为24位(2+1字节)
  298   1          QSPI_SetAlternateSize(0);       //设置间隔字节宽度为8位(0+1字节)
  299   1          QSPI_SetDummyCycles(0);         //设置DUMMY时钟
  300   1          QSPI_InstructionSingMode();     //设置指令为单线模式
  301   1          QSPI_AddressDualMode();         //设置地址为双线模式
  302   1          QSPI_AlternateDualMode();       //设置间隔字节为双线模式
  303   1          QSPI_DataDualMode();            //设置数据为双线模式
  304   1          QSPI_SetAlternate(alt);         //设置间隔字节
  305   1          QSPI_SetInstruction(cmd);       //设置指令
  306   1          QSPI_SetAddress(addr);          //设置地址
  307   1      
  308   1          while (!QSPI_CheckTransfer());  //等到数据传输完成
  309   1          QSPI_ClearTransfer();           //清除传输完成标志
  310   1      
  311   1          while (datalen)
  312   1          {
  313   2              *pdat = QSPI_ReadData();    //从FIFO中读取数据
  314   2              pdat++;
  315   2              datalen--;
  316   2          }
  317   1          
  318   1          while (QSPI_CheckFIFOLevel())   //清空FIFO
  319   1              QSPI_ReadData();
  320   1      }
  321          
  322          void QSPI_DMA_READ_INSTR_DADDR24_DALT8_DDATA(BYTE cmd, DWORD addr, BYTE alt, BYTE *pdat, WORD datalen)
C251 COMPILER V5.60.0,  QSPI                                                               31/10/25  09:30:43  PAGE 6   

  323          {
  324   1          while (QSPI_CheckBusy());       //检测忙状态
  325   1      
  326   1          QSPI_SetReadMode();             //读模式
  327   1          QSPI_SetDataLength(datalen-1);  //设置数据长度
  328   1          QSPI_SetAddressSize(2);         //设置地址宽度为24位(2+1字节)
  329   1          QSPI_SetAlternateSize(0);       //设置间隔字节宽度为8位(0+1字节)
  330   1          QSPI_SetDummyCycles(0);         //设置DUMMY时钟
  331   1          QSPI_NoInstruction();           //设置无指令模式(防止误触发)
  332   1          QSPI_NoAddress();               //设置无地址模式(防止误触发)
  333   1          QSPI_AlternateDualMode();       //设置间隔字节为双线模式
  334   1          QSPI_DataDualMode();            //设置数据为双线模式
  335   1          QSPI_SetAlternate(alt);         //设置间隔字节
  336   1          QSPI_SetInstruction(cmd);       //设置指令
  337   1          QSPI_SetAddress(addr);          //设置地址
  338   1          QSPI_InstructionSingMode();     //设置指令为单线模式
  339   1          QSPI_AddressDualMode();         //设置地址为双线模式
  340   1      
  341   1          QSPI_DMA_READ(pdat, datalen);
  342   1      }
  343          
  344          void QSPI_READ_INSTR_DADDR32_DALT8_DDATA(BYTE cmd, DWORD addr, BYTE alt, BYTE *pdat, WORD datalen)
  345          {
  346   1          while (QSPI_CheckBusy());       //检测忙状态
  347   1      
  348   1          QSPI_SetReadMode();             //读模式
  349   1          QSPI_SetDataLength(datalen-1);  //设置数据长度
  350   1          QSPI_SetAddressSize(3);         //设置地址宽度为32位(3+1字节)
  351   1          QSPI_SetAlternateSize(0);       //设置间隔字节宽度为8位(0+1字节)
  352   1          QSPI_SetDummyCycles(0);         //设置DUMMY时钟
  353   1          QSPI_InstructionSingMode();     //设置指令为单线模式
  354   1          QSPI_AddressDualMode();         //设置地址为双线模式
  355   1          QSPI_AlternateDualMode();       //设置间隔字节为双线模式
  356   1          QSPI_DataDualMode();            //设置数据为双线模式
  357   1          QSPI_SetAlternate(alt);         //设置间隔字节
  358   1          QSPI_SetInstruction(cmd);       //设置指令
  359   1          QSPI_SetAddress(addr);          //设置地址
  360   1      
  361   1          while (!QSPI_CheckTransfer());  //等到数据传输完成
  362   1          QSPI_ClearTransfer();           //清除传输完成标志
  363   1      
  364   1          while (datalen)
  365   1          {
  366   2              *pdat = QSPI_ReadData();    //从FIFO中读取数据
  367   2              pdat++;
  368   2              datalen--;
  369   2          }
  370   1          
  371   1          while (QSPI_CheckFIFOLevel())   //清空FIFO
  372   1              QSPI_ReadData();
  373   1      }
  374          
  375          void QSPI_DMA_READ_INSTR_DADDR32_DALT8_DDATA(BYTE cmd, DWORD addr, BYTE alt, BYTE *pdat, WORD datalen)
  376          {
  377   1          while (QSPI_CheckBusy());       //检测忙状态
  378   1      
  379   1          QSPI_SetReadMode();             //读模式
  380   1          QSPI_SetDataLength(datalen-1);  //设置数据长度
  381   1          QSPI_SetAddressSize(3);         //设置地址宽度为32位(3+1字节)
  382   1          QSPI_SetAlternateSize(0);       //设置间隔字节宽度为8位(0+1字节)
  383   1          QSPI_SetDummyCycles(0);         //设置DUMMY时钟
  384   1          QSPI_NoInstruction();           //设置无指令模式(防止误触发)
  385   1          QSPI_NoAddress();               //设置无地址模式(防止误触发)
  386   1          QSPI_AlternateDualMode();       //设置间隔字节为双线模式
  387   1          QSPI_DataDualMode();            //设置数据为双线模式
  388   1          QSPI_SetAlternate(alt);         //设置间隔字节
C251 COMPILER V5.60.0,  QSPI                                                               31/10/25  09:30:43  PAGE 7   

  389   1          QSPI_SetInstruction(cmd);       //设置指令
  390   1          QSPI_SetAddress(addr);          //设置地址
  391   1          QSPI_InstructionSingMode();     //设置指令为单线模式
  392   1          QSPI_AddressDualMode();         //设置地址为双线模式
  393   1      
  394   1          QSPI_DMA_READ(pdat, datalen);
  395   1      }
  396          
  397          void QSPI_READ_INSTR_SADDR24_DUMMY_DDATA(BYTE cmd, DWORD addr, BYTE dcyc, BYTE *pdat, WORD datalen)
  398          {
  399   1          while (QSPI_CheckBusy());       //检测忙状态
  400   1      
  401   1          QSPI_SetReadMode();             //读模式
  402   1          QSPI_SetDataLength(datalen-1);  //设置数据长度
  403   1          QSPI_SetAddressSize(2);         //设置地址宽度为24位(2+1字节)
  404   1          QSPI_SetDummyCycles(dcyc);      //设置DUMMY时钟
  405   1          QSPI_InstructionSingMode();     //设置指令为单线模式
  406   1          QSPI_AddressSingMode();         //设置地址为单线模式
  407   1          QSPI_NoAlternate();             //无间隔字节
  408   1          QSPI_DataDualMode();            //设置数据为双线模式
  409   1          QSPI_SetInstruction(cmd);       //设置指令
  410   1          QSPI_SetAddress(addr);          //设置地址
  411   1      
  412   1          while (!QSPI_CheckTransfer());  //等到数据传输完成
  413   1          QSPI_ClearTransfer();           //清除传输完成标志
  414   1      
  415   1          while (datalen)
  416   1          {
  417   2              *pdat = QSPI_ReadData();    //从FIFO中读取数据
  418   2              pdat++;
  419   2              datalen--;
  420   2          }
  421   1          
  422   1          while (QSPI_CheckFIFOLevel())   //清空FIFO
  423   1              QSPI_ReadData();
  424   1      }
  425          
  426          void QSPI_DMA_READ_INSTR_SADDR24_DUMMY_DDATA(BYTE cmd, DWORD addr, BYTE dcyc, BYTE *pdat, WORD datalen)
  427          {
  428   1          while (QSPI_CheckBusy());       //检测忙状态
  429   1      
  430   1          QSPI_SetReadMode();             //读模式
  431   1          QSPI_SetDataLength(datalen-1);  //设置数据长度
  432   1          QSPI_SetAddressSize(2);         //设置地址宽度为24位(2+1字节)
  433   1          QSPI_SetDummyCycles(dcyc);      //设置DUMMY时钟
  434   1          QSPI_NoInstruction();           //设置无指令模式(防止误触发)
  435   1          QSPI_NoAddress();               //设置无地址模式(防止误触发)
  436   1          QSPI_NoAlternate();             //无间隔字节
  437   1          QSPI_DataDualMode();            //设置数据为双线模式
  438   1          QSPI_SetInstruction(cmd);       //设置指令
  439   1          QSPI_SetAddress(addr);          //设置地址
  440   1          QSPI_InstructionSingMode();     //设置指令为单线模式
  441   1          QSPI_AddressSingMode();         //设置地址为单线模式
  442   1      
  443   1          QSPI_DMA_READ(pdat, datalen);
  444   1      }
  445          
  446          void QSPI_READ_INSTR_SADDR24_DUMMY_QDATA(BYTE cmd, DWORD addr, BYTE dcyc, BYTE *pdat, WORD datalen)
  447          {
  448   1          while (QSPI_CheckBusy());       //检测忙状态
  449   1      
  450   1          QSPI_SetReadMode();             //读模式
  451   1          QSPI_SetDataLength(datalen-1);  //设置数据长度
  452   1          QSPI_SetAddressSize(2);         //设置地址宽度为24位(2+1字节)
  453   1          QSPI_SetDummyCycles(dcyc);      //设置DUMMY时钟
  454   1          QSPI_InstructionSingMode();     //设置指令为单线模式
C251 COMPILER V5.60.0,  QSPI                                                               31/10/25  09:30:43  PAGE 8   

  455   1          QSPI_AddressSingMode();         //设置地址为单线模式
  456   1          QSPI_NoAlternate();             //无间隔字节
  457   1          QSPI_DataQuadMode();            //设置数据为四线模式
  458   1          QSPI_SetInstruction(cmd);       //设置指令
  459   1          QSPI_SetAddress(addr);          //设置地址
  460   1      
  461   1          while (!QSPI_CheckTransfer());  //等到数据传输完成
  462   1          QSPI_ClearTransfer();           //清除传输完成标志
  463   1      
  464   1          while (datalen)
  465   1          {
  466   2              *pdat = QSPI_ReadData();    //从FIFO中读取数据
  467   2              pdat++;
  468   2              datalen--;
  469   2          }
  470   1          
  471   1          while (QSPI_CheckFIFOLevel())   //清空FIFO
  472   1              QSPI_ReadData();
  473   1      }
  474          
  475          void QSPI_DMA_READ_INSTR_SADDR24_DUMMY_QDATA(BYTE cmd, DWORD addr, BYTE dcyc, BYTE *pdat, WORD datalen)
  476          {
  477   1          while (QSPI_CheckBusy());       //检测忙状态
  478   1      
  479   1          QSPI_SetReadMode();             //读模式
  480   1          QSPI_SetDataLength(datalen-1);  //设置数据长度
  481   1          QSPI_SetAddressSize(2);         //设置地址宽度为24位(2+1字节)
  482   1          QSPI_SetDummyCycles(dcyc);      //设置DUMMY时钟
  483   1          QSPI_NoInstruction();           //设置无指令模式(防止误触发)
  484   1          QSPI_NoAddress();               //设置无地址模式(防止误触发)
  485   1          QSPI_NoAlternate();             //无间隔字节
  486   1          QSPI_DataQuadMode();            //设置数据为四线模式
  487   1          QSPI_SetInstruction(cmd);       //设置指令
  488   1          QSPI_SetAddress(addr);          //设置地址
  489   1          QSPI_InstructionSingMode();     //设置指令为单线模式
  490   1          QSPI_AddressSingMode();         //设置地址为单线模式
  491   1      
  492   1          QSPI_DMA_READ(pdat, datalen);
  493   1      }
  494          
  495          void QSPI_READ_INSTR_SADDR32_DUMMY_DDATA(BYTE cmd, DWORD addr, BYTE dcyc, BYTE *pdat, WORD datalen)
  496          {
  497   1          while (QSPI_CheckBusy());       //检测忙状态
  498   1      
  499   1          QSPI_SetReadMode();             //读模式
  500   1          QSPI_SetDataLength(datalen-1);  //设置数据长度
  501   1          QSPI_SetAddressSize(3);         //设置地址宽度为32位(3+1字节)
  502   1          QSPI_SetDummyCycles(dcyc);      //设置DUMMY时钟
  503   1          QSPI_InstructionSingMode();     //设置指令为单线模式
  504   1          QSPI_AddressSingMode();         //设置地址为单线模式
  505   1          QSPI_NoAlternate();             //无间隔字节
  506   1          QSPI_DataDualMode();            //设置数据为双线模式
  507   1          QSPI_SetInstruction(cmd);       //设置指令
  508   1          QSPI_SetAddress(addr);          //设置地址
  509   1      
  510   1          while (!QSPI_CheckTransfer());  //等到数据传输完成
  511   1          QSPI_ClearTransfer();           //清除传输完成标志
  512   1      
  513   1          while (datalen)
  514   1          {
  515   2              *pdat = QSPI_ReadData();    //从FIFO中读取数据
  516   2              pdat++;
  517   2              datalen--;
  518   2          }
  519   1          
  520   1          while (QSPI_CheckFIFOLevel())   //清空FIFO
C251 COMPILER V5.60.0,  QSPI                                                               31/10/25  09:30:43  PAGE 9   

  521   1              QSPI_ReadData();
  522   1      }
  523          
  524          void QSPI_DMA_READ_INSTR_SADDR32_DUMMY_DDATA(BYTE cmd, DWORD addr, BYTE dcyc, BYTE *pdat, WORD datalen)
  525          {
  526   1          while (QSPI_CheckBusy());       //检测忙状态
  527   1      
  528   1          QSPI_SetReadMode();             //读模式
  529   1          QSPI_SetDataLength(datalen-1);  //设置数据长度
  530   1          QSPI_SetAddressSize(3);         //设置地址宽度为32位(3+1字节)
  531   1          QSPI_SetDummyCycles(dcyc);      //设置DUMMY时钟
  532   1          QSPI_NoInstruction();           //设置无指令模式(防止误触发)
  533   1          QSPI_NoAddress();               //设置无地址模式(防止误触发)
  534   1          QSPI_NoAlternate();             //无间隔字节
  535   1          QSPI_DataDualMode();            //设置数据为双线模式
  536   1          QSPI_SetInstruction(cmd);       //设置指令
  537   1          QSPI_SetAddress(addr);          //设置地址
  538   1          QSPI_InstructionSingMode();     //设置指令为单线模式
  539   1          QSPI_AddressSingMode();         //设置地址为单线模式
  540   1      
  541   1          QSPI_DMA_READ(pdat, datalen);
  542   1      }
  543          
  544          void QSPI_READ_INSTR_SADDR32_DUMMY_QDATA(BYTE cmd, DWORD addr, BYTE dcyc, BYTE *pdat, WORD datalen)
  545          {
  546   1          while (QSPI_CheckBusy());       //检测忙状态
  547   1      
  548   1          QSPI_SetReadMode();             //读模式
  549   1          QSPI_SetDataLength(datalen-1);  //设置数据长度
  550   1          QSPI_SetAddressSize(3);         //设置地址宽度为32位(3+1字节)
  551   1          QSPI_SetDummyCycles(dcyc);      //设置DUMMY时钟
  552   1          QSPI_InstructionSingMode();     //设置指令为单线模式
  553   1          QSPI_AddressSingMode();         //设置地址为单线模式
  554   1          QSPI_NoAlternate();             //无间隔字节
  555   1          QSPI_DataQuadMode();            //设置数据为四线模式
  556   1          QSPI_SetInstruction(cmd);       //设置指令
  557   1          QSPI_SetAddress(addr);          //设置地址
  558   1      
  559   1          while (!QSPI_CheckTransfer());  //等到数据传输完成
  560   1          QSPI_ClearTransfer();           //清除传输完成标志
  561   1      
  562   1          while (datalen)
  563   1          {
  564   2              *pdat = QSPI_ReadData();    //从FIFO中读取数据
  565   2              pdat++;
  566   2              datalen--;
  567   2          }
  568   1          
  569   1          while (QSPI_CheckFIFOLevel())   //清空FIFO
  570   1              QSPI_ReadData();
  571   1      }
  572          
  573          void QSPI_DMA_READ_INSTR_SADDR32_DUMMY_QDATA(BYTE cmd, DWORD addr, BYTE dcyc, BYTE *pdat, WORD datalen)
  574          {
  575   1          while (QSPI_CheckBusy());       //检测忙状态
  576   1      
  577   1          QSPI_SetReadMode();             //读模式
  578   1          QSPI_SetDataLength(datalen-1);  //设置数据长度
  579   1          QSPI_SetAddressSize(3);         //设置地址宽度为32位(3+1字节)
  580   1          QSPI_SetDummyCycles(dcyc);      //设置DUMMY时钟
  581   1          QSPI_NoInstruction();           //设置无指令模式(防止误触发)
  582   1          QSPI_NoAddress();               //设置无地址模式(防止误触发)
  583   1          QSPI_NoAlternate();             //无间隔字节
  584   1          QSPI_DataQuadMode();            //设置数据为四线模式
  585   1          QSPI_SetInstruction(cmd);       //设置指令
  586   1          QSPI_SetAddress(addr);          //设置地址
C251 COMPILER V5.60.0,  QSPI                                                               31/10/25  09:30:43  PAGE 10  

  587   1          QSPI_InstructionSingMode();     //设置指令为单线模式
  588   1          QSPI_AddressSingMode();         //设置地址为单线模式
  589   1      
  590   1          QSPI_DMA_READ(pdat, datalen);
  591   1      }
  592          
  593          void QSPI_READ_INSTR_QADDR24_QALT8_DUMMY_QDATA(BYTE cmd, DWORD addr, BYTE alt, BYTE dcyc, BYTE *pdat, WOR
             -D datalen)
  594          {
  595   1          while (QSPI_CheckBusy());       //检测忙状态
  596   1      
  597   1          QSPI_SetReadMode();             //读模式
  598   1          QSPI_SetDataLength(datalen-1);  //设置数据长度
  599   1          QSPI_SetAddressSize(2);         //设置地址宽度为24位(2+1字节)
  600   1          QSPI_SetAlternateSize(0);       //设置间隔字节宽度为8位(0+1字节)
  601   1          QSPI_SetDummyCycles(dcyc);      //设置DUMMY时钟
  602   1          QSPI_InstructionSingMode();     //设置指令为单线模式
  603   1          QSPI_AddressQuadMode();         //设置地址为四线模式
  604   1          QSPI_AlternateQuadMode();       //设置间隔字节为四线模式
  605   1          QSPI_DataQuadMode();            //设置数据为四线模式
  606   1          QSPI_SetAlternate(alt);         //设置间隔字节
  607   1          QSPI_SetInstruction(cmd);       //设置指令
  608   1          QSPI_SetAddress(addr);          //设置地址
  609   1      
  610   1          while (!QSPI_CheckTransfer());  //等到数据传输完成
  611   1          QSPI_ClearTransfer();           //清除传输完成标志
  612   1      
  613   1          while (datalen)
  614   1          {
  615   2              *pdat = QSPI_ReadData();    //从FIFO中读取数据
  616   2              pdat++;
  617   2              datalen--;
  618   2          }
  619   1          
  620   1          while (QSPI_CheckFIFOLevel())   //清空FIFO
  621   1              QSPI_ReadData();
  622   1      }
  623          
  624          void QSPI_DMA_READ_INSTR_QADDR24_QALT8_DUMMY_QDATA(BYTE cmd, DWORD addr, BYTE alt, BYTE dcyc, BYTE *pdat,
             - WORD datalen)
  625          {
  626   1          while (QSPI_CheckBusy());       //检测忙状态
  627   1      
  628   1          QSPI_SetReadMode();             //读模式
  629   1          QSPI_SetDataLength(datalen-1);  //设置数据长度
  630   1          QSPI_SetAddressSize(2);         //设置地址宽度为24位(2+1字节)
  631   1          QSPI_SetAlternateSize(0);       //设置间隔字节宽度为8位(0+1字节)
  632   1          QSPI_SetDummyCycles(dcyc);      //设置DUMMY时钟
  633   1          QSPI_NoInstruction();           //设置无指令模式(防止误触发)
  634   1          QSPI_NoAddress();               //设置无地址模式(防止误触发)
  635   1          QSPI_AlternateQuadMode();       //设置间隔字节为四线模式
  636   1          QSPI_DataQuadMode();            //设置数据为四线模式
  637   1          QSPI_SetAlternate(alt);         //设置间隔字节
  638   1          QSPI_SetInstruction(cmd);       //设置指令
  639   1          QSPI_SetAddress(addr);          //设置地址
  640   1          QSPI_InstructionSingMode();     //设置指令为单线模式
  641   1          QSPI_AddressQuadMode();         //设置地址为四线模式
  642   1      
  643   1          QSPI_DMA_READ(pdat, datalen);
  644   1      }
  645          
  646          void QSPI_READ_INSTR_QADDR32_QALT8_DUMMY_QDATA(BYTE cmd, DWORD addr, BYTE alt, BYTE dcyc, BYTE *pdat, WOR
             -D datalen)
  647          {
  648   1          while (QSPI_CheckBusy());       //检测忙状态
  649   1      
C251 COMPILER V5.60.0,  QSPI                                                               31/10/25  09:30:43  PAGE 11  

  650   1          QSPI_SetReadMode();             //读模式
  651   1          QSPI_SetDataLength(datalen-1);  //设置数据长度
  652   1          QSPI_SetAddressSize(3);         //设置地址宽度为32位(3+1字节)
  653   1          QSPI_SetAlternateSize(0);       //设置间隔字节宽度为8位(0+1字节)
  654   1          QSPI_SetDummyCycles(dcyc);      //设置DUMMY时钟
  655   1          QSPI_InstructionSingMode();     //设置指令为单线模式
  656   1          QSPI_AddressQuadMode();         //设置地址为四线模式
  657   1          QSPI_AlternateQuadMode();       //设置间隔字节为四线模式
  658   1          QSPI_DataQuadMode();            //设置数据为四线模式
  659   1          QSPI_SetAlternate(alt);         //设置间隔字节
  660   1          QSPI_SetInstruction(cmd);       //设置指令
  661   1          QSPI_SetAddress(addr);          //设置地址
  662   1      
  663   1          while (!QSPI_CheckTransfer());  //等到数据传输完成
  664   1          QSPI_ClearTransfer();           //清除传输完成标志
  665   1      
  666   1          while (datalen)
  667   1          {
  668   2              *pdat = QSPI_ReadData();    //从FIFO中读取数据
  669   2              pdat++;
  670   2              datalen--;
  671   2          }
  672   1          
  673   1          while (QSPI_CheckFIFOLevel())   //清空FIFO
  674   1              QSPI_ReadData();
  675   1      }
  676          
  677          void QSPI_DMA_READ_INSTR_QADDR32_QALT8_DUMMY_QDATA(BYTE cmd, DWORD addr, BYTE alt, BYTE dcyc, BYTE *pdat,
             - WORD datalen)
  678          {
  679   1          while (QSPI_CheckBusy());       //检测忙状态
  680   1      
  681   1          QSPI_SetReadMode();             //读模式
  682   1          QSPI_SetDataLength(datalen-1);  //设置数据长度
  683   1          QSPI_SetAddressSize(3);         //设置地址宽度为32位(3+1字节)
  684   1          QSPI_SetAlternateSize(0);       //设置间隔字节宽度为8位(0+1字节)
  685   1          QSPI_SetDummyCycles(dcyc);      //设置DUMMY时钟
  686   1          QSPI_NoInstruction();           //设置无指令模式(防止误触发)
  687   1          QSPI_NoAddress();               //设置无地址模式(防止误触发)
  688   1          QSPI_AlternateQuadMode();       //设置间隔字节为四线模式
  689   1          QSPI_DataQuadMode();            //设置数据为四线模式
  690   1          QSPI_SetAlternate(alt);         //设置间隔字节
  691   1          QSPI_SetInstruction(cmd);       //设置指令
  692   1          QSPI_SetAddress(addr);          //设置地址
  693   1          QSPI_InstructionSingMode();     //设置指令为单线模式
  694   1          QSPI_AddressQuadMode();         //设置地址为四线模式
  695   1      
  696   1          QSPI_DMA_READ(pdat, datalen);
  697   1      }
  698          
  699          void QSPI_WRITE_INSTR_SADDR24_SDATA(BYTE cmd, DWORD addr, BYTE *pdat, WORD datalen)
  700          {
  701   1          while (QSPI_CheckBusy());       //检测忙状态
  702   1      
  703   1          QSPI_SetWriteMode();            //写模式
  704   1          QSPI_SetDataLength(datalen-1);  //设置数据长度
  705   1          QSPI_SetAddressSize(2);         //设置地址宽度为24位(2+1字节)
  706   1          QSPI_SetDummyCycles(0);         //设置DUMMY时钟
  707   1          QSPI_InstructionSingMode();     //设置指令为单线模式
  708   1          QSPI_AddressSingMode();         //设置地址为单线模式
  709   1          QSPI_NoAlternate();             //无间隔字节
  710   1          QSPI_DataSingMode();            //设置数据为单线模式
  711   1          QSPI_SetInstruction(cmd);       //设置指令
  712   1          QSPI_SetAddress(addr);          //设置地址
  713   1          while (datalen)
  714   1          {
C251 COMPILER V5.60.0,  QSPI                                                               31/10/25  09:30:43  PAGE 12  

  715   2              QSPI_WriteData(*pdat);      //写数据到FIFO中
  716   2              pdat++;
  717   2              datalen--;
  718   2          }
  719   1      
  720   1          while (!QSPI_CheckTransfer());  //等到数据传输完成
  721   1          QSPI_ClearTransfer();           //清除传输完成标志
  722   1      }
  723          
  724          void QSPI_DMA_WRITE_INSTR_SADDR24_SDATA(BYTE cmd, DWORD addr, BYTE *pdat, WORD datalen)
  725          {
  726   1          while (QSPI_CheckBusy());       //检测忙状态
  727   1      
  728   1          QSPI_SetWriteMode();            //写模式
  729   1          QSPI_SetDataLength(datalen-1);  //设置数据长度
  730   1          QSPI_SetAddressSize(2);         //设置地址宽度为24位(2+1字节)
  731   1          QSPI_SetDummyCycles(0);         //设置DUMMY时钟
  732   1          QSPI_NoInstruction();           //设置无指令模式(防止误触发)
  733   1          QSPI_NoAddress();               //设置无地址模式(防止误触发)
  734   1          QSPI_NoAlternate();             //无间隔字节
  735   1          QSPI_DataSingMode();            //设置数据为单线模式
  736   1          QSPI_SetInstruction(cmd);       //设置指令
  737   1          QSPI_SetAddress(addr);          //设置地址
  738   1          QSPI_InstructionSingMode();     //设置指令为单线模式
  739   1          QSPI_AddressSingMode();         //设置地址为单线模式
  740   1          
  741   1          QSPI_DMA_WRITE(pdat, datalen);
  742   1      }
  743          
  744          void QSPI_WRITE_INSTR_SADDR24_QDATA(BYTE cmd, DWORD addr, BYTE *pdat, WORD datalen)
  745          {
  746   1          while (QSPI_CheckBusy());       //检测忙状态
  747   1      
  748   1          QSPI_SetWriteMode();            //写模式
  749   1          QSPI_SetDataLength(datalen-1);  //设置数据长度
  750   1          QSPI_SetAddressSize(2);         //设置地址宽度为24位(2+1字节)
  751   1          QSPI_SetDummyCycles(0);         //设置DUMMY时钟
  752   1          QSPI_InstructionSingMode();     //设置指令为单线模式
  753   1          QSPI_AddressSingMode();         //设置地址为单线模式
  754   1          QSPI_NoAlternate();             //无间隔字节
  755   1          QSPI_DataQuadMode();            //设置数据为四线模式
  756   1          QSPI_SetInstruction(cmd);       //设置指令
  757   1          QSPI_SetAddress(addr);          //设置地址
  758   1      
  759   1          while (datalen)
  760   1          {
  761   2              QSPI_WriteData(*pdat);      //写数据到FIFO中
  762   2              pdat++;
  763   2              datalen--;
  764   2          }
  765   1          
  766   1          while (!QSPI_CheckTransfer());  //等到数据传输完成
  767   1          QSPI_ClearTransfer();           //清除传输完成标志
  768   1      }
  769          
  770          void QSPI_DMA_WRITE_INSTR_SADDR24_QDATA(BYTE cmd, DWORD addr, BYTE *pdat, WORD datalen)
  771          {
  772   1          while (QSPI_CheckBusy());       //检测忙状态
  773   1      
  774   1          QSPI_SetWriteMode();            //写模式
  775   1          QSPI_SetDataLength(datalen-1);  //设置数据长度
  776   1          QSPI_SetAddressSize(2);         //设置地址宽度为24位(2+1字节)
  777   1          QSPI_SetDummyCycles(0);         //设置DUMMY时钟
  778   1          QSPI_NoInstruction();           //设置无指令模式(防止误触发)
  779   1          QSPI_NoAddress();               //设置无地址模式(防止误触发)
  780   1          QSPI_NoAlternate();             //无间隔字节
C251 COMPILER V5.60.0,  QSPI                                                               31/10/25  09:30:43  PAGE 13  

  781   1          QSPI_DataQuadMode();            //设置数据为四线模式
  782   1          QSPI_SetInstruction(cmd);       //设置指令
  783   1          QSPI_SetAddress(addr);          //设置地址
  784   1          QSPI_InstructionSingMode();     //设置指令为单线模式
  785   1          QSPI_AddressSingMode();         //设置地址为单线模式
  786   1          
  787   1          QSPI_DMA_WRITE(pdat, datalen);
  788   1      }
  789          
  790          void QSPI_WRITE_INSTR_SADDR32_SDATA(BYTE cmd, DWORD addr, BYTE *pdat, WORD datalen)
  791          {
  792   1          while (QSPI_CheckBusy());       //检测忙状态
  793   1      
  794   1          QSPI_SetWriteMode();            //写模式
  795   1          QSPI_SetDataLength(datalen-1);  //设置数据长度
  796   1          QSPI_SetAddressSize(3);         //设置地址宽度为32位(3+1字节)
  797   1          QSPI_SetDummyCycles(0);         //设置DUMMY时钟
  798   1          QSPI_InstructionSingMode();     //设置指令为单线模式
  799   1          QSPI_AddressSingMode();         //设置地址为单线模式
  800   1          QSPI_NoAlternate();             //无间隔字节
  801   1          QSPI_DataSingMode();            //设置数据为单线模式
  802   1          QSPI_SetInstruction(cmd);       //设置指令
  803   1          QSPI_SetAddress(addr);          //设置地址
  804   1          while (datalen)
  805   1          {
  806   2              QSPI_WriteData(*pdat);      //写数据到FIFO中
  807   2              pdat++;
  808   2              datalen--;
  809   2          }
  810   1      
  811   1          while (!QSPI_CheckTransfer());  //等到数据传输完成
  812   1          QSPI_ClearTransfer();           //清除传输完成标志
  813   1      }
  814          
  815          void QSPI_DMA_WRITE_INSTR_SADDR32_SDATA(BYTE cmd, DWORD addr, BYTE *pdat, WORD datalen)
  816          {
  817   1          while (QSPI_CheckBusy());       //检测忙状态
  818   1      
  819   1          QSPI_SetWriteMode();            //写模式
  820   1          QSPI_SetDataLength(datalen-1);  //设置数据长度
  821   1          QSPI_SetAddressSize(3);         //设置地址宽度为32位(3+1字节)
  822   1          QSPI_SetDummyCycles(0);         //设置DUMMY时钟
  823   1          QSPI_NoInstruction();           //设置无指令模式(防止误触发)
  824   1          QSPI_NoAddress();               //设置无地址模式(防止误触发)
  825   1          QSPI_NoAlternate();             //无间隔字节
  826   1          QSPI_DataSingMode();            //设置数据为单线模式
  827   1          QSPI_SetInstruction(cmd);       //设置指令
  828   1          QSPI_SetAddress(addr);          //设置地址
  829   1          QSPI_InstructionSingMode();     //设置指令为单线模式
  830   1          QSPI_AddressSingMode();         //设置地址为单线模式
  831   1          
  832   1          QSPI_DMA_WRITE(pdat, datalen);
  833   1      }
  834          
  835          void QSPI_WRITE_INSTR_SADDR32_QDATA(BYTE cmd, DWORD addr, BYTE *pdat, WORD datalen)
  836          {
  837   1          while (QSPI_CheckBusy());       //检测忙状态
  838   1      
  839   1          QSPI_SetWriteMode();            //写模式
  840   1          QSPI_SetDataLength(datalen-1);  //设置数据长度
  841   1          QSPI_SetAddressSize(3);         //设置地址宽度为32位(3+1字节)
  842   1          QSPI_SetDummyCycles(0);         //设置DUMMY时钟
  843   1          QSPI_InstructionSingMode();     //设置指令为单线模式
  844   1          QSPI_AddressSingMode();         //设置地址为单线模式
  845   1          QSPI_NoAlternate();             //无间隔字节
  846   1          QSPI_DataQuadMode();            //设置数据为四线模式
C251 COMPILER V5.60.0,  QSPI                                                               31/10/25  09:30:43  PAGE 14  

  847   1          QSPI_SetInstruction(cmd);       //设置指令
  848   1          QSPI_SetAddress(addr);          //设置地址
  849   1          while (datalen)
  850   1          {
  851   2              QSPI_WriteData(*pdat);      //写数据到FIFO中
  852   2              pdat++;
  853   2              datalen--;
  854   2          }
  855   1      
  856   1          while (!QSPI_CheckTransfer());  //等到数据传输完成
  857   1          QSPI_ClearTransfer();           //清除传输完成标志
  858   1      }
  859          
  860          void QSPI_DMA_WRITE_INSTR_SADDR32_QDATA(BYTE cmd, DWORD addr, BYTE *pdat, WORD datalen)
  861          {
  862   1          while (QSPI_CheckBusy());       //检测忙状态
  863   1      
  864   1          QSPI_SetWriteMode();            //写模式
  865   1          QSPI_SetDataLength(datalen-1);  //设置数据长度
  866   1          QSPI_SetAddressSize(3);         //设置地址宽度为32位(3+1字节)
  867   1          QSPI_SetDummyCycles(0);         //设置DUMMY时钟
  868   1          QSPI_NoInstruction();           //设置无指令模式(防止误触发)
  869   1          QSPI_NoAddress();               //设置无地址模式(防止误触发)
  870   1          QSPI_NoAlternate();             //无间隔字节
  871   1          QSPI_DataQuadMode();            //设置数据为四线模式
  872   1          QSPI_SetInstruction(cmd);       //设置指令
  873   1          QSPI_SetAddress(addr);          //设置地址
  874   1          QSPI_InstructionSingMode();     //设置指令为单线模式
  875   1          QSPI_AddressSingMode();         //设置地址为单线模式
  876   1          
  877   1          QSPI_DMA_WRITE(pdat, datalen);
  878   1      }
  879          
  880          void QSPI_WRITE_QINSTR(BYTE cmd)
  881          {
  882   1          while (QSPI_CheckBusy());       //检测忙状态
  883   1      
  884   1          QSPI_SetWriteMode();            //写模式
  885   1          QSPI_SetDummyCycles(0);         //设置DUMMY时钟
  886   1          QSPI_InstructionQuadMode();     //设置指令为四线模式
  887   1          QSPI_NoAddress();               //无地址字节
  888   1              QSPI_NoAlternate();             //无间隔字节
  889   1          QSPI_NoData();                  //无数据
  890   1          QSPI_SetInstruction(cmd);       //设置指令
  891   1      
  892   1          while (!QSPI_CheckTransfer());  //等到数据传输完成
  893   1          QSPI_ClearTransfer();           //清除传输完成标志
  894   1      }
  895          
  896          void QSPI_READ_QINSTR_QDATA(BYTE cmd, BYTE *pdat, WORD datalen)
  897          {
  898   1          while (QSPI_CheckBusy());       //检测忙状态
  899   1      
  900   1          QSPI_SetReadMode();             //读模式
  901   1          QSPI_SetDataLength(datalen-1);  //设置数据长度
  902   1          QSPI_SetDummyCycles(0);         //设置DUMMY时钟
  903   1          QSPI_InstructionQuadMode();     //设置指令为四线模式
  904   1          QSPI_NoAddress();               //无地址字节
  905   1              QSPI_NoAlternate();             //无间隔字节
  906   1          QSPI_DataQuadMode();            //设置数据为四线模式
  907   1          QSPI_SetInstruction(cmd);       //设置指令
  908   1      
  909   1          while (!QSPI_CheckTransfer());  //等到数据传输完成
  910   1          QSPI_ClearTransfer();           //清除传输完成标志
  911   1      
  912   1          while (datalen)
C251 COMPILER V5.60.0,  QSPI                                                               31/10/25  09:30:43  PAGE 15  

  913   1          {
  914   2              *pdat = QSPI_ReadData();    //从FIFO中读取数据
  915   2              pdat++;
  916   2              datalen--;
  917   2          }
  918   1          
  919   1          while (QSPI_CheckFIFOLevel())   //清空FIFO
  920   1              QSPI_ReadData();
  921   1      }
  922          
  923          void QSPI_WRITE_QINSTR_QADDR8(BYTE cmd, BYTE addr)
  924          {
  925   1          while (QSPI_CheckBusy());       //检测忙状态
  926   1      
  927   1          QSPI_SetWriteMode();            //写模式
  928   1          QSPI_SetAddressSize(0);         //设置地址宽度为8位(0+1字节)
  929   1          QSPI_SetDummyCycles(0);         //设置DUMMY时钟
  930   1          QSPI_InstructionQuadMode();     //设置指令为四线模式
  931   1          QSPI_AddressQuadMode();         //设置地址为四线模式
  932   1          QSPI_NoAlternate();             //无间隔字节
  933   1          QSPI_NoData();                  //无数据
  934   1          QSPI_SetInstruction(cmd);       //设置指令
  935   1          QSPI_SetAddress(addr);          //设置地址
  936   1      
  937   1          while (!QSPI_CheckTransfer());  //等到数据传输完成
  938   1          QSPI_ClearTransfer();           //清除传输完成标志
  939   1      }
  940          
  941          void QSPI_READ_QINSTR_QADDR24_DUMMY_QDATA(BYTE cmd, DWORD addr, BYTE dcyc, BYTE *pdat, WORD datalen)
  942          {
  943   1          while (QSPI_CheckBusy());       //检测忙状态
  944   1      
  945   1          QSPI_SetReadMode();             //读模式
  946   1          QSPI_SetDataLength(datalen-1);  //设置数据长度
  947   1          QSPI_SetAddressSize(2);         //设置地址宽度为24位(2+1字节)
  948   1          QSPI_SetDummyCycles(dcyc);      //设置DUMMY时钟
  949   1          QSPI_InstructionQuadMode();     //设置指令为四线模式
  950   1          QSPI_AddressQuadMode();         //设置地址为四线模式
  951   1          QSPI_NoAlternate();             //无间隔字节
  952   1          QSPI_DataQuadMode();            //设置数据为四线模式
  953   1          QSPI_SetInstruction(cmd);       //设置指令
  954   1          QSPI_SetAddress(addr);          //设置地址
  955   1      
  956   1          while (!QSPI_CheckTransfer());  //等到数据传输完成
  957   1          QSPI_ClearTransfer();           //清除传输完成标志
  958   1      
  959   1          while (datalen)
  960   1          {
  961   2              *pdat = QSPI_ReadData();    //从FIFO中读取数据
  962   2              pdat++;
  963   2              datalen--;
  964   2          }
  965   1          
  966   1          while (QSPI_CheckFIFOLevel())   //清空FIFO
  967   1              QSPI_ReadData();
  968   1      }
  969          
  970          void QSPI_DMA_READ_QINSTR_QADDR24_DUMMY_QDATA(BYTE cmd, DWORD addr, BYTE dcyc, BYTE *pdat, WORD datalen)
  971          {
  972   1          while (QSPI_CheckBusy());       //检测忙状态
  973   1      
  974   1          QSPI_SetReadMode();             //读模式
  975   1          QSPI_SetDataLength(datalen-1);  //设置数据长度
  976   1          QSPI_SetAddressSize(2);         //设置地址宽度为24位(2+1字节)
  977   1          QSPI_SetDummyCycles(dcyc);      //设置DUMMY时钟
  978   1          QSPI_NoInstruction();           //设置无指令模式(防止误触发)
C251 COMPILER V5.60.0,  QSPI                                                               31/10/25  09:30:43  PAGE 16  

  979   1          QSPI_NoAddress();               //设置无地址模式(防止误触发)
  980   1          QSPI_NoAlternate();             //无间隔字节
  981   1          QSPI_DataQuadMode();            //设置数据为四线模式
  982   1          QSPI_SetInstruction(cmd);       //设置指令
  983   1          QSPI_SetAddress(addr);          //设置地址
  984   1          QSPI_InstructionQuadMode();     //设置指令为四线模式
  985   1          QSPI_AddressQuadMode();         //设置地址为四线模式
  986   1      
  987   1          QSPI_DMA_READ(pdat, datalen);
  988   1      }
  989          
  990          void QSPI_READ_QINSTR_QADDR24_QALT8_DUMMY_QDATA(BYTE cmd, DWORD addr, BYTE alt, BYTE dcyc, BYTE *pdat, WO
             -RD datalen)
  991          {
  992   1          while (QSPI_CheckBusy());       //检测忙状态
  993   1      
  994   1          QSPI_SetReadMode();             //读模式
  995   1          QSPI_SetDataLength(datalen-1);  //设置数据长度
  996   1          QSPI_SetAddressSize(2);         //设置地址宽度为24位(2+1字节)
  997   1          QSPI_SetAlternateSize(0);       //设置间隔字节宽度为8位(0+1字节)
  998   1          QSPI_SetDummyCycles(dcyc);      //设置DUMMY时钟
  999   1          QSPI_InstructionQuadMode();     //设置指令为四线模式
 1000   1          QSPI_AddressQuadMode();         //设置地址为四线模式
 1001   1          QSPI_AlternateQuadMode();       //设置间隔字节为四线模式
 1002   1          QSPI_DataQuadMode();            //设置数据为四线模式
 1003   1          QSPI_SetAlternate(alt);         //设置间隔字节
 1004   1          QSPI_SetInstruction(cmd);       //设置指令
 1005   1          QSPI_SetAddress(addr);          //设置地址
 1006   1      
 1007   1          while (!QSPI_CheckTransfer());  //等到数据传输完成
 1008   1          QSPI_ClearTransfer();           //清除传输完成标志
 1009   1      
 1010   1          while (datalen)
 1011   1          {
 1012   2              *pdat = QSPI_ReadData();    //从FIFO中读取数据
 1013   2              pdat++;
 1014   2              datalen--;
 1015   2          }
 1016   1          
 1017   1          while (QSPI_CheckFIFOLevel())   //清空FIFO
 1018   1              QSPI_ReadData();
 1019   1      }
 1020          
 1021          void QSPI_DMA_READ_QINSTR_QADDR24_QALT8_DUMMY_QDATA(BYTE cmd, DWORD addr, BYTE alt, BYTE dcyc, BYTE *pdat
             -, WORD datalen)
 1022          {
 1023   1          while (QSPI_CheckBusy());       //检测忙状态
 1024   1      
 1025   1          QSPI_SetReadMode();             //读模式
 1026   1          QSPI_SetDataLength(datalen-1);  //设置数据长度
 1027   1          QSPI_SetAddressSize(2);         //设置地址宽度为24位(2+1字节)
 1028   1          QSPI_SetAlternateSize(0);       //设置间隔字节宽度为8位(0+1字节)
 1029   1          QSPI_SetDummyCycles(dcyc);      //设置DUMMY时钟
 1030   1          QSPI_NoInstruction();           //设置无指令模式(防止误触发)
 1031   1          QSPI_NoAddress();               //设置无地址模式(防止误触发)
 1032   1          QSPI_AlternateQuadMode();       //设置间隔字节为四线模式
 1033   1          QSPI_DataQuadMode();            //设置数据为四线模式
 1034   1          QSPI_SetAlternate(alt);         //设置间隔字节
 1035   1          QSPI_SetInstruction(cmd);       //设置指令
 1036   1          QSPI_SetAddress(addr);          //设置地址
 1037   1          QSPI_InstructionQuadMode();     //设置指令为四线模式
 1038   1          QSPI_AddressQuadMode();         //设置地址为四线模式
 1039   1      
 1040   1          QSPI_DMA_READ(pdat, datalen);
 1041   1      }
 1042          
C251 COMPILER V5.60.0,  QSPI                                                               31/10/25  09:30:43  PAGE 17  

 1043          void QSPI_WRITE_QINSTR_QADDR24(BYTE cmd, DWORD addr)
 1044          {
 1045   1          while (QSPI_CheckBusy());       //检测忙状态
 1046   1      
 1047   1          QSPI_SetWriteMode();            //写模式
 1048   1          QSPI_SetAddressSize(2);         //设置地址宽度为24位(2+1字节)
 1049   1          QSPI_SetDummyCycles(0);         //设置DUMMY时钟
 1050   1          QSPI_InstructionQuadMode();     //设置指令为四线模式
 1051   1          QSPI_AddressQuadMode();         //设置地址为四线模式
 1052   1          QSPI_NoAlternate();             //无间隔字节
 1053   1          QSPI_NoData();                  //无数据
 1054   1          QSPI_SetInstruction(cmd);       //设置指令
 1055   1          QSPI_SetAddress(addr);          //设置地址
 1056   1      
 1057   1          while (!QSPI_CheckTransfer());  //等到数据传输完成
 1058   1          QSPI_ClearTransfer();           //清除传输完成标志
 1059   1      }
 1060          
 1061          void QSPI_READ_QINSTR_QADDR24_QDATA(BYTE cmd, DWORD addr, BYTE *pdat, WORD datalen)
 1062          {
 1063   1          QSPI_READ_QINSTR_QADDR24_DUMMY_QDATA(cmd, addr, 0, pdat, datalen);
 1064   1      }
 1065          
 1066          void QSPI_POLLING_READ_INSTR_SDATA(BYTE cmd, BYTE mask, BYTE match, WORD clks)
 1067          {
 1068   1          while (QSPI_CheckBusy());       //检测忙状态
 1069   1      
 1070   1          QSPI_SetReadMode();             //读模式
 1071   1          QSPI_SetPollingMask(mask);      //设置轮询状态屏蔽位
 1072   1          QSPI_SetPollingMatch(match);    //设置轮询状态匹配位
 1073   1          QSPI_SetPollingInterval(clks);  //设置轮询周期
 1074   1          QSPI_PollingMatchAND();         //设置轮询匹配模式
 1075   1          QSPI_PollingAutoStop();         //设置轮询相匹配时自动停止轮询
 1076   1          QSPI_SetDataLength(0);          //设置数据长度
 1077   1          QSPI_SetDummyCycles(0);         //设置DUMMY时钟
 1078   1          QSPI_InstructionSingMode();     //设置指令为单线模式
 1079   1          QSPI_NoAddress();               //无地址字节
 1080   1              QSPI_NoAlternate();             //无间隔字节
 1081   1          QSPI_DataSingMode();            //设置数据为单线模式
 1082   1          QSPI_SetInstruction(cmd);       //设置指令
 1083   1          QSPI_SetPollingMode();          //轮询模式
 1084   1      
 1085   1          while (!QSPI_CheckMatch());     //等到轮询完成
 1086   1          QSPI_ClearMatch();              //清除轮询完成标志
 1087   1      
 1088   1          while (QSPI_CheckFIFOLevel())   //清空FIFO
 1089   1              QSPI_ReadData();
 1090   1      }
 1091          
 1092          void QSPI_POLLING_READ_QINSTR_QDATA(BYTE cmd, BYTE mask, BYTE match, WORD clks)
 1093          {
 1094   1          while (QSPI_CheckBusy());       //检测忙状态
 1095   1      
 1096   1          QSPI_SetReadMode();             //读模式
 1097   1          QSPI_SetPollingMask(mask);      //设置轮询状态屏蔽位
 1098   1          QSPI_SetPollingMatch(match);    //设置轮询状态匹配位
 1099   1          QSPI_SetPollingInterval(clks);  //设置轮询周期
 1100   1          QSPI_PollingMatchAND();         //设置轮询匹配模式
 1101   1          QSPI_PollingAutoStop();         //设置轮询相匹配时自动停止轮询
 1102   1          QSPI_SetDataLength(0);          //设置数据长度
 1103   1          QSPI_SetDummyCycles(0);         //设置DUMMY时钟
 1104   1          QSPI_InstructionQuadMode();     //设置指令为四线模式
 1105   1          QSPI_NoAddress();               //无地址字节
 1106   1              QSPI_NoAlternate();             //无间隔字节
 1107   1          QSPI_DataQuadMode();            //设置数据为四线模式
 1108   1          QSPI_SetInstruction(cmd);       //设置指令
C251 COMPILER V5.60.0,  QSPI                                                               31/10/25  09:30:43  PAGE 18  

 1109   1          QSPI_SetPollingMode();          //轮询模式
 1110   1      
 1111   1          while (!QSPI_CheckMatch());     //等到轮询完成
 1112   1          QSPI_ClearMatch();              //清除轮询完成标志
 1113   1      
 1114   1          while (QSPI_CheckFIFOLevel())   //清空FIFO
 1115   1              QSPI_ReadData();
 1116   1      }
 1117          
 1118          void QSPI_DMA_READ(BYTE *pdat, WORD datalen)
 1119          {
 1120   1          DMA_QSPI_AMT = datalen-1;       //设置DMA数据长度
 1121   1          DMA_QSPI_AMTH = (datalen-1) >> 8;
 1122   1          DMA_QSPI_RXAH = (WORD)pdat >> 8;//设置DMA的存储器起始地址
 1123   1          DMA_QSPI_RXAL = (BYTE)pdat;     //设置DMA的存储器起始地址
 1124   1          DMA_QSPI_STA = 0x00;            //清除DMA状态
 1125   1          DMA_QSPI_CFG = 0x20;            //使能DMA读取操作
 1126   1          DMA_QSPI_CR = 0xa1;             //启动DMA并触发QSPI读操作
 1127   1          while (!(DMA_QSPI_STA & 0x01)); //等待DMA操作完成
 1128   1          DMA_QSPI_STA = 0x00;            //清除DMA状态
 1129   1          DMA_QSPI_CFG = 0x00;
 1130   1          DMA_QSPI_CR = 0x00;
 1131   1          QSPI_ClearTransfer();           //清除传输完成标志
 1132   1      }
 1133          
 1134          void QSPI_DMA_WRITE(BYTE *pdat, WORD datalen)
 1135          {
 1136   1          DMA_QSPI_AMT = datalen-1;       //设置DMA数据长度
 1137   1          DMA_QSPI_AMTH = (datalen-1) >> 8;
 1138   1          DMA_QSPI_TXAH = (WORD)pdat >> 8;//设置DMA的存储器起始地址
 1139   1          DMA_QSPI_TXAL = (BYTE)pdat;     //设置DMA的存储器起始地址
 1140   1          DMA_QSPI_STA = 0x00;            //清除DMA状态
 1141   1          DMA_QSPI_CFG = 0x40;            //使能DMA写操作
 1142   1          DMA_QSPI_CR = 0xc2;             //启动DMA并触发QSPI写操作
 1143   1          while (!(DMA_QSPI_STA & 0x01)); //等待DMA操作完成
 1144   1          DMA_QSPI_STA = 0x00;            //清除DMA状态
 1145   1          DMA_QSPI_CFG = 0x00;
 1146   1          DMA_QSPI_CR = 0x00;
 1147   1          QSPI_ClearTransfer();           //清除传输完成标志
 1148   1      }


Module Information          Static   Overlayable
------------------------------------------------
  code size            =     10624     ------
  ecode size           =    ------     ------
  data size            =    ------         48
  idata size           =    ------     ------
  pdata size           =    ------     ------
  xdata size           =    ------     ------
  xdata-const size     =    ------     ------
  edata size           =    ------     ------
  bit size             =    ------     ------
  ebit size            =    ------     ------
  bitaddressable size  =    ------     ------
  ebitaddressable size =    ------     ------
  far data size        =    ------     ------
  huge data size       =    ------     ------
  const size           =    ------     ------
  hconst size          =    ------     ------
End of Module Information.


C251 COMPILATION COMPLETE.  0 WARNING(S),  0 ERROR(S)
