C251 COMPILER V5.60.0,  State_Machine                                                      03/03/26  16:23:13  PAGE 1   


C251 COMPILER V5.60.0, COMPILATION OF MODULE State_Machine
OBJECT MODULE PLACED IN .\Objects\State_Machine.obj
COMPILER INVOKED BY: D:\Keil_v5\C251\BIN\C251.EXE ..\Motor\State_Machine.c XSMALL INTR2 ROM(HUGE) BROWSE INCDIR(..\LIB;.
                    -.\Motor) DEBUG PRINT(.\Listings\State_Machine.lst) OBJECT(.\Objects\State_Machine.obj) 

stmt  level    source

    1          #include "AI8051U.h"
    2          #include "State_Machine.h"
    3          #include "Motor.h"
    4          
    5          u8 xdata Motor_Run_Flag = 0;
    6          enum Motor_State xdata motor_state;             //榴檄샙든샙榴檄
    7          enum Fault_Flag xdata fault_flag;               //든샙댄轎쯤
    8          
    9          void State_Machine(void)
   10          {
   11   1              switch(motor_state)
   12   1              {
   13   2              case motor_init:
   14   2                  Parameter_Init();
   15   2                  break;
   16   2              case motor_idle:
   17   2                  
   18   2                              break;
   19   2                      case motor_start:
   20   2                              break;
   21   2                      case motor_run:
   22   2                              break;
   23   2                      case motor_fault:
   24   2                              break;
   25   2                      default:
   26   2                              break;
   27   2              }
   28   1      }
   29          
   30          void Motor_Start(void)
   31          {
   32   1              if(fault_flag == 0)
   33   1          {
   34   2              Motor_Run_Flag = 1;
   35   2          }
   36   1      }
   37          
   38          void Motor_Run(void)
   39          {
   40   1              
   41   1      }
   42          
   43          void Motor_Fault(void)
   44          {
   45   1                  
   46   1      }
   47          
   48          void Motor_Idle(void)
   49          {
   50   1              
   51   1      }
   52          
   53          void Motor_Run_Stop_Control(void)
   54          {
   55   1          
   56   1      //    motor_speed.target_speed = 0;
   57   1          
   58   1          if(Motor_Run_Flag == 0 && (PWMA_ENO | 0x15) != 0)
C251 COMPILER V5.60.0,  State_Machine                                                      03/03/26  16:23:13  PAGE 2   

   59   1          {
   60   2              PWMA_ENO &= ~0x15;  //혜땡PWM渴놔쐐痰
   61   2          }
   62   1          else if(Motor_Run_Flag == 1 && (PWMA_ENO | 0x15) == 0)
   63   1          {
   64   2              PWMA_ENO |= 0x15;   //혜땡PWM渴놔賈콘
   65   2          }
   66   1      }
   67          
   68          void Speed_Control_Singal_Detect(void)
   69          {
   70   1          
   71   1      }


Module Information          Static   Overlayable
------------------------------------------------
  code size            =    ------     ------
  ecode size           =        99     ------
  data size            =    ------     ------
  idata size           =    ------     ------
  pdata size           =    ------     ------
  xdata size           =         5     ------
  xdata-const size     =    ------     ------
  edata size           =    ------     ------
  bit size             =    ------     ------
  ebit size            =    ------     ------
  bitaddressable size  =    ------     ------
  ebitaddressable size =    ------     ------
  far data size        =    ------     ------
  huge data size       =    ------     ------
  const size           =    ------     ------
  hconst size          =         6     ------
End of Module Information.


C251 COMPILATION COMPLETE.  0 WARNING(S),  0 ERROR(S)
