C251 COMPILER V5.60.0,  task                                                               06/12/25  07:58:55  PAGE 1   


C251 COMPILER V5.60.0, COMPILATION OF MODULE task
OBJECT MODULE PLACED IN .\Objects\task.obj
COMPILER INVOKED BY: D:\Keil_v5\C251\BIN\C251.EXE ..\Motor\task.c INTR2 BROWSE INCDIR(..\LIB) DEBUG PRINT(.\Listings\tas
                    -k.lst) OBJECT(.\Objects\task.obj) 

stmt  level    source

    1          #include "task.h"
    2          #include "AI8051U.h"
    3          #include "SPI.h"
    4          
    5          void TM0_Isr() interrupt TMR0_VECTOR
    6          {
    7   1              
    8   1      }


Module Information          Static   Overlayable
------------------------------------------------
  code size            =         4     ------
  ecode size           =    ------     ------
  data size            =    ------     ------
  idata size           =    ------     ------
  pdata size           =    ------     ------
  xdata size           =    ------     ------
  xdata-const size     =    ------     ------
  edata size           =    ------     ------
  bit size             =    ------     ------
  ebit size            =    ------     ------
  bitaddressable size  =    ------     ------
  ebitaddressable size =    ------     ------
  far data size        =    ------     ------
  huge data size       =    ------     ------
  const size           =    ------     ------
  hconst size          =    ------     ------
End of Module Information.


C251 COMPILATION COMPLETE.  0 WARNING(S),  0 ERROR(S)
