C251 COMPILER V5.60.0,  Timer                                                              03/03/26  16:23:12  PAGE 1   


C251 COMPILER V5.60.0, COMPILATION OF MODULE Timer
OBJECT MODULE PLACED IN .\Objects\Timer.obj
COMPILER INVOKED BY: D:\Keil_v5\C251\BIN\C251.EXE ..\LIB\Timer.c XSMALL INTR2 ROM(HUGE) BROWSE INCDIR(..\LIB;..\Motor) D
                    -EBUG PRINT(.\Listings\Timer.lst) OBJECT(.\Objects\Timer.obj) 

stmt  level    source

    1          /*---------------------------------------------------------------------*/
    2          /* --- Web: www.STCAI.com ---------------------------------------------*/
    3          /*---------------------------------------------------------------------*/
    4          
    5          #include "Timer.h"
    6          
    7          //========================================================================
    8          // КЏЪ§: u8    Timer_Inilize(u8 TIM, TIM_InitTypeDef *TIMx)
    9          // УшЪі: ЖЈЪБЦїГѕЪМЛЏГЬађ.
   10          // ВЮЪ§: TIMx: НсЙЙВЮЪ§,ЧыВЮПМtimer.hРяЕФЖЈвх.
   11          // ЗЕЛи: ГЩЙІЗЕЛи SUCCESS, ДэЮѓЗЕЛи FAIL.
   12          // АцБО: V1.0, 2012-10-22
   13          //========================================================================
   14          u8 Timer_Inilize(u8 TIM, TIM_InitTypeDef xdata *TIMx)
   15          {
   16   1          if(TIM == Timer0)
   17   1          {
   18   2              Timer0_Stop();        //ЭЃжЙМЦЪ§
   19   2              if(TIMx->TIM_Mode > TIM_16BitAutoReloadNoMask)    return FAIL;    //ДэЮѓ
   20   2              TMOD = (TMOD & ~0x03) | TIMx->TIM_Mode;     //ЙЄзїФЃЪН,0: 16ЮЛздЖЏжизА, 1: 16ЮЛЖЈЪБ/МЦЪ§, 2: 8ЮЛз
             -дЖЏжизА, 3: ВЛПЩЦСБЮ16ЮЛздЖЏжизА
   21   2              if(TIMx->TIM_ClkMode > TIM_CLOCK_Ext)    return FAIL;
   22   2              Timer0_Mode_Select(TIMx->TIM_ClkMode);      //ЖдЭтМЦЪ§ЛђЗжЦЕ, ЖЈЪБ12T/1T
   23   2              Timer0_CLK_Output(TIMx->TIM_ClkOut);        //ЪфГіЪБжгЪЙФм
   24   2              T0_Load(TIMx->TIM_Value);
   25   2              TM0PS = TIMx->TIM_PS;
   26   2              Timer0_Run(TIMx->TIM_Run);
   27   2              return    SUCCESS;        //ГЩЙІ
   28   2          }
   29   1      
   30   1          if(TIM == Timer1)
   31   1          {
   32   2              Timer1_Stop();        //ЭЃжЙМЦЪ§
   33   2              if(TIMx->TIM_Mode > TIM_16BitAutoReloadNoMask)    return FAIL;    //ДэЮѓ
   34   2              TMOD = (TMOD & ~0x30) | (TIMx->TIM_Mode << 4);    //ЙЄзїФЃЪН,0: 16ЮЛздЖЏжизА, 1: 16ЮЛЖЈЪБ/МЦЪ§, 2
             -: 8ЮЛздЖЏжизА, 3: ЭЃжЙЙЄзї
   35   2              if(TIMx->TIM_ClkMode > TIM_CLOCK_Ext)    return FAIL;
   36   2              Timer1_Mode_Select(TIMx->TIM_ClkMode);      //ЖдЭтМЦЪ§ЛђЗжЦЕ, ЖЈЪБ12T/1T
   37   2              Timer1_CLK_Output(TIMx->TIM_ClkOut);        //ЪфГіЪБжгЪЙФм
   38   2              T1_Load(TIMx->TIM_Value);
   39   2              TM1PS = TIMx->TIM_PS;
   40   2              Timer1_Run(TIMx->TIM_Run);
   41   2              return    SUCCESS;        //ГЩЙІ
   42   2          }
   43   1      
   44   1          if(TIM == Timer2)        //Timer2,ЙЬЖЈЮЊ16ЮЛздЖЏжизА, жаЖЯЮогХЯШМЖ
   45   1          {
   46   2              Timer2_Stop();    //ЭЃжЙМЦЪ§
   47   2              Timer2_Mode_Select(TIMx->TIM_ClkMode);      //ЖдЭтМЦЪ§ЛђЗжЦЕ, ЖЈЪБ12T/1T
   48   2              T2_Load(TIMx->TIM_Value);
   49   2              Timer2_CLK_Output(TIMx->TIM_ClkOut);        //ЪфГіЪБжгЪЙФм
   50   2      
   51   2              TM2PS = TIMx->TIM_PS;
   52   2              Timer2_Run(TIMx->TIM_Run);
   53   2              return    SUCCESS;        //ГЩЙІ
   54   2          }
   55   1      
   56   1          if(TIM == Timer3)        //Timer3,ЙЬЖЈЮЊ16ЮЛздЖЏжизА, жаЖЯЮогХЯШМЖ
C251 COMPILER V5.60.0,  Timer                                                              03/03/26  16:23:12  PAGE 2   

   57   1          {
   58   2              Timer3_Stop();    //ЭЃжЙМЦЪ§
   59   2              if(TIMx->TIM_ClkMode > TIM_CLOCK_Ext)    return FAIL;
   60   2              Timer3_Mode_Select(TIMx->TIM_ClkMode);      //ЖдЭтМЦЪ§ЛђЗжЦЕ, ЖЈЪБ12T/1T
   61   2              Timer3_CLK_Output(TIMx->TIM_ClkOut);        //ЪфГіЪБжгЪЙФм
   62   2      
   63   2              T3_Load(TIMx->TIM_Value);
   64   2              TM3PS = TIMx->TIM_PS;
   65   2              Timer3_Run(TIMx->TIM_Run);
   66   2              return    SUCCESS;        //ГЩЙІ
   67   2          }
   68   1      
   69   1          if(TIM == Timer4)        //Timer4,ЙЬЖЈЮЊ16ЮЛздЖЏжизА, жаЖЯЮогХЯШМЖ
   70   1          {
   71   2              Timer4_Stop();    //ЭЃжЙМЦЪ§
   72   2              if(TIMx->TIM_ClkMode > TIM_CLOCK_Ext)    return FAIL;
   73   2              Timer4_Mode_Select(TIMx->TIM_ClkMode);      //ЖдЭтМЦЪ§ЛђЗжЦЕ, ЖЈЪБ12T/1T
   74   2              Timer4_CLK_Output(TIMx->TIM_ClkOut);        //ЪфГіЪБжгЪЙФм
   75   2      
   76   2              T4_Load(TIMx->TIM_Value);
   77   2              TM4PS = TIMx->TIM_PS;
   78   2              Timer4_Run(TIMx->TIM_Run);
   79   2              return    SUCCESS;        //ГЩЙІ
   80   2          }
   81   1      
   82   1          if(TIM == Timer11)        //Timer11,ЙЬЖЈЮЊ16ЮЛздЖЏжизА, жаЖЯЮогХЯШМЖ
   83   1          {
   84   2              Timer11_Stop();    //ЭЃжЙМЦЪ§
   85   2              if(TIMx->TIM_ClkMode > TIM_CLOCK_Ext)    return FAIL;
   86   2              Timer11_Mode_Select(TIMx->TIM_ClkMode);     //ЖдЭтМЦЪ§ЛђЗжЦЕ, ЖЈЪБ12T/1T
   87   2              Timer11_CLK_Output(TIMx->TIM_ClkOut);       //ЪфГіЪБжгЪЙФм
   88   2      
   89   2              T11_Load(TIMx->TIM_Value);
   90   2              T11PS = TIMx->TIM_PS;
   91   2              
   92   2              if(TIMx->TIM_ClkSource > TIM_SOURCE_LIRC)
   93   2              {
   94   3                  return FAIL;
   95   3              }
   96   2              else
   97   2              {
   98   3                  if(TIMx->TIM_ClkSource == TIM_SOURCE_X32K)
   99   3                  {
  100   4                      X32KCR = 0x80 + 0x40;   //ЦєЖЏЭтВП32KОЇеё, ЕЭдівц+0x00, Ипдівц+0x40.
  101   4                      while (!(X32KCR & 1));  //ЕШД§ЪБжгЮШЖЈ
  102   4                  }
  103   3                  Timer11_CLK_Select(TIMx->TIM_ClkSource);
  104   3              }
  105   2      
  106   2              Timer11_Run(TIMx->TIM_Run);
  107   2              return    SUCCESS;        //ГЩЙІ
  108   2          }
  109   1          return FAIL;    //ДэЮѓ
  110   1      }
  111          
  112          void Timer_Init()
  113          {
  114   1          /*
  115   1          u8    TIM_Mode;       //ЙЄзїФЃЪН,      TIM_16BitAutoReload,TIM_16Bit,TIM_8BitAutoReload,TIM_16BitAuto
             -ReloadNoMask
  116   1          u8    TIM_ClkMode;    //ФЃЪНбЁдё       TIM_CLOCK_1T,TIM_CLOCK_12T,TIM_CLOCK_Ext
  117   1          u8    TIM_ClkSource;  //ЪБжгдД         TIM_SOURCE_SYSCLK,TIM_SOURCE_HIRC,TIM_SOURCE_X32K,TIM_SOURCE_L
             -IRC
  118   1          u8    TIM_ClkOut;     //ЖЈЪБЦїЪБжгЪфГі, ENABLE,DISABLE
  119   1          u16   TIM_Value;      //зАдиГѕжЕ
  120   1          u8    TIM_PS;         //8ЮЛдЄЗжЦЕЦї
C251 COMPILER V5.60.0,  Timer                                                              03/03/26  16:23:12  PAGE 3   

  121   1          u8    TIM_Run;        //ЪЧЗёдЫаа        ENABLE,DISABLE
  122   1          */
  123   1          //ХфжУвЛИі1msЖЈЪБ
  124   1          TIM_InitTypeDef xdata TIM_Structure;
  125   1          TIM_Structure.TIM_Mode = TIM_16BitAutoReload;   //ЙЄзїФЃЪН
  126   1          TIM_Structure.TIM_ClkMode = TIM_CLOCK_1T;       //ЖЈЪБЦїЪБжгдДЗжЦЕ
  127   1          TIM_Structure.TIM_ClkSource = TIM_SOURCE_LIRC;  //ЖЈЪБЦїЪБжгдД
  128   1          TIM_Structure.TIM_PS = 111;                     //дЄЗжЦЕ
  129   1          TIM_Structure.TIM_Value = 65535 - 30030;        //дЄзАдиГѕжЕ   40MHz / 12 / 111 = 30030
  130   1          TIM_Structure.TIM_ClkOut = ENABLE;
  131   1          TIM_Structure.TIM_Run = ENABLE;
  132   1          
  133   1          Timer_Inilize(Timer11, &TIM_Structure);
  134   1      }
  135          


Module Information          Static   Overlayable
------------------------------------------------
  code size            =    ------     ------
  ecode size           =      1231     ------
  data size            =    ------     ------
  idata size           =    ------     ------
  pdata size           =    ------     ------
  xdata size           =    ------          8
  xdata-const size     =    ------     ------
  edata size           =    ------     ------
  bit size             =    ------     ------
  ebit size            =    ------     ------
  bitaddressable size  =    ------     ------
  ebitaddressable size =    ------     ------
  far data size        =    ------     ------
  huge data size       =    ------     ------
  const size           =    ------     ------
  hconst size          =    ------     ------
End of Module Information.


C251 COMPILATION COMPLETE.  0 WARNING(S),  0 ERROR(S)
