C251 COMPILER V5.60.0,  WDT                                                                05/03/26  11:30:51  PAGE 1   


C251 COMPILER V5.60.0, COMPILATION OF MODULE WDT
OBJECT MODULE PLACED IN .\Objects\WDT.obj
COMPILER INVOKED BY: D:\Keil_v5\C251\BIN\C251.EXE ..\LIB\WDT.c XSMALL INTR2 ROM(HUGE) BROWSE INCDIR(..\LIB;..\Motor) DEB
                    -UG PRINT(.\Listings\WDT.lst) OBJECT(.\Objects\WDT.obj) 

stmt  level    source

    1          /*---------------------------------------------------------------------*/
    2          /* --- Web: www.STCAI.com ---------------------------------------------*/
    3          /*---------------------------------------------------------------------*/
    4          
    5          #include "WDT.h"
    6          
    7          //========================================================================
    8          // КЏЪ§: void WDT_Inilize(WDT_InitTypeDef *WDT)
    9          // УшЪі: ПДУХЙЗГѕЪМЛЏГЬађ.
   10          // ВЮЪ§: WDT: НсЙЙВЮЪ§,ЧыВЮПМWDT.hРяЕФЖЈвх.
   11          // ЗЕЛи: none.
   12          // АцБО: V1.0, 2020-09-16
   13          //========================================================================
   14          void WDT_Inilize(WDT_InitTypeDef *WDT)
   15          {
   16   1              if(WDT->WDT_Enable == ENABLE)           EN_WDT = 1;     //ЪЙФмПДУХЙЗ
   17   1      
   18   1              WDT_PS_Set(WDT->WDT_PS);        //ПДУХЙЗЖЈЪБЦїЪБжгЗжЦЕЯЕЪ§              WDT_SCALE_2,WDT_SCALE_4,WDT_SCALE_8,WDT_SCALE_16,WD
             -T_SCALE_32,WDT_SCALE_64,WDT_SCALE_128,WDT_SCALE_256
   19   1              if(WDT->WDT_IDLE_Mode == WDT_IDLE_STOP) IDL_WDT = 0;    //IDLEФЃЪНЭЃжЙМЦЪ§
   20   1              else                                                                    IDL_WDT = 1;    //IDLEФЃЪНМЬајМЦЪ§
   21   1      }
   22          
   23          /********************* ЧхГ§ПДУХЙЗКЏЪ§ *************************/
   24          void WDT_Clear (void)
   25          {
   26   1              CLR_WDT = 1;    // ЮЙЙЗ
   27   1      }


Module Information          Static   Overlayable
------------------------------------------------
  code size            =    ------     ------
  ecode size           =        42     ------
  data size            =    ------     ------
  idata size           =    ------     ------
  pdata size           =    ------     ------
  xdata size           =    ------     ------
  xdata-const size     =    ------     ------
  edata size           =    ------     ------
  bit size             =    ------     ------
  ebit size            =    ------     ------
  bitaddressable size  =    ------     ------
  ebitaddressable size =    ------     ------
  far data size        =    ------     ------
  huge data size       =    ------     ------
  const size           =    ------     ------
  hconst size          =    ------     ------
End of Module Information.


C251 COMPILATION COMPLETE.  0 WARNING(S),  0 ERROR(S)
