Build target 'Target_1'
compiling DMA.c...
compiling Init.c...
compiling main.c...
compiling Motor.c...
compiling Foc.c...
compiling interrpt.c...
compiling State_Machine.c...
compiling Protect.c...
linking...
*** ERROR L127: UNRESOLVED EXTERNAL SYMBOL
    SYMBOL:  set_pwm_duty
    MODULE:  .\Objects\PWM.obj (PWM)

*** ERROR L128: REFERENCE MADE TO UNRESOLVED EXTERNAL
    SYMBOL:  set_pwm_duty
    MODULE:  .\Objects\PWM.obj (PWM)
    ADDRESS: FF024CH

Program Size: data=8.3 edata+hdata=555 xdata=1213 const=489 code=39563
Target not created.
Build Time Elapsed:  00:00:01
